<?xml version="1.0" encoding="UTF-8"?>
<coverage generated="1782494887972" clover="3.2.0">
  <project timestamp="1782494887972" name="All files">
    <metrics statements="328" coveredstatements="318" conditionals="158" coveredconditionals="140" methods="119" coveredmethods="114" elements="605" coveredelements="572" complexity="0" loc="328" ncloc="328" packages="3" files="6" classes="6"/>
    <package name="core.services">
      <metrics statements="188" coveredstatements="181" conditionals="86" coveredconditionals="74" methods="52" coveredmethods="50"/>
      <file name="blockService.ts" path="D:\comind\comind\src\core\services\blockService.ts">
        <metrics statements="87" coveredstatements="80" conditionals="42" coveredconditionals="32" methods="24" coveredmethods="22"/>
        <line num="35" count="26" type="stmt"/>
        <line num="42" count="109" type="stmt"/>
        <line num="49" count="12" type="stmt"/>
        <line num="56" count="2" type="stmt"/>
        <line num="63" count="2" type="stmt"/>
        <line num="70" count="44" type="cond" truecount="2" falsecount="0"/>
        <line num="72" count="44" type="stmt"/>
        <line num="83" count="4" type="stmt"/>
        <line num="90" count="5" type="stmt"/>
        <line num="91" count="5" type="cond" truecount="2" falsecount="0"/>
        <line num="94" count="4" type="stmt"/>
        <line num="95" count="4" type="stmt"/>
        <line num="96" count="2" type="stmt"/>
        <line num="100" count="4" type="stmt"/>
        <line num="107" count="4" type="stmt"/>
        <line num="108" count="4" type="stmt"/>
        <line num="111" count="4" type="stmt"/>
        <line num="112" count="8" type="stmt"/>
        <line num="120" count="4" type="stmt"/>
        <line num="121" count="4" type="stmt"/>
        <line num="122" count="8" type="stmt"/>
        <line num="123" count="8" type="cond" truecount="2" falsecount="0"/>
        <line num="124" count="4" type="stmt"/>
        <line num="126" count="4" type="stmt"/>
        <line num="127" count="4" type="cond" truecount="2" falsecount="0"/>
        <line num="128" count="3" type="stmt"/>
        <line num="131" count="1" type="stmt"/>
        <line num="137" count="4" type="stmt"/>
        <line num="138" count="12" type="stmt"/>
        <line num="139" count="12" type="stmt"/>
        <line num="140" count="8" type="stmt"/>
        <line num="143" count="4" type="stmt"/>
        <line num="145" count="4" type="stmt"/>
        <line num="152" count="4" type="stmt"/>
        <line num="153" count="4" type="cond" truecount="1" falsecount="1"/>
        <line num="157" count="4" type="cond" truecount="2" falsecount="0"/>
        <line num="158" count="1" type="stmt"/>
        <line num="159" count="1" type="stmt"/>
        <line num="160" count="1" type="stmt"/>
        <line num="161" count="0" type="stmt"/>
        <line num="163" count="1" type="stmt"/>
        <line num="164" count="1" type="cond" truecount="1" falsecount="1"/>
        <line num="165" count="0" type="stmt"/>
        <line num="166" count="1" type="cond" truecount="1" falsecount="1"/>
        <line num="167" count="1" type="stmt"/>
        <line num="169" count="0" type="stmt"/>
        <line num="172" count="3" type="stmt"/>
        <line num="173" count="3" type="stmt"/>
        <line num="174" count="2" type="stmt"/>
        <line num="175" count="1" type="stmt"/>
        <line num="176" count="3" type="cond" truecount="2" falsecount="0"/>
        <line num="180" count="4" type="stmt"/>
        <line num="186" count="4" type="stmt"/>
        <line num="193" count="2" type="stmt"/>
        <line num="194" count="2" type="cond" truecount="1" falsecount="1"/>
        <line num="196" count="2" type="stmt"/>
        <line num="197" count="3" type="stmt"/>
        <line num="198" count="2" type="cond" truecount="2" falsecount="0"/>
        <line num="200" count="1" type="stmt"/>
        <line num="201" count="1" type="stmt"/>
        <line num="208" count="2" type="stmt"/>
        <line num="209" count="2" type="cond" truecount="4" falsecount="0"/>
        <line num="211" count="1" type="stmt"/>
        <line num="212" count="1" type="cond" truecount="1" falsecount="1"/>
        <line num="214" count="1" type="stmt"/>
        <line num="223" count="4" type="stmt"/>
        <line num="224" count="4" type="cond" truecount="2" falsecount="0"/>
        <line num="227" count="2" type="stmt"/>
        <line num="228" count="2" type="stmt"/>
        <line num="230" count="2" type="stmt"/>
        <line num="231" count="2" type="stmt"/>
        <line num="232" count="2" type="cond" truecount="1" falsecount="1"/>
        <line num="233" count="0" type="stmt"/>
        <line num="234" count="0" type="stmt"/>
        <line num="238" count="2" type="cond" truecount="1" falsecount="1"/>
        <line num="239" count="0" type="stmt"/>
        <line num="240" count="0" type="cond" truecount="0" falsecount="2"/>
        <line num="248" count="3" type="stmt"/>
        <line num="249" count="3" type="cond" truecount="2" falsecount="0"/>
        <line num="251" count="2" type="stmt"/>
        <line num="252" count="2" type="stmt"/>
        <line num="254" count="2" type="stmt"/>
        <line num="255" count="2" type="stmt"/>
        <line num="256" count="2" type="cond" truecount="1" falsecount="1"/>
        <line num="257" count="2" type="stmt"/>
        <line num="258" count="2" type="stmt"/>
        <line num="261" count="2" type="stmt"/>
      </file>
      <file name="linkService.ts" path="D:\comind\comind\src\core\services\linkService.ts">
        <metrics statements="28" coveredstatements="28" conditionals="12" coveredconditionals="12" methods="12" coveredmethods="12"/>
        <line num="29" count="16" type="stmt"/>
        <line num="36" count="46" type="stmt"/>
        <line num="43" count="2" type="stmt"/>
        <line num="50" count="10" type="stmt"/>
        <line num="57" count="1" type="stmt"/>
        <line num="64" count="15" type="stmt"/>
        <line num="71" count="1" type="stmt"/>
        <line num="72" count="1" type="stmt"/>
        <line num="73" count="1" type="stmt"/>
        <line num="74" count="3" type="stmt"/>
        <line num="75" count="3" type="stmt"/>
        <line num="77" count="1" type="stmt"/>
        <line num="85" count="2" type="stmt"/>
        <line num="96" count="6" type="stmt"/>
        <line num="97" count="6" type="stmt"/>
        <line num="99" count="6" type="stmt"/>
        <line num="100" count="6" type="stmt"/>
        <line num="101" count="9" type="cond" truecount="2" falsecount="0"/>
        <line num="102" count="8" type="cond" truecount="2" falsecount="0"/>
        <line num="103" count="9" type="cond" truecount="2" falsecount="0"/>
        <line num="104" count="7" type="stmt"/>
        <line num="112" count="6" type="stmt"/>
        <line num="114" count="6" type="stmt"/>
        <line num="115" count="2" type="cond" truecount="2" falsecount="0"/>
        <line num="116" count="1" type="stmt"/>
        <line num="121" count="6" type="stmt"/>
        <line num="122" count="7" type="cond" truecount="2" falsecount="0"/>
        <line num="123" count="6" type="stmt"/>
      </file>
      <file name="propertyService.ts" path="D:\comind\comind\src\core\services\propertyService.ts">
        <metrics statements="51" coveredstatements="51" conditionals="28" coveredconditionals="27" methods="12" coveredmethods="12"/>
        <line num="41" count="34" type="stmt"/>
        <line num="48" count="70" type="stmt"/>
        <line num="55" count="10" type="stmt"/>
        <line num="62" count="3" type="stmt"/>
        <line num="77" count="20" type="stmt"/>
        <line num="78" count="20" type="cond" truecount="2" falsecount="0"/>
        <line num="79" count="1" type="stmt"/>
        <line num="83" count="19" type="stmt"/>
        <line num="85" count="19" type="stmt"/>
        <line num="97" count="3" type="stmt"/>
        <line num="104" count="2" type="stmt"/>
        <line num="114" count="52" type="cond" truecount="2" falsecount="0"/>
        <line num="115" count="3" type="stmt"/>
        <line num="118" count="49" type="cond" truecount="2" falsecount="0"/>
        <line num="119" count="4" type="stmt"/>
        <line num="122" count="45" type="cond" truecount="2" falsecount="0"/>
        <line num="123" count="1" type="stmt"/>
        <line num="126" count="44" type="cond" truecount="1" falsecount="1"/>
        <line num="128" count="44" type="cond" truecount="2" falsecount="0"/>
        <line num="129" count="1" type="stmt"/>
        <line num="131" count="43" type="cond" truecount="2" falsecount="0"/>
        <line num="132" count="1" type="stmt"/>
        <line num="135" count="42" type="cond" truecount="2" falsecount="0"/>
        <line num="136" count="2" type="stmt"/>
        <line num="138" count="40" type="cond" truecount="2" falsecount="0"/>
        <line num="139" count="1" type="stmt"/>
        <line num="142" count="39" type="stmt"/>
        <line num="143" count="39" type="cond" truecount="4" falsecount="0"/>
        <line num="144" count="4" type="stmt"/>
        <line num="148" count="35" type="stmt"/>
        <line num="160" count="13" type="stmt"/>
        <line num="161" count="13" type="stmt"/>
        <line num="164" count="13" type="stmt"/>
        <line num="165" count="15" type="stmt"/>
        <line num="166" count="15" type="stmt"/>
        <line num="167" count="15" type="stmt"/>
        <line num="168" count="15" type="stmt"/>
        <line num="171" count="13" type="stmt"/>
        <line num="180" count="4" type="stmt"/>
        <line num="181" count="4" type="stmt"/>
        <line num="182" count="4" type="stmt"/>
        <line num="184" count="4" type="stmt"/>
        <line num="186" count="4" type="stmt"/>
        <line num="187" count="3" type="cond" truecount="2" falsecount="0"/>
        <line num="188" count="1" type="stmt"/>
        <line num="193" count="4" type="stmt"/>
        <line num="194" count="7" type="stmt"/>
        <line num="195" count="7" type="cond" truecount="2" falsecount="0"/>
        <line num="196" count="2" type="stmt"/>
        <line num="198" count="5" type="stmt"/>
        <line num="199" count="5" type="stmt"/>
      </file>
      <file name="tagService.ts" path="D:\comind\comind\src\core\services\tagService.ts">
        <metrics statements="22" coveredstatements="22" conditionals="4" coveredconditionals="3" methods="4" coveredmethods="4"/>
        <line num="17" count="1" type="stmt"/>
        <line num="22" count="1" type="stmt"/>
        <line num="44" count="19" type="stmt"/>
        <line num="47" count="19" type="stmt"/>
        <line num="49" count="19" type="stmt"/>
        <line num="50" count="21" type="stmt"/>
        <line num="51" count="21" type="stmt"/>
        <line num="54" count="21" type="stmt"/>
        <line num="55" count="42" type="stmt"/>
        <line num="57" count="21" type="cond" truecount="1" falsecount="1"/>
        <line num="59" count="21" type="stmt"/>
        <line num="66" count="19" type="stmt"/>
        <line num="76" count="6" type="stmt"/>
        <line num="77" count="6" type="stmt"/>
        <line num="79" count="6" type="stmt"/>
        <line num="81" count="10" type="cond" truecount="2" falsecount="0"/>
        <line num="82" count="5" type="stmt"/>
        <line num="83" count="5" type="stmt"/>
        <line num="84" count="11" type="stmt"/>
        <line num="87" count="5" type="stmt"/>
        <line num="91" count="6" type="stmt"/>
        <line num="101" count="6" type="stmt"/>
      </file>
    </package>
    <package name="core.storage">
      <metrics statements="136" coveredstatements="133" conditionals="70" coveredconditionals="64" methods="65" coveredmethods="62"/>
      <file name="memoryAdapter.ts" path="D:\comind\comind\src\core\storage\memoryAdapter.ts">
        <metrics statements="136" coveredstatements="133" conditionals="70" coveredconditionals="64" methods="65" coveredmethods="62"/>
        <line num="38" count="114" type="stmt"/>
        <line num="41" count="32" type="stmt"/>
        <line num="45" count="13" type="stmt"/>
        <line num="49" count="18" type="stmt"/>
        <line num="50" count="48" type="stmt"/>
        <line num="51" count="10" type="stmt"/>
        <line num="55" count="4" type="stmt"/>
        <line num="59" count="2" type="stmt"/>
        <line num="60" count="2" type="stmt"/>
        <line num="64" count="66" type="stmt"/>
        <line num="65" count="66" type="stmt"/>
        <line num="77" count="66" type="stmt"/>
        <line num="78" count="66" type="stmt"/>
        <line num="82" count="8" type="stmt"/>
        <line num="83" count="8" type="cond" truecount="1" falsecount="1"/>
        <line num="84" count="8" type="stmt"/>
        <line num="89" count="8" type="stmt"/>
        <line num="90" count="8" type="stmt"/>
        <line num="94" count="4" type="stmt"/>
        <line num="98" count="1" type="stmt"/>
        <line num="99" count="3" type="cond" truecount="2" falsecount="0"/>
        <line num="100" count="2" type="stmt"/>
        <line num="106" count="2" type="stmt"/>
        <line num="107" count="5" type="stmt"/>
        <line num="108" count="5" type="cond" truecount="2" falsecount="0"/>
        <line num="109" count="4" type="stmt"/>
        <line num="110" count="4" type="stmt"/>
        <line num="117" count="114" type="stmt"/>
        <line num="120" count="4" type="stmt"/>
        <line num="124" count="2" type="stmt"/>
        <line num="128" count="2" type="stmt"/>
        <line num="132" count="1" type="stmt"/>
        <line num="133" count="1" type="stmt"/>
        <line num="137" count="2" type="stmt"/>
        <line num="138" count="4" type="stmt"/>
        <line num="139" count="1" type="stmt"/>
        <line num="144" count="2" type="stmt"/>
        <line num="145" count="2" type="stmt"/>
        <line num="146" count="2" type="stmt"/>
        <line num="150" count="20" type="stmt"/>
        <line num="151" count="20" type="stmt"/>
        <line num="167" count="20" type="stmt"/>
        <line num="168" count="20" type="stmt"/>
        <line num="172" count="1" type="stmt"/>
        <line num="173" count="1" type="cond" truecount="1" falsecount="1"/>
        <line num="174" count="1" type="stmt"/>
        <line num="175" count="1" type="stmt"/>
        <line num="176" count="1" type="stmt"/>
        <line num="180" count="6" type="stmt"/>
        <line num="181" count="6" type="cond" truecount="1" falsecount="1"/>
        <line num="182" count="6" type="stmt"/>
        <line num="183" count="6" type="stmt"/>
        <line num="188" count="1" type="stmt"/>
        <line num="189" count="1" type="cond" truecount="1" falsecount="1"/>
        <line num="190" count="1" type="stmt"/>
        <line num="191" count="1" type="stmt"/>
        <line num="196" count="1" type="stmt"/>
        <line num="200" count="1" type="stmt"/>
        <line num="201" count="2" type="cond" truecount="1" falsecount="1"/>
        <line num="202" count="2" type="stmt"/>
        <line num="209" count="114" type="stmt"/>
        <line num="212" count="2" type="stmt"/>
        <line num="216" count="16" type="stmt"/>
        <line num="220" count="5" type="stmt"/>
        <line num="224" count="1" type="stmt"/>
        <line num="225" count="1" type="stmt"/>
        <line num="229" count="33" type="stmt"/>
        <line num="238" count="33" type="stmt"/>
        <line num="239" count="33" type="stmt"/>
        <line num="243" count="2" type="stmt"/>
        <line num="244" count="2" type="cond" truecount="2" falsecount="0"/>
        <line num="245" count="1" type="stmt"/>
        <line num="246" count="1" type="stmt"/>
        <line num="247" count="1" type="stmt"/>
        <line num="251" count="1" type="stmt"/>
        <line num="255" count="2" type="stmt"/>
        <line num="256" count="4" type="cond" truecount="2" falsecount="0"/>
        <line num="257" count="3" type="stmt"/>
        <line num="263" count="1" type="stmt"/>
        <line num="264" count="3" type="cond" truecount="2" falsecount="0"/>
        <line num="265" count="2" type="stmt"/>
        <line num="272" count="114" type="stmt"/>
        <line num="275" count="0" type="stmt"/>
        <line num="279" count="2" type="stmt"/>
        <line num="283" count="1" type="stmt"/>
        <line num="287" count="4" type="stmt"/>
        <line num="294" count="4" type="stmt"/>
        <line num="295" count="4" type="stmt"/>
        <line num="299" count="2" type="stmt"/>
        <line num="300" count="2" type="cond" truecount="2" falsecount="0"/>
        <line num="301" count="1" type="stmt"/>
        <line num="302" count="1" type="stmt"/>
        <line num="303" count="1" type="stmt"/>
        <line num="307" count="0" type="stmt"/>
        <line num="312" count="114" type="stmt"/>
        <line num="315" count="0" type="stmt"/>
        <line num="319" count="48" type="stmt"/>
        <line num="320" count="43" type="cond" truecount="2" falsecount="0"/>
        <line num="321" count="12" type="stmt"/>
        <line num="325" count="28" type="stmt"/>
        <line num="326" count="14" type="cond" truecount="3" falsecount="0"/>
        <line num="330" count="2" type="stmt"/>
        <line num="331" count="2" type="stmt"/>
        <line num="335" count="33" type="stmt"/>
        <line num="336" count="33" type="stmt"/>
        <line num="337" count="33" type="stmt"/>
        <line num="350" count="33" type="stmt"/>
        <line num="351" count="33" type="stmt"/>
        <line num="355" count="6" type="stmt"/>
        <line num="356" count="6" type="cond" truecount="2" falsecount="0"/>
        <line num="357" count="5" type="stmt"/>
        <line num="358" count="5" type="stmt"/>
        <line num="359" count="5" type="stmt"/>
        <line num="363" count="2" type="stmt"/>
        <line num="364" count="2" type="cond" truecount="2" falsecount="0"/>
        <line num="365" count="1" type="stmt"/>
        <line num="367" count="1" type="stmt"/>
        <line num="371" count="2" type="stmt"/>
        <line num="372" count="2" type="cond" truecount="1" falsecount="1"/>
        <line num="373" count="2" type="stmt"/>
        <line num="374" count="2" type="stmt"/>
        <line num="379" count="2" type="stmt"/>
        <line num="380" count="4" type="cond" truecount="2" falsecount="0"/>
        <line num="381" count="3" type="stmt"/>
        <line num="382" count="3" type="stmt"/>
        <line num="388" count="3" type="stmt"/>
        <line num="389" count="3" type="cond" truecount="2" falsecount="0"/>
        <line num="390" count="2" type="stmt"/>
        <line num="391" count="2" type="stmt"/>
        <line num="403" count="114" type="stmt"/>
        <line num="404" count="114" type="stmt"/>
        <line num="405" count="114" type="stmt"/>
        <line num="406" count="114" type="stmt"/>
        <line num="407" count="114" type="stmt"/>
        <line num="411" count="13" type="stmt"/>
        <line num="419" count="1" type="stmt"/>
      </file>
    </package>
    <package name="utils">
      <metrics statements="4" coveredstatements="4" conditionals="2" coveredconditionals="2" methods="2" coveredmethods="2"/>
      <file name="id.ts" path="D:\comind\comind\src\utils\id.ts">
        <metrics statements="4" coveredstatements="4" conditionals="2" coveredconditionals="2" methods="2" coveredmethods="2"/>
        <line num="5" count="156" type="stmt"/>
        <line num="6" count="4836" type="stmt"/>
        <line num="7" count="4836" type="cond" truecount="2" falsecount="0"/>
        <line num="8" count="4836" type="stmt"/>
      </file>
    </package>
  </project>
</coverage>
