{"D:\\comind\\comind\\src\\core\\services\\blockService.ts": {"path":"D:\\comind\\comind\\src\\core\\services\\blockService.ts","statementMap":{"0":{"start":{"line":35,"column":4},"end":{"line":35,"column":null}},"1":{"start":{"line":42,"column":4},"end":{"line":42,"column":null}},"2":{"start":{"line":49,"column":4},"end":{"line":49,"column":null}},"3":{"start":{"line":56,"column":4},"end":{"line":56,"column":null}},"4":{"start":{"line":63,"column":4},"end":{"line":63,"column":null}},"5":{"start":{"line":70,"column":21},"end":{"line":70,"column":null}},"6":{"start":{"line":72,"column":4},"end":{"line":76,"column":null}},"7":{"start":{"line":83,"column":4},"end":{"line":83,"column":null}},"8":{"start":{"line":90,"column":18},"end":{"line":90,"column":52}},"9":{"start":{"line":91,"column":4},"end":{"line":91,"column":null}},"10":{"start":{"line":91,"column":16},"end":{"line":91,"column":null}},"11":{"start":{"line":94,"column":21},"end":{"line":94,"column":61}},"12":{"start":{"line":95,"column":4},"end":{"line":96,"column":null}},"13":{"start":{"line":96,"column":6},"end":{"line":96,"column":null}},"14":{"start":{"line":100,"column":4},"end":{"line":100,"column":null}},"15":{"start":{"line":107,"column":19},"end":{"line":107,"column":61}},"16":{"start":{"line":108,"column":21},"end":{"line":108,"column":48}},"17":{"start":{"line":111,"column":4},"end":{"line":116,"column":null}},"18":{"start":{"line":112,"column":6},"end":{"line":116,"column":null}},"19":{"start":{"line":120,"column":30},"end":{"line":120,"column":32}},"20":{"start":{"line":121,"column":4},"end":{"line":131,"column":null}},"21":{"start":{"line":122,"column":19},"end":{"line":122,"column":41}},"22":{"start":{"line":123,"column":6},"end":{"line":131,"column":null}},"23":{"start":{"line":124,"column":8},"end":{"line":124,"column":null}},"24":{"start":{"line":126,"column":23},"end":{"line":126,"column":51}},"25":{"start":{"line":127,"column":8},"end":{"line":131,"column":null}},"26":{"start":{"line":128,"column":10},"end":{"line":128,"column":null}},"27":{"start":{"line":131,"column":10},"end":{"line":131,"column":null}},"28":{"start":{"line":137,"column":10},"end":{"line":140,"column":null}},"29":{"start":{"line":138,"column":6},"end":{"line":138,"column":null}},"30":{"start":{"line":138,"column":27},"end":{"line":138,"column":53}},"31":{"start":{"line":139,"column":6},"end":{"line":140,"column":null}},"32":{"start":{"line":140,"column":8},"end":{"line":140,"column":null}},"33":{"start":{"line":143,"column":4},"end":{"line":143,"column":null}},"34":{"start":{"line":145,"column":4},"end":{"line":145,"column":null}},"35":{"start":{"line":152,"column":18},"end":{"line":152,"column":57}},"36":{"start":{"line":153,"column":4},"end":{"line":153,"column":null}},"37":{"start":{"line":153,"column":16},"end":{"line":153,"column":null}},"38":{"start":{"line":157,"column":4},"end":{"line":176,"column":null}},"39":{"start":{"line":158,"column":23},"end":{"line":158,"column":72}},"40":{"start":{"line":159,"column":29},"end":{"line":161,"column":38}},"41":{"start":{"line":160,"column":21},"end":{"line":160,"column":38}},"42":{"start":{"line":161,"column":24},"end":{"line":161,"column":38}},"43":{"start":{"line":163,"column":25},"end":{"line":163,"column":77}},"44":{"start":{"line":163,"column":55},"end":{"line":163,"column":77}},"45":{"start":{"line":164,"column":6},"end":{"line":169,"column":null}},"46":{"start":{"line":165,"column":8},"end":{"line":165,"column":null}},"47":{"start":{"line":166,"column":17},"end":{"line":169,"column":null}},"48":{"start":{"line":167,"column":8},"end":{"line":167,"column":null}},"49":{"start":{"line":169,"column":8},"end":{"line":169,"column":null}},"50":{"start":{"line":172,"column":23},"end":{"line":172,"column":72}},"51":{"start":{"line":173,"column":21},"end":{"line":175,"column":52}},"52":{"start":{"line":174,"column":21},"end":{"line":174,"column":38}},"53":{"start":{"line":175,"column":28},"end":{"line":175,"column":48}},"54":{"start":{"line":176,"column":6},"end":{"line":176,"column":null}},"55":{"start":{"line":180,"column":4},"end":{"line":183,"column":null}},"56":{"start":{"line":186,"column":4},"end":{"line":186,"column":null}},"57":{"start":{"line":193,"column":18},"end":{"line":193,"column":57}},"58":{"start":{"line":194,"column":4},"end":{"line":194,"column":null}},"59":{"start":{"line":194,"column":16},"end":{"line":194,"column":null}},"60":{"start":{"line":196,"column":21},"end":{"line":196,"column":73}},"61":{"start":{"line":197,"column":18},"end":{"line":197,"column":59}},"62":{"start":{"line":197,"column":42},"end":{"line":197,"column":59}},"63":{"start":{"line":198,"column":4},"end":{"line":198,"column":null}},"64":{"start":{"line":198,"column":20},"end":{"line":198,"column":null}},"65":{"start":{"line":200,"column":24},"end":{"line":200,"column":null}},"66":{"start":{"line":201,"column":4},"end":{"line":201,"column":null}},"67":{"start":{"line":208,"column":18},"end":{"line":208,"column":57}},"68":{"start":{"line":209,"column":4},"end":{"line":209,"column":null}},"69":{"start":{"line":209,"column":35},"end":{"line":209,"column":null}},"70":{"start":{"line":211,"column":19},"end":{"line":211,"column":65}},"71":{"start":{"line":212,"column":4},"end":{"line":212,"column":null}},"72":{"start":{"line":212,"column":17},"end":{"line":212,"column":null}},"73":{"start":{"line":214,"column":4},"end":{"line":214,"column":null}},"74":{"start":{"line":223,"column":21},"end":{"line":223,"column":67}},"75":{"start":{"line":224,"column":4},"end":{"line":224,"column":null}},"76":{"start":{"line":224,"column":29},"end":{"line":224,"column":null}},"77":{"start":{"line":227,"column":19},"end":{"line":227,"column":57}},"78":{"start":{"line":227,"column":43},"end":{"line":227,"column":57}},"79":{"start":{"line":228,"column":25},"end":{"line":228,"column":null}},"80":{"start":{"line":230,"column":4},"end":{"line":234,"column":null}},"81":{"start":{"line":230,"column":17},"end":{"line":230,"column":20}},"82":{"start":{"line":231,"column":18},"end":{"line":231,"column":null}},"83":{"start":{"line":232,"column":6},"end":{"line":234,"column":null}},"84":{"start":{"line":233,"column":8},"end":{"line":233,"column":null}},"85":{"start":{"line":234,"column":8},"end":{"line":234,"column":null}},"86":{"start":{"line":238,"column":4},"end":{"line":240,"column":null}},"87":{"start":{"line":239,"column":23},"end":{"line":239,"column":44}},"88":{"start":{"line":239,"column":39},"end":{"line":239,"column":44}},"89":{"start":{"line":240,"column":6},"end":{"line":240,"column":null}},"90":{"start":{"line":248,"column":18},"end":{"line":248,"column":57}},"91":{"start":{"line":249,"column":4},"end":{"line":249,"column":null}},"92":{"start":{"line":249,"column":16},"end":{"line":249,"column":null}},"93":{"start":{"line":251,"column":31},"end":{"line":251,"column":33}},"94":{"start":{"line":252,"column":37},"end":{"line":252,"column":null}},"95":{"start":{"line":254,"column":4},"end":{"line":258,"column":null}},"96":{"start":{"line":255,"column":21},"end":{"line":255,"column":69}},"97":{"start":{"line":256,"column":6},"end":{"line":256,"column":null}},"98":{"start":{"line":256,"column":19},"end":{"line":256,"column":null}},"99":{"start":{"line":257,"column":6},"end":{"line":257,"column":null}},"100":{"start":{"line":258,"column":6},"end":{"line":258,"column":null}},"101":{"start":{"line":261,"column":4},"end":{"line":264,"column":null}}},"fnMap":{"0":{"name":"(anonymous_0)","decl":{"start":{"line":34,"column":2},"end":{"line":34,"column":14}},"loc":{"start":{"line":34,"column":44},"end":{"line":35,"column":null}},"line":34},"1":{"name":"(anonymous_1)","decl":{"start":{"line":41,"column":6},"end":{"line":41,"column":36}},"loc":{"start":{"line":41,"column":36},"end":{"line":42,"column":null}},"line":41},"2":{"name":"(anonymous_2)","decl":{"start":{"line":48,"column":8},"end":{"line":48,"column":16}},"loc":{"start":{"line":48,"column":56},"end":{"line":49,"column":null}},"line":48},"3":{"name":"(anonymous_3)","decl":{"start":{"line":55,"column":8},"end":{"line":55,"column":20}},"loc":{"start":{"line":55,"column":54},"end":{"line":56,"column":null}},"line":55},"4":{"name":"(anonymous_4)","decl":{"start":{"line":62,"column":8},"end":{"line":62,"column":20}},"loc":{"start":{"line":62,"column":63},"end":{"line":63,"column":null}},"line":62},"5":{"name":"(anonymous_5)","decl":{"start":{"line":69,"column":8},"end":{"line":69,"column":15}},"loc":{"start":{"line":69,"column":60},"end":{"line":76,"column":null}},"line":69},"6":{"name":"(anonymous_6)","decl":{"start":{"line":82,"column":8},"end":{"line":82,"column":15}},"loc":{"start":{"line":82,"column":72},"end":{"line":83,"column":null}},"line":82},"7":{"name":"(anonymous_7)","decl":{"start":{"line":89,"column":8},"end":{"line":89,"column":15}},"loc":{"start":{"line":89,"column":42},"end":{"line":100,"column":null}},"line":89},"8":{"name":"(anonymous_8)","decl":{"start":{"line":106,"column":8},"end":{"line":106,"column":18}},"loc":{"start":{"line":106,"column":55},"end":{"line":145,"column":null}},"line":106},"9":{"name":"(anonymous_9)","decl":{"start":{"line":137,"column":10},"end":{"line":137,"column":23}},"loc":{"start":{"line":137,"column":45},"end":{"line":140,"column":null}},"line":137},"10":{"name":"(anonymous_10)","decl":{"start":{"line":138,"column":12},"end":{"line":138,"column":18}},"loc":{"start":{"line":138,"column":27},"end":{"line":138,"column":53}},"line":138},"11":{"name":"(anonymous_11)","decl":{"start":{"line":151,"column":8},"end":{"line":151,"column":13}},"loc":{"start":{"line":151,"column":96},"end":{"line":186,"column":null}},"line":151},"12":{"name":"(anonymous_12)","decl":{"start":{"line":160,"column":9},"end":{"line":160,"column":16}},"loc":{"start":{"line":160,"column":21},"end":{"line":160,"column":38}},"line":160},"13":{"name":"(anonymous_13)","decl":{"start":{"line":161,"column":9},"end":{"line":161,"column":15}},"loc":{"start":{"line":161,"column":24},"end":{"line":161,"column":38}},"line":161},"14":{"name":"(anonymous_14)","decl":{"start":{"line":163,"column":40},"end":{"line":163,"column":50}},"loc":{"start":{"line":163,"column":55},"end":{"line":163,"column":77}},"line":163},"15":{"name":"(anonymous_15)","decl":{"start":{"line":174,"column":9},"end":{"line":174,"column":16}},"loc":{"start":{"line":174,"column":21},"end":{"line":174,"column":38}},"line":174},"16":{"name":"(anonymous_16)","decl":{"start":{"line":175,"column":9},"end":{"line":175,"column":17}},"loc":{"start":{"line":175,"column":28},"end":{"line":175,"column":48}},"line":175},"17":{"name":"(anonymous_17)","decl":{"start":{"line":192,"column":8},"end":{"line":192,"column":15}},"loc":{"start":{"line":192,"column":47},"end":{"line":201,"column":null}},"line":192},"18":{"name":"(anonymous_18)","decl":{"start":{"line":197,"column":27},"end":{"line":197,"column":37}},"loc":{"start":{"line":197,"column":42},"end":{"line":197,"column":59}},"line":197},"19":{"name":"(anonymous_19)","decl":{"start":{"line":207,"column":8},"end":{"line":207,"column":16}},"loc":{"start":{"line":207,"column":48},"end":{"line":214,"column":null}},"line":207},"20":{"name":"(anonymous_20)","decl":{"start":{"line":222,"column":16},"end":{"line":222,"column":34}},"loc":{"start":{"line":222,"column":74},"end":{"line":240,"column":null}},"line":222},"21":{"name":"(anonymous_21)","decl":{"start":{"line":227,"column":28},"end":{"line":227,"column":34}},"loc":{"start":{"line":227,"column":43},"end":{"line":227,"column":57}},"line":227},"22":{"name":"(anonymous_22)","decl":{"start":{"line":239,"column":30},"end":{"line":239,"column":34}},"loc":{"start":{"line":239,"column":39},"end":{"line":239,"column":44}},"line":239},"23":{"name":"(anonymous_23)","decl":{"start":{"line":247,"column":8},"end":{"line":247,"column":21}},"loc":{"start":{"line":247,"column":65},"end":{"line":264,"column":null}},"line":247}},"branchMap":{"0":{"loc":{"start":{"line":70,"column":21},"end":{"line":70,"column":null}},"type":"binary-expr","locations":[{"start":{"line":70,"column":21},"end":{"line":70,"column":41}},{"start":{"line":70,"column":41},"end":{"line":70,"column":null}}],"line":70},"1":{"loc":{"start":{"line":75,"column":12},"end":{"line":75,"column":null}},"type":"binary-expr","locations":[{"start":{"line":75,"column":12},"end":{"line":75,"column":28}},{"start":{"line":75,"column":28},"end":{"line":75,"column":null}}],"line":75},"2":{"loc":{"start":{"line":91,"column":4},"end":{"line":91,"column":null}},"type":"if","locations":[{"start":{"line":91,"column":4},"end":{"line":91,"column":null}},{"start":{},"end":{}}],"line":91},"3":{"loc":{"start":{"line":123,"column":6},"end":{"line":131,"column":null}},"type":"if","locations":[{"start":{"line":123,"column":6},"end":{"line":131,"column":null}},{"start":{"line":125,"column":13},"end":{"line":131,"column":null}}],"line":123},"4":{"loc":{"start":{"line":127,"column":8},"end":{"line":131,"column":null}},"type":"if","locations":[{"start":{"line":127,"column":8},"end":{"line":131,"column":null}},{"start":{"line":129,"column":15},"end":{"line":131,"column":null}}],"line":127},"5":{"loc":{"start":{"line":153,"column":4},"end":{"line":153,"column":null}},"type":"if","locations":[{"start":{"line":153,"column":4},"end":{"line":153,"column":null}},{"start":{},"end":{}}],"line":153},"6":{"loc":{"start":{"line":157,"column":4},"end":{"line":176,"column":null}},"type":"if","locations":[{"start":{"line":157,"column":4},"end":{"line":176,"column":null}},{"start":{"line":171,"column":11},"end":{"line":176,"column":null}}],"line":157},"7":{"loc":{"start":{"line":164,"column":6},"end":{"line":169,"column":null}},"type":"if","locations":[{"start":{"line":164,"column":6},"end":{"line":169,"column":null}},{"start":{"line":166,"column":17},"end":{"line":169,"column":null}}],"line":164},"8":{"loc":{"start":{"line":166,"column":17},"end":{"line":169,"column":null}},"type":"if","locations":[{"start":{"line":166,"column":17},"end":{"line":169,"column":null}},{"start":{"line":168,"column":13},"end":{"line":169,"column":null}}],"line":166},"9":{"loc":{"start":{"line":176,"column":15},"end":{"line":176,"column":null}},"type":"cond-expr","locations":[{"start":{"line":176,"column":30},"end":{"line":176,"column":37}},{"start":{"line":176,"column":37},"end":{"line":176,"column":null}}],"line":176},"10":{"loc":{"start":{"line":194,"column":4},"end":{"line":194,"column":null}},"type":"if","locations":[{"start":{"line":194,"column":4},"end":{"line":194,"column":null}},{"start":{},"end":{}}],"line":194},"11":{"loc":{"start":{"line":198,"column":4},"end":{"line":198,"column":null}},"type":"if","locations":[{"start":{"line":198,"column":4},"end":{"line":198,"column":null}},{"start":{},"end":{}}],"line":198},"12":{"loc":{"start":{"line":209,"column":4},"end":{"line":209,"column":null}},"type":"if","locations":[{"start":{"line":209,"column":4},"end":{"line":209,"column":null}},{"start":{},"end":{}}],"line":209},"13":{"loc":{"start":{"line":209,"column":8},"end":{"line":209,"column":35}},"type":"binary-expr","locations":[{"start":{"line":209,"column":8},"end":{"line":209,"column":18}},{"start":{"line":209,"column":18},"end":{"line":209,"column":35}}],"line":209},"14":{"loc":{"start":{"line":212,"column":4},"end":{"line":212,"column":null}},"type":"if","locations":[{"start":{"line":212,"column":4},"end":{"line":212,"column":null}},{"start":{},"end":{}}],"line":212},"15":{"loc":{"start":{"line":224,"column":4},"end":{"line":224,"column":null}},"type":"if","locations":[{"start":{"line":224,"column":4},"end":{"line":224,"column":null}},{"start":{},"end":{}}],"line":224},"16":{"loc":{"start":{"line":232,"column":6},"end":{"line":234,"column":null}},"type":"if","locations":[{"start":{"line":232,"column":6},"end":{"line":234,"column":null}},{"start":{},"end":{}}],"line":232},"17":{"loc":{"start":{"line":238,"column":4},"end":{"line":240,"column":null}},"type":"if","locations":[{"start":{"line":238,"column":4},"end":{"line":240,"column":null}},{"start":{},"end":{}}],"line":238},"18":{"loc":{"start":{"line":240,"column":36},"end":{"line":240,"column":54}},"type":"binary-expr","locations":[{"start":{"line":240,"column":36},"end":{"line":240,"column":48}},{"start":{"line":240,"column":48},"end":{"line":240,"column":54}}],"line":240},"19":{"loc":{"start":{"line":249,"column":4},"end":{"line":249,"column":null}},"type":"if","locations":[{"start":{"line":249,"column":4},"end":{"line":249,"column":null}},{"start":{},"end":{}}],"line":249},"20":{"loc":{"start":{"line":256,"column":6},"end":{"line":256,"column":null}},"type":"if","locations":[{"start":{"line":256,"column":6},"end":{"line":256,"column":null}},{"start":{},"end":{}}],"line":256}},"s":{"0":26,"1":109,"2":12,"3":2,"4":2,"5":44,"6":44,"7":4,"8":5,"9":5,"10":1,"11":4,"12":4,"13":2,"14":4,"15":4,"16":4,"17":4,"18":8,"19":4,"20":4,"21":8,"22":8,"23":4,"24":4,"25":4,"26":3,"27":1,"28":4,"29":12,"30":3,"31":12,"32":8,"33":4,"34":4,"35":4,"36":4,"37":0,"38":4,"39":1,"40":1,"41":1,"42":0,"43":1,"44":1,"45":1,"46":0,"47":1,"48":1,"49":0,"50":3,"51":3,"52":2,"53":1,"54":3,"55":4,"56":4,"57":2,"58":2,"59":0,"60":2,"61":2,"62":3,"63":2,"64":1,"65":1,"66":1,"67":2,"68":2,"69":1,"70":1,"71":1,"72":0,"73":1,"74":4,"75":4,"76":2,"77":2,"78":2,"79":2,"80":2,"81":2,"82":2,"83":2,"84":0,"85":0,"86":2,"87":0,"88":0,"89":0,"90":3,"91":3,"92":1,"93":2,"94":2,"95":2,"96":2,"97":2,"98":0,"99":2,"100":2,"101":2},"f":{"0":26,"1":109,"2":12,"3":2,"4":2,"5":44,"6":4,"7":5,"8":4,"9":12,"10":3,"11":4,"12":1,"13":0,"14":1,"15":2,"16":1,"17":2,"18":3,"19":2,"20":4,"21":2,"22":0,"23":3},"b":{"0":[44,25],"1":[44,1],"2":[1,4],"3":[4,4],"4":[3,1],"5":[0,4],"6":[1,3],"7":[0,1],"8":[1,0],"9":[2,1],"10":[0,2],"11":[1,1],"12":[1,1],"13":[2,2],"14":[0,1],"15":[2,2],"16":[0,2],"17":[0,2],"18":[0,0],"19":[1,2],"20":[0,2]},"meta":{"lastBranch":21,"lastFunction":24,"lastStatement":102,"seen":{"f:34:2:34:14":0,"s:35:4:35:Infinity":0,"f:41:6:41:36":1,"s:42:4:42:Infinity":1,"f:48:8:48:16":2,"s:49:4:49:Infinity":2,"f:55:8:55:20":3,"s:56:4:56:Infinity":3,"f:62:8:62:20":4,"s:63:4:63:Infinity":4,"f:69:8:69:15":5,"s:70:21:70:Infinity":5,"b:70:21:70:41:70:41:70:Infinity":0,"s:72:4:76:Infinity":6,"b:75:12:75:28:75:28:75:Infinity":1,"f:82:8:82:15":6,"s:83:4:83:Infinity":7,"f:89:8:89:15":7,"s:90:18:90:52":8,"b:91:4:91:Infinity:undefined:undefined:undefined:undefined":2,"s:91:4:91:Infinity":9,"s:91:16:91:Infinity":10,"s:94:21:94:61":11,"s:95:4:96:Infinity":12,"s:96:6:96:Infinity":13,"s:100:4:100:Infinity":14,"f:106:8:106:18":8,"s:107:19:107:61":15,"s:108:21:108:48":16,"s:111:4:116:Infinity":17,"s:112:6:116:Infinity":18,"s:120:30:120:32":19,"s:121:4:131:Infinity":20,"s:122:19:122:41":21,"b:123:6:131:Infinity:125:13:131:Infinity":3,"s:123:6:131:Infinity":22,"s:124:8:124:Infinity":23,"s:126:23:126:51":24,"b:127:8:131:Infinity:129:15:131:Infinity":4,"s:127:8:131:Infinity":25,"s:128:10:128:Infinity":26,"s:131:10:131:Infinity":27,"s:137:10:140:Infinity":28,"f:137:10:137:23":9,"s:138:6:138:Infinity":29,"f:138:12:138:18":10,"s:138:27:138:53":30,"s:139:6:140:Infinity":31,"s:140:8:140:Infinity":32,"s:143:4:143:Infinity":33,"s:145:4:145:Infinity":34,"f:151:8:151:13":11,"s:152:18:152:57":35,"b:153:4:153:Infinity:undefined:undefined:undefined:undefined":5,"s:153:4:153:Infinity":36,"s:153:16:153:Infinity":37,"b:157:4:176:Infinity:171:11:176:Infinity":6,"s:157:4:176:Infinity":38,"s:158:23:158:72":39,"s:159:29:161:38":40,"f:160:9:160:16":12,"s:160:21:160:38":41,"f:161:9:161:15":13,"s:161:24:161:38":42,"s:163:25:163:77":43,"f:163:40:163:50":14,"s:163:55:163:77":44,"b:164:6:169:Infinity:166:17:169:Infinity":7,"s:164:6:169:Infinity":45,"s:165:8:165:Infinity":46,"b:166:17:169:Infinity:168:13:169:Infinity":8,"s:166:17:169:Infinity":47,"s:167:8:167:Infinity":48,"s:169:8:169:Infinity":49,"s:172:23:172:72":50,"s:173:21:175:52":51,"f:174:9:174:16":15,"s:174:21:174:38":52,"f:175:9:175:17":16,"s:175:28:175:48":53,"s:176:6:176:Infinity":54,"b:176:30:176:37:176:37:176:Infinity":9,"s:180:4:183:Infinity":55,"s:186:4:186:Infinity":56,"f:192:8:192:15":17,"s:193:18:193:57":57,"b:194:4:194:Infinity:undefined:undefined:undefined:undefined":10,"s:194:4:194:Infinity":58,"s:194:16:194:Infinity":59,"s:196:21:196:73":60,"s:197:18:197:59":61,"f:197:27:197:37":18,"s:197:42:197:59":62,"b:198:4:198:Infinity:undefined:undefined:undefined:undefined":11,"s:198:4:198:Infinity":63,"s:198:20:198:Infinity":64,"s:200:24:200:Infinity":65,"s:201:4:201:Infinity":66,"f:207:8:207:16":19,"s:208:18:208:57":67,"b:209:4:209:Infinity:undefined:undefined:undefined:undefined":12,"s:209:4:209:Infinity":68,"b:209:8:209:18:209:18:209:35":13,"s:209:35:209:Infinity":69,"s:211:19:211:65":70,"b:212:4:212:Infinity:undefined:undefined:undefined:undefined":14,"s:212:4:212:Infinity":71,"s:212:17:212:Infinity":72,"s:214:4:214:Infinity":73,"f:222:16:222:34":20,"s:223:21:223:67":74,"b:224:4:224:Infinity:undefined:undefined:undefined:undefined":15,"s:224:4:224:Infinity":75,"s:224:29:224:Infinity":76,"s:227:19:227:57":77,"f:227:28:227:34":21,"s:227:43:227:57":78,"s:228:25:228:Infinity":79,"s:230:4:234:Infinity":80,"s:230:17:230:20":81,"s:231:18:231:Infinity":82,"b:232:6:234:Infinity:undefined:undefined:undefined:undefined":16,"s:232:6:234:Infinity":83,"s:233:8:233:Infinity":84,"s:234:8:234:Infinity":85,"b:238:4:240:Infinity:undefined:undefined:undefined:undefined":17,"s:238:4:240:Infinity":86,"s:239:23:239:44":87,"f:239:30:239:34":22,"s:239:39:239:44":88,"s:240:6:240:Infinity":89,"b:240:36:240:48:240:48:240:54":18,"f:247:8:247:21":23,"s:248:18:248:57":90,"b:249:4:249:Infinity:undefined:undefined:undefined:undefined":19,"s:249:4:249:Infinity":91,"s:249:16:249:Infinity":92,"s:251:31:251:33":93,"s:252:37:252:Infinity":94,"s:254:4:258:Infinity":95,"s:255:21:255:69":96,"b:256:6:256:Infinity:undefined:undefined:undefined:undefined":20,"s:256:6:256:Infinity":97,"s:256:19:256:Infinity":98,"s:257:6:257:Infinity":99,"s:258:6:258:Infinity":100,"s:261:4:264:Infinity":101}}}
,"D:\\comind\\comind\\src\\core\\services\\linkService.ts": {"path":"D:\\comind\\comind\\src\\core\\services\\linkService.ts","statementMap":{"0":{"start":{"line":29,"column":4},"end":{"line":29,"column":null}},"1":{"start":{"line":36,"column":4},"end":{"line":36,"column":null}},"2":{"start":{"line":43,"column":4},"end":{"line":43,"column":null}},"3":{"start":{"line":50,"column":4},"end":{"line":50,"column":null}},"4":{"start":{"line":57,"column":4},"end":{"line":57,"column":null}},"5":{"start":{"line":64,"column":4},"end":{"line":64,"column":null}},"6":{"start":{"line":71,"column":4},"end":{"line":78,"column":null}},"7":{"start":{"line":72,"column":28},"end":{"line":72,"column":30}},"8":{"start":{"line":73,"column":6},"end":{"line":75,"column":null}},"9":{"start":{"line":74,"column":21},"end":{"line":74,"column":58}},"10":{"start":{"line":75,"column":8},"end":{"line":75,"column":null}},"11":{"start":{"line":77,"column":6},"end":{"line":77,"column":null}},"12":{"start":{"line":85,"column":4},"end":{"line":85,"column":null}},"13":{"start":{"line":96,"column":26},"end":{"line":96,"column":76}},"14":{"start":{"line":97,"column":24},"end":{"line":97,"column":98}},"15":{"start":{"line":97,"column":55},"end":{"line":97,"column":96}},"16":{"start":{"line":99,"column":19},"end":{"line":99,"column":55}},"17":{"start":{"line":100,"column":4},"end":{"line":108,"column":null}},"18":{"start":{"line":101,"column":6},"end":{"line":101,"column":null}},"19":{"start":{"line":101,"column":29},"end":{"line":101,"column":null}},"20":{"start":{"line":102,"column":18},"end":{"line":102,"column":null}},"21":{"start":{"line":103,"column":6},"end":{"line":108,"column":null}},"22":{"start":{"line":104,"column":8},"end":{"line":108,"column":null}},"23":{"start":{"line":112,"column":4},"end":{"line":126,"column":null}},"24":{"start":{"line":114,"column":6},"end":{"line":116,"column":null}},"25":{"start":{"line":115,"column":8},"end":{"line":116,"column":null}},"26":{"start":{"line":116,"column":10},"end":{"line":116,"column":null}},"27":{"start":{"line":121,"column":6},"end":{"line":123,"column":null}},"28":{"start":{"line":122,"column":8},"end":{"line":123,"column":null}},"29":{"start":{"line":123,"column":10},"end":{"line":123,"column":null}}},"fnMap":{"0":{"name":"(anonymous_0)","decl":{"start":{"line":28,"column":2},"end":{"line":28,"column":14}},"loc":{"start":{"line":28,"column":43},"end":{"line":29,"column":null}},"line":28},"1":{"name":"(anonymous_1)","decl":{"start":{"line":35,"column":6},"end":{"line":35,"column":35}},"loc":{"start":{"line":35,"column":35},"end":{"line":36,"column":null}},"line":35},"2":{"name":"(anonymous_2)","decl":{"start":{"line":42,"column":8},"end":{"line":42,"column":16}},"loc":{"start":{"line":42,"column":55},"end":{"line":43,"column":null}},"line":42},"3":{"name":"(anonymous_3)","decl":{"start":{"line":49,"column":8},"end":{"line":49,"column":27}},"loc":{"start":{"line":49,"column":61},"end":{"line":50,"column":null}},"line":49},"4":{"name":"(anonymous_4)","decl":{"start":{"line":56,"column":8},"end":{"line":56,"column":21}},"loc":{"start":{"line":56,"column":54},"end":{"line":57,"column":null}},"line":56},"5":{"name":"(anonymous_5)","decl":{"start":{"line":63,"column":8},"end":{"line":63,"column":15}},"loc":{"start":{"line":63,"column":58},"end":{"line":64,"column":null}},"line":63},"6":{"name":"(anonymous_6)","decl":{"start":{"line":70,"column":8},"end":{"line":70,"column":19}},"loc":{"start":{"line":70,"column":70},"end":{"line":78,"column":null}},"line":70},"7":{"name":"(anonymous_7)","decl":{"start":{"line":71,"column":36},"end":{"line":71,"column":48}},"loc":{"start":{"line":71,"column":48},"end":{"line":78,"column":null}},"line":71},"8":{"name":"(anonymous_8)","decl":{"start":{"line":84,"column":8},"end":{"line":84,"column":30}},"loc":{"start":{"line":84,"column":62},"end":{"line":85,"column":null}},"line":84},"9":{"name":"(anonymous_9)","decl":{"start":{"line":95,"column":8},"end":{"line":95,"column":23}},"loc":{"start":{"line":95,"column":98},"end":{"line":126,"column":null}},"line":95},"10":{"name":"(anonymous_10)","decl":{"start":{"line":97,"column":46},"end":{"line":97,"column":50}},"loc":{"start":{"line":97,"column":55},"end":{"line":97,"column":96}},"line":97},"11":{"name":"(anonymous_11)","decl":{"start":{"line":112,"column":35},"end":{"line":112,"column":47}},"loc":{"start":{"line":112,"column":47},"end":{"line":126,"column":null}},"line":112}},"branchMap":{"0":{"loc":{"start":{"line":101,"column":6},"end":{"line":101,"column":null}},"type":"if","locations":[{"start":{"line":101,"column":6},"end":{"line":101,"column":null}},{"start":{},"end":{}}],"line":101},"1":{"loc":{"start":{"line":102,"column":38},"end":{"line":102,"column":null}},"type":"binary-expr","locations":[{"start":{"line":102,"column":38},"end":{"line":102,"column":60}},{"start":{"line":102,"column":60},"end":{"line":102,"column":null}}],"line":102},"2":{"loc":{"start":{"line":103,"column":6},"end":{"line":108,"column":null}},"type":"if","locations":[{"start":{"line":103,"column":6},"end":{"line":108,"column":null}},{"start":{},"end":{}}],"line":103},"3":{"loc":{"start":{"line":107,"column":23},"end":{"line":107,"column":null}},"type":"binary-expr","locations":[{"start":{"line":107,"column":23},"end":{"line":107,"column":45}},{"start":{"line":107,"column":45},"end":{"line":107,"column":null}}],"line":107},"4":{"loc":{"start":{"line":115,"column":8},"end":{"line":116,"column":null}},"type":"if","locations":[{"start":{"line":115,"column":8},"end":{"line":116,"column":null}},{"start":{},"end":{}}],"line":115},"5":{"loc":{"start":{"line":122,"column":8},"end":{"line":123,"column":null}},"type":"if","locations":[{"start":{"line":122,"column":8},"end":{"line":123,"column":null}},{"start":{},"end":{}}],"line":122}},"s":{"0":16,"1":46,"2":2,"3":10,"4":1,"5":15,"6":1,"7":1,"8":1,"9":3,"10":3,"11":1,"12":2,"13":6,"14":6,"15":2,"16":6,"17":6,"18":9,"19":1,"20":8,"21":9,"22":7,"23":6,"24":6,"25":2,"26":1,"27":6,"28":7,"29":6},"f":{"0":16,"1":46,"2":2,"3":10,"4":1,"5":15,"6":1,"7":1,"8":2,"9":6,"10":2,"11":6},"b":{"0":[1,8],"1":[8,2],"2":[7,2],"3":[7,2],"4":[1,1],"5":[6,1]},"meta":{"lastBranch":6,"lastFunction":12,"lastStatement":30,"seen":{"f:28:2:28:14":0,"s:29:4:29:Infinity":0,"f:35:6:35:35":1,"s:36:4:36:Infinity":1,"f:42:8:42:16":2,"s:43:4:43:Infinity":2,"f:49:8:49:27":3,"s:50:4:50:Infinity":3,"f:56:8:56:21":4,"s:57:4:57:Infinity":4,"f:63:8:63:15":5,"s:64:4:64:Infinity":5,"f:70:8:70:19":6,"s:71:4:78:Infinity":6,"f:71:36:71:48":7,"s:72:28:72:30":7,"s:73:6:75:Infinity":8,"s:74:21:74:58":9,"s:75:8:75:Infinity":10,"s:77:6:77:Infinity":11,"f:84:8:84:30":8,"s:85:4:85:Infinity":12,"f:95:8:95:23":9,"s:96:26:96:76":13,"s:97:24:97:98":14,"f:97:46:97:50":10,"s:97:55:97:96":15,"s:99:19:99:55":16,"s:100:4:108:Infinity":17,"b:101:6:101:Infinity:undefined:undefined:undefined:undefined":0,"s:101:6:101:Infinity":18,"s:101:29:101:Infinity":19,"s:102:18:102:Infinity":20,"b:102:38:102:60:102:60:102:Infinity":1,"b:103:6:108:Infinity:undefined:undefined:undefined:undefined":2,"s:103:6:108:Infinity":21,"s:104:8:108:Infinity":22,"b:107:23:107:45:107:45:107:Infinity":3,"s:112:4:126:Infinity":23,"f:112:35:112:47":11,"s:114:6:116:Infinity":24,"b:115:8:116:Infinity:undefined:undefined:undefined:undefined":4,"s:115:8:116:Infinity":25,"s:116:10:116:Infinity":26,"s:121:6:123:Infinity":27,"b:122:8:123:Infinity:undefined:undefined:undefined:undefined":5,"s:122:8:123:Infinity":28,"s:123:10:123:Infinity":29}}}
,"D:\\comind\\comind\\src\\core\\services\\propertyService.ts": {"path":"D:\\comind\\comind\\src\\core\\services\\propertyService.ts","statementMap":{"0":{"start":{"line":41,"column":4},"end":{"line":41,"column":null}},"1":{"start":{"line":48,"column":4},"end":{"line":48,"column":null}},"2":{"start":{"line":55,"column":4},"end":{"line":55,"column":null}},"3":{"start":{"line":62,"column":4},"end":{"line":62,"column":null}},"4":{"start":{"line":77,"column":21},"end":{"line":77,"column":66}},"5":{"start":{"line":78,"column":4},"end":{"line":79,"column":null}},"6":{"start":{"line":79,"column":6},"end":{"line":79,"column":null}},"7":{"start":{"line":83,"column":21},"end":{"line":83,"column":42}},"8":{"start":{"line":85,"column":4},"end":{"line":90,"column":null}},"9":{"start":{"line":97,"column":4},"end":{"line":97,"column":null}},"10":{"start":{"line":104,"column":4},"end":{"line":104,"column":null}},"11":{"start":{"line":114,"column":4},"end":{"line":115,"column":null}},"12":{"start":{"line":115,"column":6},"end":{"line":115,"column":null}},"13":{"start":{"line":118,"column":4},"end":{"line":119,"column":null}},"14":{"start":{"line":119,"column":6},"end":{"line":119,"column":null}},"15":{"start":{"line":122,"column":4},"end":{"line":123,"column":null}},"16":{"start":{"line":123,"column":6},"end":{"line":123,"column":null}},"17":{"start":{"line":126,"column":4},"end":{"line":144,"column":null}},"18":{"start":{"line":128,"column":6},"end":{"line":129,"column":null}},"19":{"start":{"line":129,"column":8},"end":{"line":129,"column":null}},"20":{"start":{"line":131,"column":6},"end":{"line":132,"column":null}},"21":{"start":{"line":132,"column":8},"end":{"line":132,"column":null}},"22":{"start":{"line":135,"column":6},"end":{"line":136,"column":null}},"23":{"start":{"line":136,"column":8},"end":{"line":136,"column":null}},"24":{"start":{"line":138,"column":6},"end":{"line":139,"column":null}},"25":{"start":{"line":139,"column":8},"end":{"line":139,"column":null}},"26":{"start":{"line":142,"column":18},"end":{"line":142,"column":31}},"27":{"start":{"line":143,"column":6},"end":{"line":144,"column":null}},"28":{"start":{"line":144,"column":8},"end":{"line":144,"column":null}},"29":{"start":{"line":148,"column":4},"end":{"line":148,"column":null}},"30":{"start":{"line":160,"column":44},"end":{"line":160,"column":46}},"31":{"start":{"line":161,"column":18},"end":{"line":161,"column":null}},"32":{"start":{"line":164,"column":4},"end":{"line":168,"column":null}},"33":{"start":{"line":165,"column":18},"end":{"line":165,"column":null}},"34":{"start":{"line":166,"column":23},"end":{"line":166,"column":38}},"35":{"start":{"line":167,"column":24},"end":{"line":167,"column":48}},"36":{"start":{"line":168,"column":6},"end":{"line":168,"column":null}},"37":{"start":{"line":171,"column":4},"end":{"line":171,"column":null}},"38":{"start":{"line":180,"column":29},"end":{"line":180,"column":58}},"39":{"start":{"line":181,"column":31},"end":{"line":181,"column":75}},"40":{"start":{"line":182,"column":24},"end":{"line":182,"column":72}},"41":{"start":{"line":182,"column":60},"end":{"line":182,"column":70}},"42":{"start":{"line":184,"column":4},"end":{"line":202,"column":null}},"43":{"start":{"line":186,"column":6},"end":{"line":188,"column":null}},"44":{"start":{"line":187,"column":8},"end":{"line":188,"column":null}},"45":{"start":{"line":188,"column":10},"end":{"line":188,"column":null}},"46":{"start":{"line":193,"column":6},"end":{"line":199,"column":null}},"47":{"start":{"line":194,"column":25},"end":{"line":194,"column":45}},"48":{"start":{"line":195,"column":8},"end":{"line":199,"column":null}},"49":{"start":{"line":196,"column":10},"end":{"line":196,"column":null}},"50":{"start":{"line":198,"column":27},"end":{"line":198,"column":48}},"51":{"start":{"line":199,"column":10},"end":{"line":199,"column":null}}},"fnMap":{"0":{"name":"(anonymous_0)","decl":{"start":{"line":40,"column":2},"end":{"line":40,"column":14}},"loc":{"start":{"line":40,"column":47},"end":{"line":41,"column":null}},"line":40},"1":{"name":"(anonymous_1)","decl":{"start":{"line":47,"column":6},"end":{"line":47,"column":39}},"loc":{"start":{"line":47,"column":39},"end":{"line":48,"column":null}},"line":47},"2":{"name":"(anonymous_2)","decl":{"start":{"line":54,"column":8},"end":{"line":54,"column":21}},"loc":{"start":{"line":54,"column":59},"end":{"line":55,"column":null}},"line":54},"3":{"name":"(anonymous_3)","decl":{"start":{"line":61,"column":8},"end":{"line":61,"column":17}},"loc":{"start":{"line":61,"column":78},"end":{"line":62,"column":null}},"line":61},"4":{"name":"(anonymous_4)","decl":{"start":{"line":70,"column":8},"end":{"line":70,"column":null}},"loc":{"start":{"line":75,"column":23},"end":{"line":90,"column":null}},"line":75},"5":{"name":"(anonymous_5)","decl":{"start":{"line":96,"column":8},"end":{"line":96,"column":23}},"loc":{"start":{"line":96,"column":68},"end":{"line":97,"column":null}},"line":96},"6":{"name":"(anonymous_6)","decl":{"start":{"line":103,"column":8},"end":{"line":103,"column":24}},"loc":{"start":{"line":103,"column":56},"end":{"line":104,"column":null}},"line":103},"7":{"name":"(anonymous_7)","decl":{"start":{"line":113,"column":2},"end":{"line":113,"column":12}},"loc":{"start":{"line":113,"column":47},"end":{"line":148,"column":null}},"line":113},"8":{"name":"(anonymous_8)","decl":{"start":{"line":159,"column":2},"end":{"line":159,"column":18}},"loc":{"start":{"line":159,"column":56},"end":{"line":171,"column":null}},"line":159},"9":{"name":"(anonymous_9)","decl":{"start":{"line":179,"column":8},"end":{"line":179,"column":28}},"loc":{"start":{"line":179,"column":77},"end":{"line":202,"column":null}},"line":179},"10":{"name":"(anonymous_10)","decl":{"start":{"line":182,"column":51},"end":{"line":182,"column":55}},"loc":{"start":{"line":182,"column":60},"end":{"line":182,"column":70}},"line":182},"11":{"name":"(anonymous_11)","decl":{"start":{"line":184,"column":35},"end":{"line":184,"column":47}},"loc":{"start":{"line":184,"column":47},"end":{"line":202,"column":null}},"line":184}},"branchMap":{"0":{"loc":{"start":{"line":78,"column":4},"end":{"line":79,"column":null}},"type":"if","locations":[{"start":{"line":78,"column":4},"end":{"line":79,"column":null}},{"start":{},"end":{}}],"line":78},"1":{"loc":{"start":{"line":89,"column":12},"end":{"line":89,"column":null}},"type":"binary-expr","locations":[{"start":{"line":89,"column":12},"end":{"line":89,"column":20}},{"start":{"line":89,"column":20},"end":{"line":89,"column":null}}],"line":89},"2":{"loc":{"start":{"line":114,"column":4},"end":{"line":115,"column":null}},"type":"if","locations":[{"start":{"line":114,"column":4},"end":{"line":115,"column":null}},{"start":{},"end":{}}],"line":114},"3":{"loc":{"start":{"line":118,"column":4},"end":{"line":119,"column":null}},"type":"if","locations":[{"start":{"line":118,"column":4},"end":{"line":119,"column":null}},{"start":{},"end":{}}],"line":118},"4":{"loc":{"start":{"line":122,"column":4},"end":{"line":123,"column":null}},"type":"if","locations":[{"start":{"line":122,"column":4},"end":{"line":123,"column":null}},{"start":{},"end":{}}],"line":122},"5":{"loc":{"start":{"line":126,"column":4},"end":{"line":144,"column":null}},"type":"if","locations":[{"start":{"line":126,"column":4},"end":{"line":144,"column":null}},{"start":{},"end":{}}],"line":126},"6":{"loc":{"start":{"line":128,"column":6},"end":{"line":129,"column":null}},"type":"if","locations":[{"start":{"line":128,"column":6},"end":{"line":129,"column":null}},{"start":{},"end":{}}],"line":128},"7":{"loc":{"start":{"line":131,"column":6},"end":{"line":132,"column":null}},"type":"if","locations":[{"start":{"line":131,"column":6},"end":{"line":132,"column":null}},{"start":{},"end":{}}],"line":131},"8":{"loc":{"start":{"line":135,"column":6},"end":{"line":136,"column":null}},"type":"if","locations":[{"start":{"line":135,"column":6},"end":{"line":136,"column":null}},{"start":{},"end":{}}],"line":135},"9":{"loc":{"start":{"line":138,"column":6},"end":{"line":139,"column":null}},"type":"if","locations":[{"start":{"line":138,"column":6},"end":{"line":139,"column":null}},{"start":{},"end":{}}],"line":138},"10":{"loc":{"start":{"line":143,"column":6},"end":{"line":144,"column":null}},"type":"if","locations":[{"start":{"line":143,"column":6},"end":{"line":144,"column":null}},{"start":{},"end":{}}],"line":143},"11":{"loc":{"start":{"line":143,"column":10},"end":{"line":143,"column":46}},"type":"binary-expr","locations":[{"start":{"line":143,"column":10},"end":{"line":143,"column":21}},{"start":{"line":143,"column":25},"end":{"line":143,"column":46}}],"line":143},"12":{"loc":{"start":{"line":187,"column":8},"end":{"line":188,"column":null}},"type":"if","locations":[{"start":{"line":187,"column":8},"end":{"line":188,"column":null}},{"start":{},"end":{}}],"line":187},"13":{"loc":{"start":{"line":195,"column":8},"end":{"line":199,"column":null}},"type":"if","locations":[{"start":{"line":195,"column":8},"end":{"line":199,"column":null}},{"start":{"line":197,"column":15},"end":{"line":199,"column":null}}],"line":195}},"s":{"0":34,"1":70,"2":10,"3":3,"4":20,"5":20,"6":1,"7":19,"8":19,"9":3,"10":2,"11":52,"12":3,"13":49,"14":4,"15":45,"16":1,"17":44,"18":44,"19":1,"20":43,"21":1,"22":42,"23":2,"24":40,"25":1,"26":39,"27":39,"28":4,"29":35,"30":13,"31":13,"32":13,"33":15,"34":15,"35":15,"36":15,"37":13,"38":4,"39":4,"40":4,"41":3,"42":4,"43":4,"44":3,"45":1,"46":4,"47":7,"48":7,"49":2,"50":5,"51":5},"f":{"0":34,"1":70,"2":10,"3":3,"4":20,"5":3,"6":2,"7":52,"8":13,"9":4,"10":3,"11":4},"b":{"0":[1,19],"1":[19,18],"2":[3,49],"3":[4,45],"4":[1,44],"5":[44,0],"6":[1,43],"7":[1,42],"8":[2,40],"9":[1,39],"10":[4,35],"11":[39,5],"12":[1,2],"13":[2,5]},"meta":{"lastBranch":14,"lastFunction":12,"lastStatement":52,"seen":{"f:40:2:40:14":0,"s:41:4:41:Infinity":0,"f:47:6:47:39":1,"s:48:4:48:Infinity":1,"f:54:8:54:21":2,"s:55:4:55:Infinity":2,"f:61:8:61:17":3,"s:62:4:62:Infinity":3,"f:70:8:70:Infinity":4,"s:77:21:77:66":4,"b:78:4:79:Infinity:undefined:undefined:undefined:undefined":0,"s:78:4:79:Infinity":5,"s:79:6:79:Infinity":6,"s:83:21:83:42":7,"s:85:4:90:Infinity":8,"b:89:12:89:20:89:20:89:Infinity":1,"f:96:8:96:23":5,"s:97:4:97:Infinity":9,"f:103:8:103:24":6,"s:104:4:104:Infinity":10,"f:113:2:113:12":7,"b:114:4:115:Infinity:undefined:undefined:undefined:undefined":2,"s:114:4:115:Infinity":11,"s:115:6:115:Infinity":12,"b:118:4:119:Infinity:undefined:undefined:undefined:undefined":3,"s:118:4:119:Infinity":13,"s:119:6:119:Infinity":14,"b:122:4:123:Infinity:undefined:undefined:undefined:undefined":4,"s:122:4:123:Infinity":15,"s:123:6:123:Infinity":16,"b:126:4:144:Infinity:undefined:undefined:undefined:undefined":5,"s:126:4:144:Infinity":17,"b:128:6:129:Infinity:undefined:undefined:undefined:undefined":6,"s:128:6:129:Infinity":18,"s:129:8:129:Infinity":19,"b:131:6:132:Infinity:undefined:undefined:undefined:undefined":7,"s:131:6:132:Infinity":20,"s:132:8:132:Infinity":21,"b:135:6:136:Infinity:undefined:undefined:undefined:undefined":8,"s:135:6:136:Infinity":22,"s:136:8:136:Infinity":23,"b:138:6:139:Infinity:undefined:undefined:undefined:undefined":9,"s:138:6:139:Infinity":24,"s:139:8:139:Infinity":25,"s:142:18:142:31":26,"b:143:6:144:Infinity:undefined:undefined:undefined:undefined":10,"s:143:6:144:Infinity":27,"b:143:10:143:21:143:25:143:46":11,"s:144:8:144:Infinity":28,"s:148:4:148:Infinity":29,"f:159:2:159:18":8,"s:160:44:160:46":30,"s:161:18:161:Infinity":31,"s:164:4:168:Infinity":32,"s:165:18:165:Infinity":33,"s:166:23:166:38":34,"s:167:24:167:48":35,"s:168:6:168:Infinity":36,"s:171:4:171:Infinity":37,"f:179:8:179:28":9,"s:180:29:180:58":38,"s:181:31:181:75":39,"s:182:24:182:72":40,"f:182:51:182:55":10,"s:182:60:182:70":41,"s:184:4:202:Infinity":42,"f:184:35:184:47":11,"s:186:6:188:Infinity":43,"b:187:8:188:Infinity:undefined:undefined:undefined:undefined":12,"s:187:8:188:Infinity":44,"s:188:10:188:Infinity":45,"s:193:6:199:Infinity":46,"s:194:25:194:45":47,"b:195:8:199:Infinity:197:15:199:Infinity":13,"s:195:8:199:Infinity":48,"s:196:10:196:Infinity":49,"s:198:27:198:48":50,"s:199:10:199:Infinity":51}}}
,"D:\\comind\\comind\\src\\core\\services\\tagService.ts": {"path":"D:\\comind\\comind\\src\\core\\services\\tagService.ts","statementMap":{"0":{"start":{"line":17,"column":18},"end":{"line":17,"column":null}},"1":{"start":{"line":22,"column":25},"end":{"line":24,"column":null}},"2":{"start":{"line":44,"column":29},"end":{"line":44,"column":31}},"3":{"start":{"line":47,"column":18},"end":{"line":47,"column":52}},"4":{"start":{"line":49,"column":4},"end":{"line":63,"column":null}},"5":{"start":{"line":50,"column":24},"end":{"line":50,"column":null}},"6":{"start":{"line":51,"column":19},"end":{"line":51,"column":null}},"7":{"start":{"line":54,"column":28},"end":{"line":55,"column":null}},"8":{"start":{"line":55,"column":8},"end":{"line":55,"column":40}},"9":{"start":{"line":57,"column":6},"end":{"line":57,"column":null}},"10":{"start":{"line":57,"column":25},"end":{"line":57,"column":null}},"11":{"start":{"line":59,"column":6},"end":{"line":63,"column":null}},"12":{"start":{"line":66,"column":4},"end":{"line":66,"column":null}},"13":{"start":{"line":76,"column":17},"end":{"line":76,"column":40}},"14":{"start":{"line":77,"column":23},"end":{"line":77,"column":40}},"15":{"start":{"line":79,"column":4},"end":{"line":87,"column":null}},"16":{"start":{"line":81,"column":6},"end":{"line":87,"column":null}},"17":{"start":{"line":82,"column":22},"end":{"line":82,"column":41}},"18":{"start":{"line":83,"column":8},"end":{"line":84,"column":null}},"19":{"start":{"line":83,"column":21},"end":{"line":83,"column":24}},"20":{"start":{"line":84,"column":10},"end":{"line":84,"column":null}},"21":{"start":{"line":87,"column":8},"end":{"line":87,"column":null}},"22":{"start":{"line":91,"column":4},"end":{"line":91,"column":null}},"23":{"start":{"line":101,"column":4},"end":{"line":101,"column":null}}},"fnMap":{"0":{"name":"(anonymous_0)","decl":{"start":{"line":43,"column":2},"end":{"line":43,"column":12}},"loc":{"start":{"line":43,"column":41},"end":{"line":66,"column":null}},"line":43},"1":{"name":"(anonymous_1)","decl":{"start":{"line":54,"column":45},"end":{"line":54,"column":50}},"loc":{"start":{"line":55,"column":8},"end":{"line":55,"column":40}},"line":55},"2":{"name":"(anonymous_2)","decl":{"start":{"line":75,"column":2},"end":{"line":75,"column":20}},"loc":{"start":{"line":75,"column":47},"end":{"line":91,"column":null}},"line":75},"3":{"name":"(anonymous_3)","decl":{"start":{"line":100,"column":2},"end":{"line":100,"column":16}},"loc":{"start":{"line":100,"column":41},"end":{"line":101,"column":null}},"line":100}},"branchMap":{"0":{"loc":{"start":{"line":57,"column":6},"end":{"line":57,"column":null}},"type":"if","locations":[{"start":{"line":57,"column":6},"end":{"line":57,"column":null}},{"start":{},"end":{}}],"line":57},"1":{"loc":{"start":{"line":81,"column":6},"end":{"line":87,"column":null}},"type":"if","locations":[{"start":{"line":81,"column":6},"end":{"line":87,"column":null}},{"start":{"line":86,"column":13},"end":{"line":87,"column":null}}],"line":81}},"s":{"0":1,"1":1,"2":19,"3":19,"4":19,"5":21,"6":21,"7":21,"8":42,"9":21,"10":0,"11":21,"12":19,"13":6,"14":6,"15":6,"16":10,"17":5,"18":5,"19":5,"20":11,"21":5,"22":6,"23":6},"f":{"0":19,"1":42,"2":6,"3":6},"b":{"0":[0,21],"1":[5,5]},"meta":{"lastBranch":2,"lastFunction":4,"lastStatement":24,"seen":{"s:17:18:17:Infinity":0,"s:22:25:24:Infinity":1,"f:43:2:43:12":0,"s:44:29:44:31":2,"s:47:18:47:52":3,"s:49:4:63:Infinity":4,"s:50:24:50:Infinity":5,"s:51:19:51:Infinity":6,"s:54:28:55:Infinity":7,"f:54:45:54:50":1,"s:55:8:55:40":8,"b:57:6:57:Infinity:undefined:undefined:undefined:undefined":0,"s:57:6:57:Infinity":9,"s:57:25:57:Infinity":10,"s:59:6:63:Infinity":11,"s:66:4:66:Infinity":12,"f:75:2:75:20":2,"s:76:17:76:40":13,"s:77:23:77:40":14,"s:79:4:87:Infinity":15,"b:81:6:87:Infinity:86:13:87:Infinity":1,"s:81:6:87:Infinity":16,"s:82:22:82:41":17,"s:83:8:84:Infinity":18,"s:83:21:83:24":19,"s:84:10:84:Infinity":20,"s:87:8:87:Infinity":21,"s:91:4:91:Infinity":22,"f:100:2:100:16":3,"s:101:4:101:Infinity":23}}}
,"D:\\comind\\comind\\src\\core\\storage\\memoryAdapter.ts": {"path":"D:\\comind\\comind\\src\\core\\storage\\memoryAdapter.ts","statementMap":{"0":{"start":{"line":38,"column":39},"end":{"line":38,"column":48}},"1":{"start":{"line":41,"column":4},"end":{"line":41,"column":null}},"2":{"start":{"line":45,"column":4},"end":{"line":45,"column":null}},"3":{"start":{"line":45,"column":56},"end":{"line":45,"column":76}},"4":{"start":{"line":49,"column":4},"end":{"line":51,"column":null}},"5":{"start":{"line":50,"column":19},"end":{"line":50,"column":43}},"6":{"start":{"line":51,"column":22},"end":{"line":51,"column":36}},"7":{"start":{"line":55,"column":4},"end":{"line":55,"column":null}},"8":{"start":{"line":55,"column":56},"end":{"line":55,"column":74}},"9":{"start":{"line":59,"column":18},"end":{"line":59,"column":80}},"10":{"start":{"line":60,"column":4},"end":{"line":60,"column":null}},"11":{"start":{"line":64,"column":16},"end":{"line":64,"column":26}},"12":{"start":{"line":65,"column":25},"end":{"line":76,"column":null}},"13":{"start":{"line":77,"column":4},"end":{"line":77,"column":null}},"14":{"start":{"line":78,"column":4},"end":{"line":78,"column":null}},"15":{"start":{"line":82,"column":18},"end":{"line":82,"column":37}},"16":{"start":{"line":83,"column":4},"end":{"line":83,"column":null}},"17":{"start":{"line":83,"column":16},"end":{"line":83,"column":null}},"18":{"start":{"line":84,"column":27},"end":{"line":88,"column":null}},"19":{"start":{"line":89,"column":4},"end":{"line":89,"column":null}},"20":{"start":{"line":90,"column":4},"end":{"line":90,"column":null}},"21":{"start":{"line":94,"column":4},"end":{"line":94,"column":null}},"22":{"start":{"line":98,"column":4},"end":{"line":100,"column":null}},"23":{"start":{"line":99,"column":6},"end":{"line":100,"column":null}},"24":{"start":{"line":100,"column":8},"end":{"line":100,"column":null}},"25":{"start":{"line":106,"column":4},"end":{"line":110,"column":null}},"26":{"start":{"line":106,"column":17},"end":{"line":106,"column":20}},"27":{"start":{"line":107,"column":20},"end":{"line":107,"column":48}},"28":{"start":{"line":108,"column":6},"end":{"line":110,"column":null}},"29":{"start":{"line":109,"column":8},"end":{"line":109,"column":null}},"30":{"start":{"line":110,"column":8},"end":{"line":110,"column":null}},"31":{"start":{"line":117,"column":37},"end":{"line":117,"column":46}},"32":{"start":{"line":120,"column":4},"end":{"line":120,"column":null}},"33":{"start":{"line":124,"column":4},"end":{"line":124,"column":null}},"34":{"start":{"line":124,"column":53},"end":{"line":124,"column":71}},"35":{"start":{"line":128,"column":4},"end":{"line":128,"column":null}},"36":{"start":{"line":128,"column":55},"end":{"line":128,"column":73}},"37":{"start":{"line":132,"column":18},"end":{"line":132,"column":79}},"38":{"start":{"line":133,"column":4},"end":{"line":133,"column":null}},"39":{"start":{"line":137,"column":4},"end":{"line":140,"column":null}},"40":{"start":{"line":138,"column":19},"end":{"line":138,"column":30}},"41":{"start":{"line":139,"column":22},"end":{"line":139,"column":48}},"42":{"start":{"line":144,"column":20},"end":{"line":144,"column":74}},"43":{"start":{"line":144,"column":64},"end":{"line":144,"column":74}},"44":{"start":{"line":145,"column":18},"end":{"line":145,"column":55}},"45":{"start":{"line":146,"column":4},"end":{"line":146,"column":null}},"46":{"start":{"line":150,"column":16},"end":{"line":150,"column":26}},"47":{"start":{"line":151,"column":23},"end":{"line":166,"column":null}},"48":{"start":{"line":167,"column":4},"end":{"line":167,"column":null}},"49":{"start":{"line":168,"column":4},"end":{"line":168,"column":null}},"50":{"start":{"line":172,"column":17},"end":{"line":172,"column":35}},"51":{"start":{"line":173,"column":4},"end":{"line":173,"column":null}},"52":{"start":{"line":173,"column":15},"end":{"line":173,"column":null}},"53":{"start":{"line":174,"column":26},"end":{"line":174,"column":null}},"54":{"start":{"line":175,"column":4},"end":{"line":175,"column":null}},"55":{"start":{"line":176,"column":4},"end":{"line":176,"column":null}},"56":{"start":{"line":180,"column":17},"end":{"line":180,"column":35}},"57":{"start":{"line":181,"column":4},"end":{"line":183,"column":null}},"58":{"start":{"line":182,"column":6},"end":{"line":182,"column":null}},"59":{"start":{"line":183,"column":6},"end":{"line":183,"column":null}},"60":{"start":{"line":188,"column":17},"end":{"line":188,"column":35}},"61":{"start":{"line":189,"column":4},"end":{"line":191,"column":null}},"62":{"start":{"line":190,"column":6},"end":{"line":190,"column":null}},"63":{"start":{"line":191,"column":6},"end":{"line":191,"column":null}},"64":{"start":{"line":196,"column":4},"end":{"line":196,"column":null}},"65":{"start":{"line":200,"column":4},"end":{"line":202,"column":null}},"66":{"start":{"line":201,"column":6},"end":{"line":202,"column":null}},"67":{"start":{"line":202,"column":8},"end":{"line":202,"column":null}},"68":{"start":{"line":209,"column":37},"end":{"line":209,"column":46}},"69":{"start":{"line":212,"column":4},"end":{"line":212,"column":null}},"70":{"start":{"line":216,"column":4},"end":{"line":216,"column":null}},"71":{"start":{"line":216,"column":55},"end":{"line":216,"column":83}},"72":{"start":{"line":220,"column":4},"end":{"line":220,"column":null}},"73":{"start":{"line":220,"column":55},"end":{"line":220,"column":81}},"74":{"start":{"line":224,"column":18},"end":{"line":224,"column":79}},"75":{"start":{"line":225,"column":4},"end":{"line":225,"column":null}},"76":{"start":{"line":229,"column":23},"end":{"line":237,"column":null}},"77":{"start":{"line":238,"column":4},"end":{"line":238,"column":null}},"78":{"start":{"line":239,"column":4},"end":{"line":239,"column":null}},"79":{"start":{"line":243,"column":17},"end":{"line":243,"column":35}},"80":{"start":{"line":244,"column":4},"end":{"line":244,"column":null}},"81":{"start":{"line":244,"column":15},"end":{"line":244,"column":null}},"82":{"start":{"line":245,"column":26},"end":{"line":245,"column":null}},"83":{"start":{"line":246,"column":4},"end":{"line":246,"column":null}},"84":{"start":{"line":247,"column":4},"end":{"line":247,"column":null}},"85":{"start":{"line":251,"column":4},"end":{"line":251,"column":null}},"86":{"start":{"line":255,"column":4},"end":{"line":257,"column":null}},"87":{"start":{"line":256,"column":6},"end":{"line":257,"column":null}},"88":{"start":{"line":257,"column":8},"end":{"line":257,"column":null}},"89":{"start":{"line":263,"column":4},"end":{"line":265,"column":null}},"90":{"start":{"line":264,"column":6},"end":{"line":265,"column":null}},"91":{"start":{"line":265,"column":8},"end":{"line":265,"column":null}},"92":{"start":{"line":272,"column":35},"end":{"line":272,"column":44}},"93":{"start":{"line":275,"column":4},"end":{"line":275,"column":null}},"94":{"start":{"line":279,"column":4},"end":{"line":279,"column":null}},"95":{"start":{"line":279,"column":52},"end":{"line":279,"column":68}},"96":{"start":{"line":283,"column":4},"end":{"line":283,"column":null}},"97":{"start":{"line":287,"column":21},"end":{"line":293,"column":null}},"98":{"start":{"line":294,"column":4},"end":{"line":294,"column":null}},"99":{"start":{"line":295,"column":4},"end":{"line":295,"column":null}},"100":{"start":{"line":299,"column":16},"end":{"line":299,"column":33}},"101":{"start":{"line":300,"column":4},"end":{"line":300,"column":null}},"102":{"start":{"line":300,"column":14},"end":{"line":300,"column":null}},"103":{"start":{"line":301,"column":25},"end":{"line":301,"column":null}},"104":{"start":{"line":302,"column":4},"end":{"line":302,"column":null}},"105":{"start":{"line":303,"column":4},"end":{"line":303,"column":null}},"106":{"start":{"line":307,"column":4},"end":{"line":307,"column":null}},"107":{"start":{"line":312,"column":46},"end":{"line":312,"column":55}},"108":{"start":{"line":315,"column":4},"end":{"line":315,"column":null}},"109":{"start":{"line":319,"column":4},"end":{"line":321,"column":null}},"110":{"start":{"line":320,"column":19},"end":{"line":320,"column":57}},"111":{"start":{"line":321,"column":22},"end":{"line":321,"column":48}},"112":{"start":{"line":325,"column":4},"end":{"line":326,"column":null}},"113":{"start":{"line":326,"column":17},"end":{"line":326,"column":72}},"114":{"start":{"line":330,"column":18},"end":{"line":330,"column":84}},"115":{"start":{"line":331,"column":4},"end":{"line":331,"column":null}},"116":{"start":{"line":335,"column":16},"end":{"line":335,"column":26}},"117":{"start":{"line":336,"column":21},"end":{"line":336,"column":62}},"118":{"start":{"line":337,"column":31},"end":{"line":349,"column":null}},"119":{"start":{"line":350,"column":4},"end":{"line":350,"column":null}},"120":{"start":{"line":351,"column":4},"end":{"line":351,"column":null}},"121":{"start":{"line":355,"column":21},"end":{"line":355,"column":44}},"122":{"start":{"line":356,"column":4},"end":{"line":356,"column":null}},"123":{"start":{"line":356,"column":19},"end":{"line":356,"column":null}},"124":{"start":{"line":357,"column":30},"end":{"line":357,"column":null}},"125":{"start":{"line":358,"column":4},"end":{"line":358,"column":null}},"126":{"start":{"line":359,"column":4},"end":{"line":359,"column":null}},"127":{"start":{"line":363,"column":21},"end":{"line":363,"column":55}},"128":{"start":{"line":364,"column":4},"end":{"line":365,"column":null}},"129":{"start":{"line":365,"column":6},"end":{"line":365,"column":null}},"130":{"start":{"line":367,"column":4},"end":{"line":367,"column":null}},"131":{"start":{"line":371,"column":21},"end":{"line":371,"column":44}},"132":{"start":{"line":372,"column":4},"end":{"line":374,"column":null}},"133":{"start":{"line":373,"column":6},"end":{"line":373,"column":null}},"134":{"start":{"line":374,"column":6},"end":{"line":374,"column":null}},"135":{"start":{"line":379,"column":4},"end":{"line":382,"column":null}},"136":{"start":{"line":380,"column":6},"end":{"line":382,"column":null}},"137":{"start":{"line":381,"column":8},"end":{"line":381,"column":null}},"138":{"start":{"line":382,"column":8},"end":{"line":382,"column":null}},"139":{"start":{"line":388,"column":21},"end":{"line":388,"column":55}},"140":{"start":{"line":389,"column":4},"end":{"line":391,"column":null}},"141":{"start":{"line":390,"column":6},"end":{"line":390,"column":null}},"142":{"start":{"line":391,"column":6},"end":{"line":391,"column":null}},"143":{"start":{"line":403,"column":37},"end":{"line":403,"column":64}},"144":{"start":{"line":404,"column":35},"end":{"line":404,"column":61}},"145":{"start":{"line":405,"column":35},"end":{"line":405,"column":61}},"146":{"start":{"line":406,"column":33},"end":{"line":406,"column":58}},"147":{"start":{"line":407,"column":44},"end":{"line":407,"column":74}},"148":{"start":{"line":411,"column":4},"end":{"line":411,"column":null}},"149":{"start":{"line":419,"column":4},"end":{"line":419,"column":null}}},"fnMap":{"0":{"name":"(anonymous_0)","decl":{"start":{"line":40,"column":8},"end":{"line":40,"column":17}},"loc":{"start":{"line":40,"column":57},"end":{"line":41,"column":null}},"line":40},"1":{"name":"(anonymous_1)","decl":{"start":{"line":44,"column":8},"end":{"line":44,"column":21}},"loc":{"start":{"line":44,"column":55},"end":{"line":45,"column":null}},"line":44},"2":{"name":"(anonymous_2)","decl":{"start":{"line":45,"column":44},"end":{"line":45,"column":51}},"loc":{"start":{"line":45,"column":56},"end":{"line":45,"column":76}},"line":45},"3":{"name":"(anonymous_3)","decl":{"start":{"line":48,"column":8},"end":{"line":48,"column":23}},"loc":{"start":{"line":48,"column":66},"end":{"line":51,"column":null}},"line":48},"4":{"name":"(anonymous_4)","decl":{"start":{"line":50,"column":7},"end":{"line":50,"column":14}},"loc":{"start":{"line":50,"column":19},"end":{"line":50,"column":43}},"line":50},"5":{"name":"(anonymous_5)","decl":{"start":{"line":51,"column":7},"end":{"line":51,"column":13}},"loc":{"start":{"line":51,"column":22},"end":{"line":51,"column":36}},"line":51},"6":{"name":"(anonymous_6)","decl":{"start":{"line":54,"column":8},"end":{"line":54,"column":18}},"loc":{"start":{"line":54,"column":51},"end":{"line":55,"column":null}},"line":54},"7":{"name":"(anonymous_7)","decl":{"start":{"line":55,"column":44},"end":{"line":55,"column":51}},"loc":{"start":{"line":55,"column":56},"end":{"line":55,"column":74}},"line":55},"8":{"name":"(anonymous_8)","decl":{"start":{"line":58,"column":8},"end":{"line":58,"column":16}},"loc":{"start":{"line":58,"column":70},"end":{"line":60,"column":null}},"line":58},"9":{"name":"(anonymous_9)","decl":{"start":{"line":63,"column":8},"end":{"line":63,"column":15}},"loc":{"start":{"line":63,"column":60},"end":{"line":78,"column":null}},"line":63},"10":{"name":"(anonymous_10)","decl":{"start":{"line":81,"column":8},"end":{"line":81,"column":15}},"loc":{"start":{"line":81,"column":72},"end":{"line":90,"column":null}},"line":81},"11":{"name":"(anonymous_11)","decl":{"start":{"line":93,"column":8},"end":{"line":93,"column":15}},"loc":{"start":{"line":93,"column":42},"end":{"line":94,"column":null}},"line":93},"12":{"name":"(anonymous_12)","decl":{"start":{"line":97,"column":8},"end":{"line":97,"column":23}},"loc":{"start":{"line":97,"column":54},"end":{"line":100,"column":null}},"line":97},"13":{"name":"(anonymous_13)","decl":{"start":{"line":105,"column":8},"end":{"line":105,"column":16}},"loc":{"start":{"line":105,"column":77},"end":{"line":110,"column":null}},"line":105},"14":{"name":"(anonymous_14)","decl":{"start":{"line":119,"column":8},"end":{"line":119,"column":17}},"loc":{"start":{"line":119,"column":56},"end":{"line":120,"column":null}},"line":119},"15":{"name":"(anonymous_15)","decl":{"start":{"line":123,"column":8},"end":{"line":123,"column":20}},"loc":{"start":{"line":123,"column":62},"end":{"line":124,"column":null}},"line":123},"16":{"name":"(anonymous_16)","decl":{"start":{"line":124,"column":43},"end":{"line":124,"column":48}},"loc":{"start":{"line":124,"column":53},"end":{"line":124,"column":71}},"line":124},"17":{"name":"(anonymous_17)","decl":{"start":{"line":127,"column":8},"end":{"line":127,"column":18}},"loc":{"start":{"line":127,"column":50},"end":{"line":128,"column":null}},"line":127},"18":{"name":"(anonymous_18)","decl":{"start":{"line":128,"column":43},"end":{"line":128,"column":50}},"loc":{"start":{"line":128,"column":55},"end":{"line":128,"column":73}},"line":128},"19":{"name":"(anonymous_19)","decl":{"start":{"line":131,"column":8},"end":{"line":131,"column":16}},"loc":{"start":{"line":131,"column":69},"end":{"line":133,"column":null}},"line":131},"20":{"name":"(anonymous_20)","decl":{"start":{"line":136,"column":8},"end":{"line":136,"column":19}},"loc":{"start":{"line":136,"column":48},"end":{"line":140,"column":null}},"line":136},"21":{"name":"(anonymous_21)","decl":{"start":{"line":138,"column":7},"end":{"line":138,"column":14}},"loc":{"start":{"line":138,"column":19},"end":{"line":138,"column":30}},"line":138},"22":{"name":"(anonymous_22)","decl":{"start":{"line":139,"column":7},"end":{"line":139,"column":13}},"loc":{"start":{"line":139,"column":22},"end":{"line":139,"column":48}},"line":139},"23":{"name":"(anonymous_23)","decl":{"start":{"line":143,"column":8},"end":{"line":143,"column":20}},"loc":{"start":{"line":143,"column":73},"end":{"line":146,"column":null}},"line":143},"24":{"name":"(anonymous_24)","decl":{"start":{"line":144,"column":52},"end":{"line":144,"column":59}},"loc":{"start":{"line":144,"column":64},"end":{"line":144,"column":74}},"line":144},"25":{"name":"(anonymous_25)","decl":{"start":{"line":149,"column":8},"end":{"line":149,"column":15}},"loc":{"start":{"line":149,"column":58},"end":{"line":168,"column":null}},"line":149},"26":{"name":"(anonymous_26)","decl":{"start":{"line":171,"column":8},"end":{"line":171,"column":15}},"loc":{"start":{"line":171,"column":70},"end":{"line":176,"column":null}},"line":171},"27":{"name":"(anonymous_27)","decl":{"start":{"line":179,"column":8},"end":{"line":179,"column":19}},"loc":{"start":{"line":179,"column":46},"end":{"line":183,"column":null}},"line":179},"28":{"name":"(anonymous_28)","decl":{"start":{"line":187,"column":8},"end":{"line":187,"column":16}},"loc":{"start":{"line":187,"column":43},"end":{"line":191,"column":null}},"line":187},"29":{"name":"(anonymous_29)","decl":{"start":{"line":195,"column":8},"end":{"line":195,"column":24}},"loc":{"start":{"line":195,"column":51},"end":{"line":196,"column":null}},"line":195},"30":{"name":"(anonymous_30)","decl":{"start":{"line":199,"column":8},"end":{"line":199,"column":36}},"loc":{"start":{"line":199,"column":36},"end":{"line":202,"column":null}},"line":199},"31":{"name":"(anonymous_31)","decl":{"start":{"line":211,"column":8},"end":{"line":211,"column":17}},"loc":{"start":{"line":211,"column":56},"end":{"line":212,"column":null}},"line":211},"32":{"name":"(anonymous_32)","decl":{"start":{"line":215,"column":8},"end":{"line":215,"column":28}},"loc":{"start":{"line":215,"column":62},"end":{"line":216,"column":null}},"line":215},"33":{"name":"(anonymous_33)","decl":{"start":{"line":216,"column":43},"end":{"line":216,"column":50}},"loc":{"start":{"line":216,"column":55},"end":{"line":216,"column":83}},"line":216},"34":{"name":"(anonymous_34)","decl":{"start":{"line":219,"column":8},"end":{"line":219,"column":27}},"loc":{"start":{"line":219,"column":60},"end":{"line":220,"column":null}},"line":219},"35":{"name":"(anonymous_35)","decl":{"start":{"line":220,"column":43},"end":{"line":220,"column":50}},"loc":{"start":{"line":220,"column":55},"end":{"line":220,"column":81}},"line":220},"36":{"name":"(anonymous_36)","decl":{"start":{"line":223,"column":8},"end":{"line":223,"column":16}},"loc":{"start":{"line":223,"column":69},"end":{"line":225,"column":null}},"line":223},"37":{"name":"(anonymous_37)","decl":{"start":{"line":228,"column":8},"end":{"line":228,"column":15}},"loc":{"start":{"line":228,"column":58},"end":{"line":239,"column":null}},"line":228},"38":{"name":"(anonymous_38)","decl":{"start":{"line":242,"column":8},"end":{"line":242,"column":15}},"loc":{"start":{"line":242,"column":79},"end":{"line":247,"column":null}},"line":242},"39":{"name":"(anonymous_39)","decl":{"start":{"line":250,"column":8},"end":{"line":250,"column":15}},"loc":{"start":{"line":250,"column":42},"end":{"line":251,"column":null}},"line":250},"40":{"name":"(anonymous_40)","decl":{"start":{"line":254,"column":8},"end":{"line":254,"column":30}},"loc":{"start":{"line":254,"column":62},"end":{"line":257,"column":null}},"line":254},"41":{"name":"(anonymous_41)","decl":{"start":{"line":262,"column":8},"end":{"line":262,"column":29}},"loc":{"start":{"line":262,"column":60},"end":{"line":265,"column":null}},"line":262},"42":{"name":"(anonymous_42)","decl":{"start":{"line":274,"column":8},"end":{"line":274,"column":17}},"loc":{"start":{"line":274,"column":55},"end":{"line":275,"column":null}},"line":274},"43":{"name":"(anonymous_43)","decl":{"start":{"line":278,"column":8},"end":{"line":278,"column":19}},"loc":{"start":{"line":278,"column":59},"end":{"line":279,"column":null}},"line":278},"44":{"name":"(anonymous_44)","decl":{"start":{"line":279,"column":42},"end":{"line":279,"column":47}},"loc":{"start":{"line":279,"column":52},"end":{"line":279,"column":68}},"line":279},"45":{"name":"(anonymous_45)","decl":{"start":{"line":282,"column":8},"end":{"line":282,"column":34}},"loc":{"start":{"line":282,"column":34},"end":{"line":283,"column":null}},"line":282},"46":{"name":"(anonymous_46)","decl":{"start":{"line":286,"column":8},"end":{"line":286,"column":15}},"loc":{"start":{"line":286,"column":69},"end":{"line":295,"column":null}},"line":286},"47":{"name":"(anonymous_47)","decl":{"start":{"line":298,"column":8},"end":{"line":298,"column":15}},"loc":{"start":{"line":298,"column":64},"end":{"line":303,"column":null}},"line":298},"48":{"name":"(anonymous_48)","decl":{"start":{"line":306,"column":8},"end":{"line":306,"column":15}},"loc":{"start":{"line":306,"column":42},"end":{"line":307,"column":null}},"line":306},"49":{"name":"(anonymous_49)","decl":{"start":{"line":314,"column":8},"end":{"line":314,"column":17}},"loc":{"start":{"line":314,"column":60},"end":{"line":315,"column":null}},"line":314},"50":{"name":"(anonymous_50)","decl":{"start":{"line":318,"column":8},"end":{"line":318,"column":22}},"loc":{"start":{"line":318,"column":60},"end":{"line":321,"column":null}},"line":318},"51":{"name":"(anonymous_51)","decl":{"start":{"line":320,"column":7},"end":{"line":320,"column":14}},"loc":{"start":{"line":320,"column":19},"end":{"line":320,"column":57}},"line":320},"52":{"name":"(anonymous_52)","decl":{"start":{"line":321,"column":7},"end":{"line":321,"column":13}},"loc":{"start":{"line":321,"column":22},"end":{"line":321,"column":48}},"line":321},"53":{"name":"(anonymous_53)","decl":{"start":{"line":324,"column":8},"end":{"line":324,"column":18}},"loc":{"start":{"line":324,"column":79},"end":{"line":326,"column":null}},"line":324},"54":{"name":"(anonymous_54)","decl":{"start":{"line":326,"column":7},"end":{"line":326,"column":12}},"loc":{"start":{"line":326,"column":17},"end":{"line":326,"column":72}},"line":326},"55":{"name":"(anonymous_55)","decl":{"start":{"line":329,"column":8},"end":{"line":329,"column":16}},"loc":{"start":{"line":329,"column":73},"end":{"line":331,"column":null}},"line":329},"56":{"name":"(anonymous_56)","decl":{"start":{"line":334,"column":8},"end":{"line":334,"column":15}},"loc":{"start":{"line":334,"column":66},"end":{"line":351,"column":null}},"line":334},"57":{"name":"(anonymous_57)","decl":{"start":{"line":354,"column":8},"end":{"line":354,"column":15}},"loc":{"start":{"line":354,"column":78},"end":{"line":359,"column":null}},"line":354},"58":{"name":"(anonymous_58)","decl":{"start":{"line":362,"column":8},"end":{"line":362,"column":15}},"loc":{"start":{"line":362,"column":141},"end":{"line":367,"column":null}},"line":362},"59":{"name":"(anonymous_59)","decl":{"start":{"line":370,"column":8},"end":{"line":370,"column":15}},"loc":{"start":{"line":370,"column":42},"end":{"line":374,"column":null}},"line":370},"60":{"name":"(anonymous_60)","decl":{"start":{"line":378,"column":8},"end":{"line":378,"column":24}},"loc":{"start":{"line":378,"column":56},"end":{"line":382,"column":null}},"line":378},"61":{"name":"(anonymous_61)","decl":{"start":{"line":387,"column":8},"end":{"line":387,"column":30}},"loc":{"start":{"line":387,"column":75},"end":{"line":391,"column":null}},"line":387},"62":{"name":"(anonymous_62)","decl":{"start":{"line":409,"column":8},"end":{"line":409,"column":23}},"loc":{"start":{"line":409,"column":69},"end":{"line":411,"column":null}},"line":409},"63":{"name":"(anonymous_63)","decl":{"start":{"line":414,"column":8},"end":{"line":414,"column":31}},"loc":{"start":{"line":414,"column":31},"end":{"line":414,"column":null}},"line":414},"64":{"name":"(anonymous_64)","decl":{"start":{"line":418,"column":2},"end":{"line":418,"column":21}},"loc":{"start":{"line":418,"column":21},"end":{"line":419,"column":null}},"line":418}},"branchMap":{"0":{"loc":{"start":{"line":58,"column":16},"end":{"line":58,"column":29}},"type":"default-arg","locations":[{"start":{"line":58,"column":24},"end":{"line":58,"column":29}}],"line":58},"1":{"loc":{"start":{"line":58,"column":29},"end":{"line":58,"column":70}},"type":"default-arg","locations":[{"start":{"line":58,"column":38},"end":{"line":58,"column":70}}],"line":58},"2":{"loc":{"start":{"line":68,"column":16},"end":{"line":68,"column":null}},"type":"binary-expr","locations":[{"start":{"line":68,"column":16},"end":{"line":68,"column":36}},{"start":{"line":68,"column":36},"end":{"line":68,"column":null}}],"line":68},"3":{"loc":{"start":{"line":70,"column":15},"end":{"line":70,"column":null}},"type":"binary-expr","locations":[{"start":{"line":70,"column":15},"end":{"line":70,"column":34}},{"start":{"line":70,"column":34},"end":{"line":70,"column":null}}],"line":70},"4":{"loc":{"start":{"line":72,"column":12},"end":{"line":72,"column":null}},"type":"binary-expr","locations":[{"start":{"line":72,"column":12},"end":{"line":72,"column":28}},{"start":{"line":72,"column":28},"end":{"line":72,"column":null}}],"line":72},"5":{"loc":{"start":{"line":73,"column":18},"end":{"line":73,"column":42}},"type":"binary-expr","locations":[{"start":{"line":73,"column":18},"end":{"line":73,"column":40}},{"start":{"line":73,"column":40},"end":{"line":73,"column":42}}],"line":73},"6":{"loc":{"start":{"line":83,"column":4},"end":{"line":83,"column":null}},"type":"if","locations":[{"start":{"line":83,"column":4},"end":{"line":83,"column":null}},{"start":{},"end":{}}],"line":83},"7":{"loc":{"start":{"line":99,"column":6},"end":{"line":100,"column":null}},"type":"if","locations":[{"start":{"line":99,"column":6},"end":{"line":100,"column":null}},{"start":{},"end":{}}],"line":99},"8":{"loc":{"start":{"line":108,"column":6},"end":{"line":110,"column":null}},"type":"if","locations":[{"start":{"line":108,"column":6},"end":{"line":110,"column":null}},{"start":{},"end":{}}],"line":108},"9":{"loc":{"start":{"line":131,"column":16},"end":{"line":131,"column":29}},"type":"default-arg","locations":[{"start":{"line":131,"column":24},"end":{"line":131,"column":29}}],"line":131},"10":{"loc":{"start":{"line":131,"column":29},"end":{"line":131,"column":69}},"type":"default-arg","locations":[{"start":{"line":131,"column":38},"end":{"line":131,"column":69}}],"line":131},"11":{"loc":{"start":{"line":136,"column":19},"end":{"line":136,"column":48}},"type":"default-arg","locations":[{"start":{"line":136,"column":27},"end":{"line":136,"column":48}}],"line":136},"12":{"loc":{"start":{"line":143,"column":20},"end":{"line":143,"column":33}},"type":"default-arg","locations":[{"start":{"line":143,"column":28},"end":{"line":143,"column":33}}],"line":143},"13":{"loc":{"start":{"line":143,"column":33},"end":{"line":143,"column":73}},"type":"default-arg","locations":[{"start":{"line":143,"column":42},"end":{"line":143,"column":73}}],"line":143},"14":{"loc":{"start":{"line":155,"column":12},"end":{"line":155,"column":null}},"type":"binary-expr","locations":[{"start":{"line":155,"column":12},"end":{"line":155,"column":28}},{"start":{"line":155,"column":28},"end":{"line":155,"column":null}}],"line":155},"15":{"loc":{"start":{"line":156,"column":12},"end":{"line":156,"column":null}},"type":"binary-expr","locations":[{"start":{"line":156,"column":12},"end":{"line":156,"column":28}},{"start":{"line":156,"column":28},"end":{"line":156,"column":null}}],"line":156},"16":{"loc":{"start":{"line":158,"column":15},"end":{"line":158,"column":36}},"type":"binary-expr","locations":[{"start":{"line":158,"column":15},"end":{"line":158,"column":34}},{"start":{"line":158,"column":34},"end":{"line":158,"column":36}}],"line":158},"17":{"loc":{"start":{"line":173,"column":4},"end":{"line":173,"column":null}},"type":"if","locations":[{"start":{"line":173,"column":4},"end":{"line":173,"column":null}},{"start":{},"end":{}}],"line":173},"18":{"loc":{"start":{"line":181,"column":4},"end":{"line":183,"column":null}},"type":"if","locations":[{"start":{"line":181,"column":4},"end":{"line":183,"column":null}},{"start":{},"end":{}}],"line":181},"19":{"loc":{"start":{"line":189,"column":4},"end":{"line":191,"column":null}},"type":"if","locations":[{"start":{"line":189,"column":4},"end":{"line":191,"column":null}},{"start":{},"end":{}}],"line":189},"20":{"loc":{"start":{"line":201,"column":6},"end":{"line":202,"column":null}},"type":"if","locations":[{"start":{"line":201,"column":6},"end":{"line":202,"column":null}},{"start":{},"end":{}}],"line":201},"21":{"loc":{"start":{"line":223,"column":16},"end":{"line":223,"column":29}},"type":"default-arg","locations":[{"start":{"line":223,"column":24},"end":{"line":223,"column":29}}],"line":223},"22":{"loc":{"start":{"line":223,"column":29},"end":{"line":223,"column":69}},"type":"default-arg","locations":[{"start":{"line":223,"column":38},"end":{"line":223,"column":69}}],"line":223},"23":{"loc":{"start":{"line":233,"column":19},"end":{"line":233,"column":null}},"type":"binary-expr","locations":[{"start":{"line":233,"column":19},"end":{"line":233,"column":42}},{"start":{"line":233,"column":42},"end":{"line":233,"column":null}}],"line":233},"24":{"loc":{"start":{"line":234,"column":24},"end":{"line":234,"column":null}},"type":"binary-expr","locations":[{"start":{"line":234,"column":24},"end":{"line":234,"column":52}},{"start":{"line":234,"column":52},"end":{"line":234,"column":null}}],"line":234},"25":{"loc":{"start":{"line":244,"column":4},"end":{"line":244,"column":null}},"type":"if","locations":[{"start":{"line":244,"column":4},"end":{"line":244,"column":null}},{"start":{},"end":{}}],"line":244},"26":{"loc":{"start":{"line":256,"column":6},"end":{"line":257,"column":null}},"type":"if","locations":[{"start":{"line":256,"column":6},"end":{"line":257,"column":null}},{"start":{},"end":{}}],"line":256},"27":{"loc":{"start":{"line":264,"column":6},"end":{"line":265,"column":null}},"type":"if","locations":[{"start":{"line":264,"column":6},"end":{"line":265,"column":null}},{"start":{},"end":{}}],"line":264},"28":{"loc":{"start":{"line":290,"column":16},"end":{"line":290,"column":null}},"type":"binary-expr","locations":[{"start":{"line":290,"column":16},"end":{"line":290,"column":28}},{"start":{"line":290,"column":28},"end":{"line":290,"column":null}}],"line":290},"29":{"loc":{"start":{"line":300,"column":4},"end":{"line":300,"column":null}},"type":"if","locations":[{"start":{"line":300,"column":4},"end":{"line":300,"column":null}},{"start":{},"end":{}}],"line":300},"30":{"loc":{"start":{"line":320,"column":19},"end":{"line":320,"column":57}},"type":"binary-expr","locations":[{"start":{"line":320,"column":19},"end":{"line":320,"column":44}},{"start":{"line":320,"column":44},"end":{"line":320,"column":57}}],"line":320},"31":{"loc":{"start":{"line":326,"column":17},"end":{"line":326,"column":72}},"type":"binary-expr","locations":[{"start":{"line":326,"column":17},"end":{"line":326,"column":42}},{"start":{"line":326,"column":42},"end":{"line":326,"column":59}},{"start":{"line":326,"column":59},"end":{"line":326,"column":72}}],"line":326},"32":{"loc":{"start":{"line":329,"column":16},"end":{"line":329,"column":29}},"type":"default-arg","locations":[{"start":{"line":329,"column":24},"end":{"line":329,"column":29}}],"line":329},"33":{"loc":{"start":{"line":329,"column":29},"end":{"line":329,"column":73}},"type":"default-arg","locations":[{"start":{"line":329,"column":38},"end":{"line":329,"column":73}}],"line":329},"34":{"loc":{"start":{"line":342,"column":12},"end":{"line":342,"column":null}},"type":"binary-expr","locations":[{"start":{"line":342,"column":12},"end":{"line":342,"column":28}},{"start":{"line":342,"column":28},"end":{"line":342,"column":null}}],"line":342},"35":{"loc":{"start":{"line":356,"column":4},"end":{"line":356,"column":null}},"type":"if","locations":[{"start":{"line":356,"column":4},"end":{"line":356,"column":null}},{"start":{},"end":{}}],"line":356},"36":{"loc":{"start":{"line":364,"column":4},"end":{"line":365,"column":null}},"type":"if","locations":[{"start":{"line":364,"column":4},"end":{"line":365,"column":null}},{"start":{},"end":{}}],"line":364},"37":{"loc":{"start":{"line":372,"column":4},"end":{"line":374,"column":null}},"type":"if","locations":[{"start":{"line":372,"column":4},"end":{"line":374,"column":null}},{"start":{},"end":{}}],"line":372},"38":{"loc":{"start":{"line":380,"column":6},"end":{"line":382,"column":null}},"type":"if","locations":[{"start":{"line":380,"column":6},"end":{"line":382,"column":null}},{"start":{},"end":{}}],"line":380},"39":{"loc":{"start":{"line":389,"column":4},"end":{"line":391,"column":null}},"type":"if","locations":[{"start":{"line":389,"column":4},"end":{"line":391,"column":null}},{"start":{},"end":{}}],"line":389}},"s":{"0":114,"1":32,"2":8,"3":13,"4":18,"5":48,"6":10,"7":3,"8":4,"9":2,"10":2,"11":66,"12":66,"13":66,"14":66,"15":8,"16":8,"17":0,"18":8,"19":8,"20":8,"21":4,"22":1,"23":3,"24":2,"25":2,"26":2,"27":5,"28":5,"29":4,"30":4,"31":114,"32":4,"33":2,"34":1,"35":1,"36":2,"37":1,"38":1,"39":2,"40":4,"41":1,"42":2,"43":2,"44":2,"45":2,"46":20,"47":20,"48":20,"49":20,"50":1,"51":1,"52":0,"53":1,"54":1,"55":1,"56":6,"57":6,"58":6,"59":6,"60":1,"61":1,"62":1,"63":1,"64":1,"65":1,"66":2,"67":2,"68":114,"69":2,"70":16,"71":13,"72":3,"73":5,"74":1,"75":1,"76":33,"77":33,"78":33,"79":2,"80":2,"81":1,"82":1,"83":1,"84":1,"85":1,"86":2,"87":4,"88":3,"89":1,"90":3,"91":2,"92":114,"93":0,"94":2,"95":1,"96":1,"97":4,"98":4,"99":4,"100":2,"101":2,"102":1,"103":1,"104":1,"105":1,"106":0,"107":114,"108":0,"109":48,"110":43,"111":12,"112":28,"113":14,"114":2,"115":2,"116":33,"117":33,"118":33,"119":33,"120":33,"121":6,"122":6,"123":1,"124":5,"125":5,"126":5,"127":2,"128":2,"129":1,"130":1,"131":2,"132":2,"133":2,"134":2,"135":2,"136":4,"137":3,"138":3,"139":3,"140":3,"141":2,"142":2,"143":114,"144":114,"145":114,"146":114,"147":114,"148":13,"149":1},"f":{"0":32,"1":8,"2":13,"3":18,"4":48,"5":10,"6":3,"7":4,"8":2,"9":66,"10":8,"11":4,"12":1,"13":2,"14":4,"15":2,"16":1,"17":1,"18":2,"19":1,"20":2,"21":4,"22":1,"23":2,"24":2,"25":20,"26":1,"27":6,"28":1,"29":1,"30":1,"31":2,"32":16,"33":13,"34":3,"35":5,"36":1,"37":33,"38":2,"39":1,"40":2,"41":1,"42":0,"43":2,"44":1,"45":1,"46":4,"47":2,"48":0,"49":0,"50":48,"51":43,"52":12,"53":28,"54":14,"55":2,"56":33,"57":6,"58":2,"59":2,"60":2,"61":3,"62":13,"63":1,"64":1},"b":{"0":[2],"1":[2],"2":[66,47],"3":[66,1],"4":[66,22],"5":[66,65],"6":[0,8],"7":[2,1],"8":[4,1],"9":[1],"10":[1],"11":[2],"12":[2],"13":[2],"14":[20,20],"15":[20,20],"16":[20,20],"17":[0,1],"18":[6,0],"19":[1,0],"20":[2,0],"21":[1],"22":[1],"23":[33,23],"24":[33,33],"25":[1,1],"26":[3,1],"27":[2,1],"28":[4,4],"29":[1,1],"30":[43,38],"31":[14,11,6],"32":[2],"33":[2],"34":[33,9],"35":[1,5],"36":[1,1],"37":[2,0],"38":[3,1],"39":[2,1]},"meta":{"lastBranch":40,"lastFunction":65,"lastStatement":150,"seen":{"s:38:39:38:48":0,"f:40:8:40:17":0,"s:41:4:41:Infinity":1,"f:44:8:44:21":1,"s:45:4:45:Infinity":2,"f:45:44:45:51":2,"s:45:56:45:76":3,"f:48:8:48:23":3,"s:49:4:51:Infinity":4,"f:50:7:50:14":4,"s:50:19:50:43":5,"f:51:7:51:13":5,"s:51:22:51:36":6,"f:54:8:54:18":6,"s:55:4:55:Infinity":7,"f:55:44:55:51":7,"s:55:56:55:74":8,"f:58:8:58:16":8,"b:58:24:58:29":0,"b:58:38:58:70":1,"s:59:18:59:80":9,"s:60:4:60:Infinity":10,"f:63:8:63:15":9,"s:64:16:64:26":11,"s:65:25:76:Infinity":12,"b:68:16:68:36:68:36:68:Infinity":2,"b:70:15:70:34:70:34:70:Infinity":3,"b:72:12:72:28:72:28:72:Infinity":4,"b:73:18:73:40:73:40:73:42":5,"s:77:4:77:Infinity":13,"s:78:4:78:Infinity":14,"f:81:8:81:15":10,"s:82:18:82:37":15,"b:83:4:83:Infinity:undefined:undefined:undefined:undefined":6,"s:83:4:83:Infinity":16,"s:83:16:83:Infinity":17,"s:84:27:88:Infinity":18,"s:89:4:89:Infinity":19,"s:90:4:90:Infinity":20,"f:93:8:93:15":11,"s:94:4:94:Infinity":21,"f:97:8:97:23":12,"s:98:4:100:Infinity":22,"b:99:6:100:Infinity:undefined:undefined:undefined:undefined":7,"s:99:6:100:Infinity":23,"s:100:8:100:Infinity":24,"f:105:8:105:16":13,"s:106:4:110:Infinity":25,"s:106:17:106:20":26,"s:107:20:107:48":27,"b:108:6:110:Infinity:undefined:undefined:undefined:undefined":8,"s:108:6:110:Infinity":28,"s:109:8:109:Infinity":29,"s:110:8:110:Infinity":30,"s:117:37:117:46":31,"f:119:8:119:17":14,"s:120:4:120:Infinity":32,"f:123:8:123:20":15,"s:124:4:124:Infinity":33,"f:124:43:124:48":16,"s:124:53:124:71":34,"f:127:8:127:18":17,"s:128:4:128:Infinity":35,"f:128:43:128:50":18,"s:128:55:128:73":36,"f:131:8:131:16":19,"b:131:24:131:29":9,"b:131:38:131:69":10,"s:132:18:132:79":37,"s:133:4:133:Infinity":38,"f:136:8:136:19":20,"b:136:27:136:48":11,"s:137:4:140:Infinity":39,"f:138:7:138:14":21,"s:138:19:138:30":40,"f:139:7:139:13":22,"s:139:22:139:48":41,"f:143:8:143:20":23,"b:143:28:143:33":12,"b:143:42:143:73":13,"s:144:20:144:74":42,"f:144:52:144:59":24,"s:144:64:144:74":43,"s:145:18:145:55":44,"s:146:4:146:Infinity":45,"f:149:8:149:15":25,"s:150:16:150:26":46,"s:151:23:166:Infinity":47,"b:155:12:155:28:155:28:155:Infinity":14,"b:156:12:156:28:156:28:156:Infinity":15,"b:158:15:158:34:158:34:158:36":16,"s:167:4:167:Infinity":48,"s:168:4:168:Infinity":49,"f:171:8:171:15":26,"s:172:17:172:35":50,"b:173:4:173:Infinity:undefined:undefined:undefined:undefined":17,"s:173:4:173:Infinity":51,"s:173:15:173:Infinity":52,"s:174:26:174:Infinity":53,"s:175:4:175:Infinity":54,"s:176:4:176:Infinity":55,"f:179:8:179:19":27,"s:180:17:180:35":56,"b:181:4:183:Infinity:undefined:undefined:undefined:undefined":18,"s:181:4:183:Infinity":57,"s:182:6:182:Infinity":58,"s:183:6:183:Infinity":59,"f:187:8:187:16":28,"s:188:17:188:35":60,"b:189:4:191:Infinity:undefined:undefined:undefined:undefined":19,"s:189:4:191:Infinity":61,"s:190:6:190:Infinity":62,"s:191:6:191:Infinity":63,"f:195:8:195:24":29,"s:196:4:196:Infinity":64,"f:199:8:199:36":30,"s:200:4:202:Infinity":65,"b:201:6:202:Infinity:undefined:undefined:undefined:undefined":20,"s:201:6:202:Infinity":66,"s:202:8:202:Infinity":67,"s:209:37:209:46":68,"f:211:8:211:17":31,"s:212:4:212:Infinity":69,"f:215:8:215:28":32,"s:216:4:216:Infinity":70,"f:216:43:216:50":33,"s:216:55:216:83":71,"f:219:8:219:27":34,"s:220:4:220:Infinity":72,"f:220:43:220:50":35,"s:220:55:220:81":73,"f:223:8:223:16":36,"b:223:24:223:29":21,"b:223:38:223:69":22,"s:224:18:224:79":74,"s:225:4:225:Infinity":75,"f:228:8:228:15":37,"s:229:23:237:Infinity":76,"b:233:19:233:42:233:42:233:Infinity":23,"b:234:24:234:52:234:52:234:Infinity":24,"s:238:4:238:Infinity":77,"s:239:4:239:Infinity":78,"f:242:8:242:15":38,"s:243:17:243:35":79,"b:244:4:244:Infinity:undefined:undefined:undefined:undefined":25,"s:244:4:244:Infinity":80,"s:244:15:244:Infinity":81,"s:245:26:245:Infinity":82,"s:246:4:246:Infinity":83,"s:247:4:247:Infinity":84,"f:250:8:250:15":39,"s:251:4:251:Infinity":85,"f:254:8:254:30":40,"s:255:4:257:Infinity":86,"b:256:6:257:Infinity:undefined:undefined:undefined:undefined":26,"s:256:6:257:Infinity":87,"s:257:8:257:Infinity":88,"f:262:8:262:29":41,"s:263:4:265:Infinity":89,"b:264:6:265:Infinity:undefined:undefined:undefined:undefined":27,"s:264:6:265:Infinity":90,"s:265:8:265:Infinity":91,"s:272:35:272:44":92,"f:274:8:274:17":42,"s:275:4:275:Infinity":93,"f:278:8:278:19":43,"s:279:4:279:Infinity":94,"f:279:42:279:47":44,"s:279:52:279:68":95,"f:282:8:282:34":45,"s:283:4:283:Infinity":96,"f:286:8:286:15":46,"s:287:21:293:Infinity":97,"b:290:16:290:28:290:28:290:Infinity":28,"s:294:4:294:Infinity":98,"s:295:4:295:Infinity":99,"f:298:8:298:15":47,"s:299:16:299:33":100,"b:300:4:300:Infinity:undefined:undefined:undefined:undefined":29,"s:300:4:300:Infinity":101,"s:300:14:300:Infinity":102,"s:301:25:301:Infinity":103,"s:302:4:302:Infinity":104,"s:303:4:303:Infinity":105,"f:306:8:306:15":48,"s:307:4:307:Infinity":106,"s:312:46:312:55":107,"f:314:8:314:17":49,"s:315:4:315:Infinity":108,"f:318:8:318:22":50,"s:319:4:321:Infinity":109,"f:320:7:320:14":51,"s:320:19:320:57":110,"b:320:19:320:44:320:44:320:57":30,"f:321:7:321:13":52,"s:321:22:321:48":111,"f:324:8:324:18":53,"s:325:4:326:Infinity":112,"f:326:7:326:12":54,"s:326:17:326:72":113,"b:326:17:326:42:326:42:326:59:326:59:326:72":31,"f:329:8:329:16":55,"b:329:24:329:29":32,"b:329:38:329:73":33,"s:330:18:330:84":114,"s:331:4:331:Infinity":115,"f:334:8:334:15":56,"s:335:16:335:26":116,"s:336:21:336:62":117,"s:337:31:349:Infinity":118,"b:342:12:342:28:342:28:342:Infinity":34,"s:350:4:350:Infinity":119,"s:351:4:351:Infinity":120,"f:354:8:354:15":57,"s:355:21:355:44":121,"b:356:4:356:Infinity:undefined:undefined:undefined:undefined":35,"s:356:4:356:Infinity":122,"s:356:19:356:Infinity":123,"s:357:30:357:Infinity":124,"s:358:4:358:Infinity":125,"s:359:4:359:Infinity":126,"f:362:8:362:15":58,"s:363:21:363:55":127,"b:364:4:365:Infinity:undefined:undefined:undefined:undefined":36,"s:364:4:365:Infinity":128,"s:365:6:365:Infinity":129,"s:367:4:367:Infinity":130,"f:370:8:370:15":59,"s:371:21:371:44":131,"b:372:4:374:Infinity:undefined:undefined:undefined:undefined":37,"s:372:4:374:Infinity":132,"s:373:6:373:Infinity":133,"s:374:6:374:Infinity":134,"f:378:8:378:24":60,"s:379:4:382:Infinity":135,"b:380:6:382:Infinity:undefined:undefined:undefined:undefined":38,"s:380:6:382:Infinity":136,"s:381:8:381:Infinity":137,"s:382:8:382:Infinity":138,"f:387:8:387:30":61,"s:388:21:388:55":139,"b:389:4:391:Infinity:undefined:undefined:undefined:undefined":39,"s:389:4:391:Infinity":140,"s:390:6:390:Infinity":141,"s:391:6:391:Infinity":142,"s:403:37:403:64":143,"s:404:35:404:61":144,"s:405:35:405:61":145,"s:406:33:406:58":146,"s:407:44:407:74":147,"f:409:8:409:23":62,"s:411:4:411:Infinity":148,"f:414:8:414:31":63,"f:418:2:418:21":64,"s:419:4:419:Infinity":149}}}
,"D:\\comind\\comind\\src\\utils\\id.ts": {"path":"D:\\comind\\comind\\src\\utils\\id.ts","statementMap":{"0":{"start":{"line":5,"column":2},"end":{"line":9,"column":null}},"1":{"start":{"line":6,"column":15},"end":{"line":6,"column":null}},"2":{"start":{"line":7,"column":14},"end":{"line":7,"column":null}},"3":{"start":{"line":8,"column":4},"end":{"line":8,"column":null}}},"fnMap":{"0":{"name":"generateUUID","decl":{"start":{"line":4,"column":16},"end":{"line":4,"column":39}},"loc":{"start":{"line":4,"column":39},"end":{"line":9,"column":null}},"line":4},"1":{"name":"(anonymous_1)","decl":{"start":{"line":5,"column":56},"end":{"line":5,"column":66}},"loc":{"start":{"line":5,"column":72},"end":{"line":9,"column":null}},"line":5}},"branchMap":{"0":{"loc":{"start":{"line":7,"column":14},"end":{"line":7,"column":null}},"type":"cond-expr","locations":[{"start":{"line":7,"column":26},"end":{"line":7,"column":31}},{"start":{"line":7,"column":31},"end":{"line":7,"column":null}}],"line":7}},"s":{"0":156,"1":4836,"2":4836,"3":4836},"f":{"0":156,"1":4836},"b":{"0":[4680,156]},"meta":{"lastBranch":1,"lastFunction":2,"lastStatement":4,"seen":{"f:4:16:4:39":0,"s:5:2:9:Infinity":0,"f:5:56:5:66":1,"s:6:15:6:Infinity":1,"s:7:14:7:Infinity":2,"b:7:26:7:31:7:31:7:Infinity":0,"s:8:4:8:Infinity":3}}}
}
