{"D:\\comind\\comind\\src\\composables\\useBlockTree.ts": {"path":"D:\\comind\\comind\\src\\composables\\useBlockTree.ts","statementMap":{"0":{"start":{"line":14,"column":21},"end":{"line":16,"column":34}},"1":{"start":{"line":15,"column":17},"end":{"line":15,"column":37}},"2":{"start":{"line":16,"column":20},"end":{"line":16,"column":34}},"3":{"start":{"line":18,"column":14},"end":{"line":18,"column":41}},"4":{"start":{"line":19,"column":28},"end":{"line":19,"column":30}},"5":{"start":{"line":22,"column":2},"end":{"line":23,"column":null}},"6":{"start":{"line":23,"column":4},"end":{"line":23,"column":null}},"7":{"start":{"line":27,"column":2},"end":{"line":32,"column":null}},"8":{"start":{"line":28,"column":17},"end":{"line":28,"column":34}},"9":{"start":{"line":29,"column":4},"end":{"line":32,"column":null}},"10":{"start":{"line":30,"column":6},"end":{"line":30,"column":null}},"11":{"start":{"line":31,"column":15},"end":{"line":32,"column":null}},"12":{"start":{"line":32,"column":6},"end":{"line":32,"column":null}},"13":{"start":{"line":37,"column":2},"end":{"line":37,"column":null}},"14":{"start":{"line":59,"column":28},"end":{"line":59,"column":30}},"15":{"start":{"line":61,"column":2},"end":{"line":85,"column":null}},"16":{"start":{"line":61,"column":15},"end":{"line":61,"column":18}},"17":{"start":{"line":62,"column":17},"end":{"line":62,"column":null}},"18":{"start":{"line":63,"column":10},"end":{"line":63,"column":null}},"19":{"start":{"line":64,"column":18},"end":{"line":64,"column":55}},"20":{"start":{"line":64,"column":38},"end":{"line":64,"column":55}},"21":{"start":{"line":66,"column":4},"end":{"line":79,"column":null}},"22":{"start":{"line":67,"column":18},"end":{"line":67,"column":null}},"23":{"start":{"line":69,"column":6},"end":{"line":71,"column":null}},"24":{"start":{"line":70,"column":8},"end":{"line":70,"column":null}},"25":{"start":{"line":71,"column":8},"end":{"line":71,"column":null}},"26":{"start":{"line":73,"column":6},"end":{"line":75,"column":null}},"27":{"start":{"line":74,"column":8},"end":{"line":74,"column":null}},"28":{"start":{"line":75,"column":8},"end":{"line":75,"column":null}},"29":{"start":{"line":77,"column":6},"end":{"line":79,"column":null}},"30":{"start":{"line":78,"column":8},"end":{"line":78,"column":null}},"31":{"start":{"line":79,"column":8},"end":{"line":79,"column":null}},"32":{"start":{"line":84,"column":25},"end":{"line":84,"column":84}},"33":{"start":{"line":85,"column":4},"end":{"line":85,"column":null}},"34":{"start":{"line":88,"column":2},"end":{"line":88,"column":null}}},"fnMap":{"0":{"name":"buildTree","decl":{"start":{"line":13,"column":16},"end":{"line":13,"column":26}},"loc":{"start":{"line":13,"column":71},"end":{"line":37,"column":null}},"line":13},"1":{"name":"(anonymous_1)","decl":{"start":{"line":15,"column":5},"end":{"line":15,"column":12}},"loc":{"start":{"line":15,"column":17},"end":{"line":15,"column":37}},"line":15},"2":{"name":"(anonymous_2)","decl":{"start":{"line":16,"column":5},"end":{"line":16,"column":11}},"loc":{"start":{"line":16,"column":20},"end":{"line":16,"column":34}},"line":16},"3":{"name":"syncTreeToStore","decl":{"start":{"line":53,"column":16},"end":{"line":53,"column":null}},"loc":{"start":{"line":58,"column":12},"end":{"line":88,"column":null}},"line":58},"4":{"name":"(anonymous_4)","decl":{"start":{"line":64,"column":28},"end":{"line":64,"column":33}},"loc":{"start":{"line":64,"column":38},"end":{"line":64,"column":55}},"line":64}},"branchMap":{"0":{"loc":{"start":{"line":29,"column":4},"end":{"line":32,"column":null}},"type":"if","locations":[{"start":{"line":29,"column":4},"end":{"line":32,"column":null}},{"start":{"line":31,"column":15},"end":{"line":32,"column":null}}],"line":29},"1":{"loc":{"start":{"line":29,"column":8},"end":{"line":29,"column":49}},"type":"binary-expr","locations":[{"start":{"line":29,"column":8},"end":{"line":29,"column":26}},{"start":{"line":29,"column":26},"end":{"line":29,"column":49}}],"line":29},"2":{"loc":{"start":{"line":31,"column":15},"end":{"line":32,"column":null}},"type":"if","locations":[{"start":{"line":31,"column":15},"end":{"line":32,"column":null}},{"start":{},"end":{}}],"line":31},"3":{"loc":{"start":{"line":57,"column":2},"end":{"line":57,"column":null}},"type":"default-arg","locations":[{"start":{"line":57,"column":20},"end":{"line":57,"column":null}}],"line":57},"4":{"loc":{"start":{"line":66,"column":4},"end":{"line":79,"column":null}},"type":"if","locations":[{"start":{"line":66,"column":4},"end":{"line":79,"column":null}},{"start":{},"end":{}}],"line":66},"5":{"loc":{"start":{"line":69,"column":6},"end":{"line":71,"column":null}},"type":"if","locations":[{"start":{"line":69,"column":6},"end":{"line":71,"column":null}},{"start":{},"end":{}}],"line":69},"6":{"loc":{"start":{"line":73,"column":6},"end":{"line":75,"column":null}},"type":"if","locations":[{"start":{"line":73,"column":6},"end":{"line":75,"column":null}},{"start":{},"end":{}}],"line":73},"7":{"loc":{"start":{"line":77,"column":6},"end":{"line":79,"column":null}},"type":"if","locations":[{"start":{"line":77,"column":6},"end":{"line":79,"column":null}},{"start":{},"end":{}}],"line":77}},"s":{"0":7,"1":14,"2":9,"3":7,"4":7,"5":7,"6":13,"7":7,"8":13,"9":13,"10":4,"11":9,"12":8,"13":7,"14":20,"15":20,"16":20,"17":14,"18":14,"19":14,"20":24,"21":14,"22":14,"23":14,"24":1,"25":1,"26":14,"27":7,"28":7,"29":14,"30":7,"31":7,"32":14,"33":14,"34":14},"f":{"0":7,"1":14,"2":9,"3":20,"4":24},"b":{"0":[4,9],"1":[13,5],"2":[8,1],"3":[20],"4":[14,0],"5":[1,13],"6":[7,7],"7":[7,7]},"meta":{"lastBranch":8,"lastFunction":5,"lastStatement":35,"seen":{"f:13:16:13:26":0,"s:14:21:16:34":0,"f:15:5:15:12":1,"s:15:17:15:37":1,"f:16:5:16:11":2,"s:16:20:16:34":2,"s:18:14:18:41":3,"s:19:28:19:30":4,"s:22:2:23:Infinity":5,"s:23:4:23:Infinity":6,"s:27:2:32:Infinity":7,"s:28:17:28:34":8,"b:29:4:32:Infinity:31:15:32:Infinity":0,"s:29:4:32:Infinity":9,"b:29:8:29:26:29:26:29:49":1,"s:30:6:30:Infinity":10,"b:31:15:32:Infinity:undefined:undefined:undefined:undefined":2,"s:31:15:32:Infinity":11,"s:32:6:32:Infinity":12,"s:37:2:37:Infinity":13,"f:53:16:53:Infinity":3,"b:57:20:57:Infinity":3,"s:59:28:59:30":14,"s:61:2:85:Infinity":15,"s:61:15:61:18":16,"s:62:17:62:Infinity":17,"s:63:10:63:Infinity":18,"s:64:18:64:55":19,"f:64:28:64:33":4,"s:64:38:64:55":20,"b:66:4:79:Infinity:undefined:undefined:undefined:undefined":4,"s:66:4:79:Infinity":21,"s:67:18:67:Infinity":22,"b:69:6:71:Infinity:undefined:undefined:undefined:undefined":5,"s:69:6:71:Infinity":23,"s:70:8:70:Infinity":24,"s:71:8:71:Infinity":25,"b:73:6:75:Infinity:undefined:undefined:undefined:undefined":6,"s:73:6:75:Infinity":26,"s:74:8:74:Infinity":27,"s:75:8:75:Infinity":28,"b:77:6:79:Infinity:undefined:undefined:undefined:undefined":7,"s:77:6:79:Infinity":29,"s:78:8:78:Infinity":30,"s:79:8:79:Infinity":31,"s:84:25:84:84":32,"s:85:4:85:Infinity":33,"s:88:2:88:Infinity":34}}}
,"D:\\comind\\comind\\src\\composables\\useTagFilter.ts": {"path":"D:\\comind\\comind\\src\\composables\\useTagFilter.ts","statementMap":{"0":{"start":{"line":7,"column":6},"end":{"line":7,"column":42}},"1":{"start":{"line":8,"column":6},"end":{"line":8,"column":55}},"2":{"start":{"line":8,"column":30},"end":{"line":8,"column":55}},"3":{"start":{"line":11,"column":73},"end":{"line":11,"column":null}},"4":{"start":{"line":15,"column":2},"end":{"line":15,"column":null}},"5":{"start":{"line":15,"column":23},"end":{"line":15,"column":null}},"6":{"start":{"line":17,"column":20},"end":{"line":17,"column":48}},"7":{"start":{"line":18,"column":62},"end":{"line":18,"column":64}},"8":{"start":{"line":20,"column":2},"end":{"line":22,"column":null}},"9":{"start":{"line":21,"column":17},"end":{"line":21,"column":48}},"10":{"start":{"line":22,"column":4},"end":{"line":22,"column":null}},"11":{"start":{"line":25,"column":2},"end":{"line":25,"column":null}},"12":{"start":{"line":26,"column":2},"end":{"line":26,"column":null}},"13":{"start":{"line":31,"column":2},"end":{"line":31,"column":null}},"14":{"start":{"line":36,"column":19},"end":{"line":36,"column":36}},"15":{"start":{"line":37,"column":18},"end":{"line":37,"column":46}},"16":{"start":{"line":38,"column":16},"end":{"line":38,"column":54}},"17":{"start":{"line":40,"column":2},"end":{"line":43,"column":null}},"18":{"start":{"line":41,"column":20},"end":{"line":41,"column":null}},"19":{"start":{"line":42,"column":4},"end":{"line":42,"column":null}},"20":{"start":{"line":47,"column":8},"end":{"line":47,"column":34}},"21":{"start":{"line":53,"column":4},"end":{"line":53,"column":null}},"22":{"start":{"line":54,"column":4},"end":{"line":54,"column":null}},"23":{"start":{"line":59,"column":4},"end":{"line":59,"column":null}},"24":{"start":{"line":63,"column":8},"end":{"line":66,"column":null}},"25":{"start":{"line":64,"column":4},"end":{"line":64,"column":null}},"26":{"start":{"line":64,"column":46},"end":{"line":64,"column":null}},"27":{"start":{"line":65,"column":4},"end":{"line":65,"column":null}},"28":{"start":{"line":69,"column":8},"end":{"line":76,"column":null}},"29":{"start":{"line":70,"column":16},"end":{"line":70,"column":62}},"30":{"start":{"line":71,"column":4},"end":{"line":73,"column":null}},"31":{"start":{"line":72,"column":6},"end":{"line":72,"column":null}},"32":{"start":{"line":72,"column":36},"end":{"line":72,"column":null}},"33":{"start":{"line":73,"column":6},"end":{"line":73,"column":null}},"34":{"start":{"line":75,"column":4},"end":{"line":75,"column":null}},"35":{"start":{"line":81,"column":17},"end":{"line":81,"column":71}},"36":{"start":{"line":81,"column":48},"end":{"line":81,"column":71}},"37":{"start":{"line":82,"column":24},"end":{"line":82,"column":null}},"38":{"start":{"line":83,"column":4},"end":{"line":83,"column":null}},"39":{"start":{"line":83,"column":22},"end":{"line":83,"column":null}},"40":{"start":{"line":85,"column":4},"end":{"line":85,"column":null}},"41":{"start":{"line":87,"column":4},"end":{"line":87,"column":null}},"42":{"start":{"line":89,"column":4},"end":{"line":92,"column":null}},"43":{"start":{"line":90,"column":33},"end":{"line":90,"column":null}},"44":{"start":{"line":91,"column":6},"end":{"line":91,"column":null}},"45":{"start":{"line":95,"column":2},"end":{"line":103,"column":null}}},"fnMap":{"0":{"name":"(anonymous_0)","decl":{"start":{"line":8,"column":15},"end":{"line":8,"column":30}},"loc":{"start":{"line":8,"column":30},"end":{"line":8,"column":55}},"line":8},"1":{"name":"preloadAllBlocks","decl":{"start":{"line":14,"column":15},"end":{"line":14,"column":32}},"loc":{"start":{"line":14,"column":129},"end":{"line":26,"column":null}},"line":14},"2":{"name":"invalidateTagCache","decl":{"start":{"line":30,"column":16},"end":{"line":30,"column":37}},"loc":{"start":{"line":30,"column":37},"end":{"line":31,"column":null}},"line":30},"3":{"name":"filterByTag","decl":{"start":{"line":35,"column":9},"end":{"line":35,"column":21}},"loc":{"start":{"line":35,"column":127},"end":{"line":43,"column":null}},"line":35},"4":{"name":"(anonymous_4)","decl":{"start":{"line":40,"column":13},"end":{"line":40,"column":20}},"loc":{"start":{"line":40,"column":28},"end":{"line":43,"column":null}},"line":40},"5":{"name":"useTagFilter","decl":{"start":{"line":46,"column":16},"end":{"line":46,"column":31}},"loc":{"start":{"line":46,"column":31},"end":{"line":103,"column":null}},"line":46},"6":{"name":"openFilter","decl":{"start":{"line":50,"column":17},"end":{"line":50,"column":28}},"loc":{"start":{"line":50,"column":41},"end":{"line":54,"column":null}},"line":50},"7":{"name":"closeFilter","decl":{"start":{"line":58,"column":11},"end":{"line":58,"column":25}},"loc":{"start":{"line":58,"column":25},"end":{"line":59,"column":null}},"line":58},"8":{"name":"(anonymous_8)","decl":{"start":{"line":63,"column":25},"end":{"line":63,"column":40}},"loc":{"start":{"line":63,"column":40},"end":{"line":66,"column":null}},"line":63},"9":{"name":"(anonymous_9)","decl":{"start":{"line":69,"column":17},"end":{"line":69,"column":32}},"loc":{"start":{"line":69,"column":32},"end":{"line":76,"column":null}},"line":69},"10":{"name":"navigateToBlock","decl":{"start":{"line":79,"column":17},"end":{"line":79,"column":33}},"loc":{"start":{"line":79,"column":50},"end":{"line":92,"column":null}},"line":79},"11":{"name":"(anonymous_11)","decl":{"start":{"line":81,"column":38},"end":{"line":81,"column":43}},"loc":{"start":{"line":81,"column":48},"end":{"line":81,"column":71}},"line":81},"12":{"name":"(anonymous_12)","decl":{"start":{"line":89,"column":15},"end":{"line":89,"column":27}},"loc":{"start":{"line":89,"column":27},"end":{"line":92,"column":11}},"line":89}},"branchMap":{"0":{"loc":{"start":{"line":15,"column":2},"end":{"line":15,"column":null}},"type":"if","locations":[{"start":{"line":15,"column":2},"end":{"line":15,"column":null}},{"start":{},"end":{}}],"line":15},"1":{"loc":{"start":{"line":22,"column":37},"end":{"line":22,"column":63}},"type":"binary-expr","locations":[{"start":{"line":22,"column":37},"end":{"line":22,"column":52}},{"start":{"line":22,"column":52},"end":{"line":22,"column":63}}],"line":22},"2":{"loc":{"start":{"line":64,"column":4},"end":{"line":64,"column":null}},"type":"if","locations":[{"start":{"line":64,"column":4},"end":{"line":64,"column":null}},{"start":{},"end":{}}],"line":64},"3":{"loc":{"start":{"line":64,"column":8},"end":{"line":64,"column":46}},"type":"binary-expr","locations":[{"start":{"line":64,"column":8},"end":{"line":64,"column":28}},{"start":{"line":64,"column":28},"end":{"line":64,"column":46}}],"line":64},"4":{"loc":{"start":{"line":72,"column":6},"end":{"line":72,"column":null}},"type":"if","locations":[{"start":{"line":72,"column":6},"end":{"line":72,"column":null}},{"start":{},"end":{}}],"line":72},"5":{"loc":{"start":{"line":83,"column":4},"end":{"line":83,"column":null}},"type":"if","locations":[{"start":{"line":83,"column":4},"end":{"line":83,"column":null}},{"start":{},"end":{}}],"line":83}},"s":{"0":3,"1":3,"2":0,"3":3,"4":0,"5":0,"6":0,"7":0,"8":0,"9":0,"10":0,"11":0,"12":0,"13":70,"14":0,"15":0,"16":0,"17":0,"18":0,"19":0,"20":0,"21":0,"22":0,"23":0,"24":0,"25":0,"26":0,"27":0,"28":0,"29":0,"30":0,"31":0,"32":0,"33":0,"34":0,"35":0,"36":0,"37":0,"38":0,"39":0,"40":0,"41":0,"42":0,"43":0,"44":0,"45":0},"f":{"0":0,"1":0,"2":70,"3":0,"4":0,"5":0,"6":0,"7":0,"8":0,"9":0,"10":0,"11":0,"12":0},"b":{"0":[0,0],"1":[0,0],"2":[0,0],"3":[0,0],"4":[0,0],"5":[0,0]},"meta":{"lastBranch":6,"lastFunction":13,"lastStatement":46,"seen":{"s:7:6:7:42":0,"s:8:6:8:55":1,"f:8:15:8:30":0,"s:8:30:8:55":2,"s:11:73:11:Infinity":3,"f:14:15:14:32":1,"b:15:2:15:Infinity:undefined:undefined:undefined:undefined":0,"s:15:2:15:Infinity":4,"s:15:23:15:Infinity":5,"s:17:20:17:48":6,"s:18:62:18:64":7,"s:20:2:22:Infinity":8,"s:21:17:21:48":9,"s:22:4:22:Infinity":10,"b:22:37:22:52:22:52:22:63":1,"s:25:2:25:Infinity":11,"s:26:2:26:Infinity":12,"f:30:16:30:37":2,"s:31:2:31:Infinity":13,"f:35:9:35:21":3,"s:36:19:36:36":14,"s:37:18:37:46":15,"s:38:16:38:54":16,"s:40:2:43:Infinity":17,"f:40:13:40:20":4,"s:41:20:41:Infinity":18,"s:42:4:42:Infinity":19,"f:46:16:46:31":5,"s:47:8:47:34":20,"f:50:17:50:28":6,"s:53:4:53:Infinity":21,"s:54:4:54:Infinity":22,"f:58:11:58:25":7,"s:59:4:59:Infinity":23,"s:63:8:66:Infinity":24,"f:63:25:63:40":8,"b:64:4:64:Infinity:undefined:undefined:undefined:undefined":2,"s:64:4:64:Infinity":25,"b:64:8:64:28:64:28:64:46":3,"s:64:46:64:Infinity":26,"s:65:4:65:Infinity":27,"s:69:8:76:Infinity":28,"f:69:17:69:32":9,"s:70:16:70:62":29,"s:71:4:73:Infinity":30,"b:72:6:72:Infinity:undefined:undefined:undefined:undefined":4,"s:72:6:72:Infinity":31,"s:72:36:72:Infinity":32,"s:73:6:73:Infinity":33,"s:75:4:75:Infinity":34,"f:79:17:79:33":10,"s:81:17:81:71":35,"f:81:38:81:43":11,"s:81:48:81:71":36,"s:82:24:82:Infinity":37,"b:83:4:83:Infinity:undefined:undefined:undefined:undefined":5,"s:83:4:83:Infinity":38,"s:83:22:83:Infinity":39,"s:85:4:85:Infinity":40,"s:87:4:87:Infinity":41,"s:89:4:92:Infinity":42,"f:89:15:89:27":12,"s:90:33:90:Infinity":43,"s:91:6:91:Infinity":44,"s:95:2:103:Infinity":45}}}
,"D:\\comind\\comind\\src\\storage\\db.ts": {"path":"D:\\comind\\comind\\src\\storage\\db.ts","statementMap":{"0":{"start":{"line":12,"column":4},"end":{"line":12,"column":null}},"1":{"start":{"line":13,"column":4},"end":{"line":17,"column":null}},"2":{"start":{"line":21,"column":18},"end":{"line":21,"column":32}}},"fnMap":{"0":{"name":"(anonymous_0)","decl":{"start":{"line":11,"column":2},"end":{"line":11,"column":16}},"loc":{"start":{"line":11,"column":16},"end":{"line":17,"column":null}},"line":11}},"branchMap":{},"s":{"0":1,"1":1,"2":1},"f":{"0":1},"b":{},"meta":{"lastBranch":0,"lastFunction":1,"lastStatement":3,"seen":{"f:11:2:11:16":0,"s:12:4:12:Infinity":0,"s:13:4:17:Infinity":1,"s:21:18:21:32":2}}}
,"D:\\comind\\comind\\src\\storage\\indexedDB.ts": {"path":"D:\\comind\\comind\\src\\storage\\indexedDB.ts","statementMap":{"0":{"start":{"line":10,"column":2},"end":{"line":21,"column":null}},"1":{"start":{"line":25,"column":2},"end":{"line":36,"column":null}},"2":{"start":{"line":40,"column":2},"end":{"line":53,"column":null}},"3":{"start":{"line":57,"column":2},"end":{"line":70,"column":null}},"4":{"start":{"line":75,"column":4},"end":{"line":81,"column":null}},"5":{"start":{"line":77,"column":6},"end":{"line":77,"column":null}},"6":{"start":{"line":80,"column":6},"end":{"line":80,"column":null}},"7":{"start":{"line":86,"column":4},"end":{"line":86,"column":null}},"8":{"start":{"line":88,"column":4},"end":{"line":108,"column":null}},"9":{"start":{"line":89,"column":6},"end":{"line":108,"column":null}},"10":{"start":{"line":92,"column":14},"end":{"line":92,"column":66}},"11":{"start":{"line":93,"column":28},"end":{"line":93,"column":null}},"12":{"start":{"line":94,"column":25},"end":{"line":94,"column":82}},"13":{"start":{"line":96,"column":8},"end":{"line":100,"column":null}},"14":{"start":{"line":97,"column":27},"end":{"line":97,"column":83}},"15":{"start":{"line":98,"column":26},"end":{"line":98,"column":83}},"16":{"start":{"line":99,"column":10},"end":{"line":99,"column":null}},"17":{"start":{"line":100,"column":10},"end":{"line":100,"column":null}},"18":{"start":{"line":102,"column":8},"end":{"line":108,"column":null}},"19":{"start":{"line":114,"column":23},"end":{"line":114,"column":79}},"20":{"start":{"line":115,"column":19},"end":{"line":115,"column":48}},"21":{"start":{"line":118,"column":21},"end":{"line":118,"column":54}},"22":{"start":{"line":119,"column":4},"end":{"line":122,"column":null}},"23":{"start":{"line":120,"column":38},"end":{"line":120,"column":null}},"24":{"start":{"line":121,"column":6},"end":{"line":121,"column":null}},"25":{"start":{"line":121,"column":35},"end":{"line":121,"column":null}},"26":{"start":{"line":122,"column":6},"end":{"line":122,"column":null}},"27":{"start":{"line":126,"column":4},"end":{"line":127,"column":null}},"28":{"start":{"line":127,"column":6},"end":{"line":127,"column":null}},"29":{"start":{"line":127,"column":30},"end":{"line":127,"column":44}},"30":{"start":{"line":131,"column":28},"end":{"line":131,"column":30}},"31":{"start":{"line":132,"column":10},"end":{"line":136,"column":null}},"32":{"start":{"line":133,"column":23},"end":{"line":133,"column":51}},"33":{"start":{"line":134,"column":6},"end":{"line":136,"column":null}},"34":{"start":{"line":135,"column":8},"end":{"line":135,"column":null}},"35":{"start":{"line":136,"column":8},"end":{"line":136,"column":null}},"36":{"start":{"line":140,"column":4},"end":{"line":140,"column":null}},"37":{"start":{"line":141,"column":4},"end":{"line":141,"column":null}},"38":{"start":{"line":145,"column":20},"end":{"line":145,"column":45}},"39":{"start":{"line":146,"column":4},"end":{"line":146,"column":null}},"40":{"start":{"line":150,"column":4},"end":{"line":153,"column":null}},"41":{"start":{"line":151,"column":6},"end":{"line":151,"column":null}},"42":{"start":{"line":152,"column":6},"end":{"line":152,"column":null}},"43":{"start":{"line":158,"column":4},"end":{"line":163,"column":null}},"44":{"start":{"line":160,"column":6},"end":{"line":160,"column":null}},"45":{"start":{"line":162,"column":6},"end":{"line":162,"column":null}},"46":{"start":{"line":167,"column":19},"end":{"line":167,"column":70}},"47":{"start":{"line":168,"column":4},"end":{"line":168,"column":null}},"48":{"start":{"line":183,"column":16},"end":{"line":183,"column":26}},"49":{"start":{"line":184,"column":23},"end":{"line":197,"column":null}},"50":{"start":{"line":198,"column":4},"end":{"line":198,"column":null}},"51":{"start":{"line":199,"column":4},"end":{"line":199,"column":null}},"52":{"start":{"line":203,"column":20},"end":{"line":203,"column":61}},"53":{"start":{"line":204,"column":4},"end":{"line":204,"column":null}},"54":{"start":{"line":208,"column":19},"end":{"line":208,"column":41}},"55":{"start":{"line":209,"column":4},"end":{"line":209,"column":null}},"56":{"start":{"line":213,"column":20},"end":{"line":213,"column":77}},"57":{"start":{"line":214,"column":4},"end":{"line":214,"column":null}},"58":{"start":{"line":218,"column":4},"end":{"line":218,"column":null}},"59":{"start":{"line":223,"column":4},"end":{"line":231,"column":null}},"60":{"start":{"line":224,"column":21},"end":{"line":224,"column":47}},"61":{"start":{"line":225,"column":6},"end":{"line":229,"column":null}},"62":{"start":{"line":226,"column":21},"end":{"line":226,"column":41}},"63":{"start":{"line":227,"column":8},"end":{"line":227,"column":null}},"64":{"start":{"line":228,"column":8},"end":{"line":228,"column":null}},"65":{"start":{"line":229,"column":8},"end":{"line":229,"column":null}},"66":{"start":{"line":236,"column":4},"end":{"line":236,"column":null}},"67":{"start":{"line":244,"column":4},"end":{"line":286,"column":null}},"68":{"start":{"line":246,"column":27},"end":{"line":246,"column":55}},"69":{"start":{"line":247,"column":27},"end":{"line":247,"column":55}},"70":{"start":{"line":248,"column":6},"end":{"line":248,"column":null}},"71":{"start":{"line":248,"column":42},"end":{"line":248,"column":null}},"72":{"start":{"line":249,"column":25},"end":{"line":249,"column":51}},"73":{"start":{"line":250,"column":25},"end":{"line":250,"column":51}},"74":{"start":{"line":251,"column":26},"end":{"line":251,"column":null}},"75":{"start":{"line":252,"column":26},"end":{"line":252,"column":null}},"76":{"start":{"line":255,"column":27},"end":{"line":255,"column":85}},"77":{"start":{"line":256,"column":27},"end":{"line":256,"column":58}},"78":{"start":{"line":259,"column":6},"end":{"line":265,"column":null}},"79":{"start":{"line":260,"column":8},"end":{"line":260,"column":null}},"80":{"start":{"line":261,"column":8},"end":{"line":261,"column":null}},"81":{"start":{"line":262,"column":8},"end":{"line":262,"column":null}},"82":{"start":{"line":263,"column":8},"end":{"line":263,"column":null}},"83":{"start":{"line":265,"column":8},"end":{"line":265,"column":null}},"84":{"start":{"line":269,"column":27},"end":{"line":269,"column":85}},"85":{"start":{"line":270,"column":6},"end":{"line":277,"column":null}},"86":{"start":{"line":271,"column":22},"end":{"line":271,"column":43}},"87":{"start":{"line":272,"column":27},"end":{"line":272,"column":83}},"88":{"start":{"line":273,"column":8},"end":{"line":277,"column":null}},"89":{"start":{"line":274,"column":10},"end":{"line":274,"column":null}},"90":{"start":{"line":275,"column":10},"end":{"line":275,"column":null}},"91":{"start":{"line":276,"column":10},"end":{"line":276,"column":null}},"92":{"start":{"line":277,"column":10},"end":{"line":277,"column":null}},"93":{"start":{"line":282,"column":6},"end":{"line":282,"column":null}},"94":{"start":{"line":285,"column":6},"end":{"line":285,"column":null}},"95":{"start":{"line":293,"column":16},"end":{"line":293,"column":26}},"96":{"start":{"line":296,"column":29},"end":{"line":307,"column":null}},"97":{"start":{"line":310,"column":23},"end":{"line":323,"column":null}},"98":{"start":{"line":326,"column":4},"end":{"line":326,"column":null}},"99":{"start":{"line":329,"column":4},"end":{"line":332,"column":null}},"100":{"start":{"line":330,"column":6},"end":{"line":330,"column":null}},"101":{"start":{"line":331,"column":6},"end":{"line":331,"column":null}},"102":{"start":{"line":334,"column":4},"end":{"line":334,"column":null}},"103":{"start":{"line":341,"column":4},"end":{"line":357,"column":null}},"104":{"start":{"line":343,"column":21},"end":{"line":343,"column":77}},"105":{"start":{"line":344,"column":23},"end":{"line":344,"column":44}},"106":{"start":{"line":344,"column":39},"end":{"line":344,"column":44}},"107":{"start":{"line":348,"column":6},"end":{"line":348,"column":null}},"108":{"start":{"line":350,"column":6},"end":{"line":350,"column":null}},"109":{"start":{"line":353,"column":6},"end":{"line":353,"column":null}},"110":{"start":{"line":356,"column":6},"end":{"line":356,"column":null}},"111":{"start":{"line":364,"column":19},"end":{"line":364,"column":50}},"112":{"start":{"line":365,"column":18},"end":{"line":365,"column":null}},"113":{"start":{"line":366,"column":18},"end":{"line":366,"column":83}},"114":{"start":{"line":366,"column":44},"end":{"line":366,"column":81}},"115":{"start":{"line":368,"column":19},"end":{"line":368,"column":45}},"116":{"start":{"line":369,"column":4},"end":{"line":374,"column":null}},"117":{"start":{"line":370,"column":19},"end":{"line":370,"column":39}},"118":{"start":{"line":371,"column":6},"end":{"line":371,"column":null}},"119":{"start":{"line":372,"column":6},"end":{"line":372,"column":null}},"120":{"start":{"line":373,"column":6},"end":{"line":373,"column":null}},"121":{"start":{"line":374,"column":6},"end":{"line":374,"column":null}},"122":{"start":{"line":386,"column":18},"end":{"line":386,"column":68}},"123":{"start":{"line":388,"column":16},"end":{"line":388,"column":71}},"124":{"start":{"line":389,"column":2},"end":{"line":391,"column":null}},"125":{"start":{"line":390,"column":4},"end":{"line":390,"column":null}},"126":{"start":{"line":394,"column":23},"end":{"line":394,"column":45}}},"fnMap":{"0":{"name":"recordToBlock","decl":{"start":{"line":9,"column":9},"end":{"line":9,"column":23}},"loc":{"start":{"line":9,"column":51},"end":{"line":21,"column":null}},"line":9},"1":{"name":"blockToRecord","decl":{"start":{"line":24,"column":9},"end":{"line":24,"column":23}},"loc":{"start":{"line":24,"column":50},"end":{"line":36,"column":null}},"line":24},"2":{"name":"pageToRecord","decl":{"start":{"line":39,"column":9},"end":{"line":39,"column":22}},"loc":{"start":{"line":39,"column":46},"end":{"line":53,"column":null}},"line":39},"3":{"name":"recordToPage","decl":{"start":{"line":56,"column":9},"end":{"line":56,"column":22}},"loc":{"start":{"line":56,"column":48},"end":{"line":70,"column":null}},"line":56},"4":{"name":"(anonymous_4)","decl":{"start":{"line":74,"column":8},"end":{"line":74,"column":18}},"loc":{"start":{"line":74,"column":47},"end":{"line":81,"column":null}},"line":74},"5":{"name":"(anonymous_5)","decl":{"start":{"line":75,"column":62},"end":{"line":75,"column":74}},"loc":{"start":{"line":75,"column":74},"end":{"line":81,"column":null}},"line":75},"6":{"name":"(anonymous_6)","decl":{"start":{"line":84,"column":16},"end":{"line":84,"column":26}},"loc":{"start":{"line":84,"column":106},"end":{"line":108,"column":null}},"line":84},"7":{"name":"(anonymous_7)","decl":{"start":{"line":113,"column":8},"end":{"line":113,"column":21}},"loc":{"start":{"line":113,"column":55},"end":{"line":141,"column":null}},"line":113},"8":{"name":"(anonymous_8)","decl":{"start":{"line":127,"column":15},"end":{"line":127,"column":21}},"loc":{"start":{"line":127,"column":30},"end":{"line":127,"column":44}},"line":127},"9":{"name":"(anonymous_9)","decl":{"start":{"line":132,"column":10},"end":{"line":132,"column":17}},"loc":{"start":{"line":132,"column":45},"end":{"line":136,"column":null}},"line":132},"10":{"name":"(anonymous_10)","decl":{"start":{"line":144,"column":8},"end":{"line":144,"column":41}},"loc":{"start":{"line":144,"column":41},"end":{"line":146,"column":null}},"line":144},"11":{"name":"(anonymous_11)","decl":{"start":{"line":149,"column":8},"end":{"line":149,"column":20}},"loc":{"start":{"line":149,"column":52},"end":{"line":153,"column":null}},"line":149},"12":{"name":"(anonymous_12)","decl":{"start":{"line":150,"column":52},"end":{"line":150,"column":64}},"loc":{"start":{"line":150,"column":64},"end":{"line":153,"column":null}},"line":150},"13":{"name":"(anonymous_13)","decl":{"start":{"line":157,"column":8},"end":{"line":157,"column":27}},"loc":{"start":{"line":157,"column":62},"end":{"line":163,"column":null}},"line":157},"14":{"name":"(anonymous_14)","decl":{"start":{"line":158,"column":52},"end":{"line":158,"column":64}},"loc":{"start":{"line":158,"column":64},"end":{"line":163,"column":null}},"line":158},"15":{"name":"(anonymous_15)","decl":{"start":{"line":166,"column":8},"end":{"line":166,"column":16}},"loc":{"start":{"line":166,"column":58},"end":{"line":168,"column":null}},"line":166},"16":{"name":"(anonymous_16)","decl":{"start":{"line":182,"column":8},"end":{"line":182,"column":19}},"loc":{"start":{"line":182,"column":88},"end":{"line":199,"column":null}},"line":182},"17":{"name":"(anonymous_17)","decl":{"start":{"line":202,"column":8},"end":{"line":202,"column":39}},"loc":{"start":{"line":202,"column":39},"end":{"line":204,"column":null}},"line":202},"18":{"name":"(anonymous_18)","decl":{"start":{"line":207,"column":8},"end":{"line":207,"column":16}},"loc":{"start":{"line":207,"column":55},"end":{"line":209,"column":null}},"line":207},"19":{"name":"(anonymous_19)","decl":{"start":{"line":212,"column":8},"end":{"line":212,"column":23}},"loc":{"start":{"line":212,"column":68},"end":{"line":214,"column":null}},"line":212},"20":{"name":"(anonymous_20)","decl":{"start":{"line":217,"column":8},"end":{"line":217,"column":21}},"loc":{"start":{"line":217,"column":60},"end":{"line":218,"column":null}},"line":217},"21":{"name":"(anonymous_21)","decl":{"start":{"line":222,"column":8},"end":{"line":222,"column":19}},"loc":{"start":{"line":222,"column":68},"end":{"line":231,"column":null}},"line":222},"22":{"name":"(anonymous_22)","decl":{"start":{"line":223,"column":43},"end":{"line":223,"column":55}},"loc":{"start":{"line":223,"column":55},"end":{"line":231,"column":null}},"line":223},"23":{"name":"(anonymous_23)","decl":{"start":{"line":235,"column":8},"end":{"line":235,"column":19}},"loc":{"start":{"line":235,"column":46},"end":{"line":236,"column":null}},"line":235},"24":{"name":"(anonymous_24)","decl":{"start":{"line":243,"column":8},"end":{"line":243,"column":18}},"loc":{"start":{"line":243,"column":69},"end":{"line":286,"column":null}},"line":243},"25":{"name":"(anonymous_25)","decl":{"start":{"line":244,"column":64},"end":{"line":244,"column":76}},"loc":{"start":{"line":244,"column":76},"end":{"line":286,"column":null}},"line":244},"26":{"name":"(anonymous_26)","decl":{"start":{"line":292,"column":8},"end":{"line":292,"column":32}},"loc":{"start":{"line":292,"column":101},"end":{"line":334,"column":null}},"line":292},"27":{"name":"(anonymous_27)","decl":{"start":{"line":329,"column":54},"end":{"line":329,"column":66}},"loc":{"start":{"line":329,"column":66},"end":{"line":332,"column":null}},"line":329},"28":{"name":"(anonymous_28)","decl":{"start":{"line":340,"column":8},"end":{"line":340,"column":19}},"loc":{"start":{"line":340,"column":50},"end":{"line":357,"column":null}},"line":340},"29":{"name":"(anonymous_29)","decl":{"start":{"line":341,"column":64},"end":{"line":341,"column":76}},"loc":{"start":{"line":341,"column":76},"end":{"line":357,"column":null}},"line":341},"30":{"name":"(anonymous_30)","decl":{"start":{"line":344,"column":30},"end":{"line":344,"column":34}},"loc":{"start":{"line":344,"column":39},"end":{"line":344,"column":44}},"line":344},"31":{"name":"(anonymous_31)","decl":{"start":{"line":363,"column":8},"end":{"line":363,"column":22}},"loc":{"start":{"line":363,"column":53},"end":{"line":374,"column":null}},"line":363},"32":{"name":"(anonymous_32)","decl":{"start":{"line":366,"column":25},"end":{"line":366,"column":33}},"loc":{"start":{"line":366,"column":44},"end":{"line":366,"column":81}},"line":366},"33":{"name":"replacePageLink","decl":{"start":{"line":384,"column":9},"end":{"line":384,"column":25}},"loc":{"start":{"line":384,"column":92},"end":{"line":391,"column":null}},"line":384},"34":{"name":"(anonymous_34)","decl":{"start":{"line":389,"column":25},"end":{"line":389,"column":33}},"loc":{"start":{"line":389,"column":70},"end":{"line":391,"column":null}},"line":389}},"branchMap":{"0":{"loc":{"start":{"line":89,"column":6},"end":{"line":108,"column":null}},"type":"if","locations":[{"start":{"line":89,"column":6},"end":{"line":108,"column":null}},{"start":{},"end":{}}],"line":89},"1":{"loc":{"start":{"line":93,"column":28},"end":{"line":93,"column":null}},"type":"binary-expr","locations":[{"start":{"line":93,"column":28},"end":{"line":93,"column":42}},{"start":{"line":93,"column":42},"end":{"line":93,"column":null}}],"line":93},"2":{"loc":{"start":{"line":96,"column":8},"end":{"line":100,"column":null}},"type":"if","locations":[{"start":{"line":96,"column":8},"end":{"line":100,"column":null}},{"start":{},"end":{}}],"line":96},"3":{"loc":{"start":{"line":97,"column":27},"end":{"line":97,"column":83}},"type":"cond-expr","locations":[{"start":{"line":97,"column":40},"end":{"line":97,"column":52}},{"start":{"line":97,"column":40},"end":{"line":97,"column":83}}],"line":97},"4":{"loc":{"start":{"line":121,"column":6},"end":{"line":121,"column":null}},"type":"if","locations":[{"start":{"line":121,"column":6},"end":{"line":121,"column":null}},{"start":{},"end":{}}],"line":121},"5":{"loc":{"start":{"line":133,"column":23},"end":{"line":133,"column":51}},"type":"binary-expr","locations":[{"start":{"line":133,"column":23},"end":{"line":133,"column":45}},{"start":{"line":133,"column":49},"end":{"line":133,"column":51}}],"line":133},"6":{"loc":{"start":{"line":168,"column":11},"end":{"line":168,"column":null}},"type":"cond-expr","locations":[{"start":{"line":168,"column":20},"end":{"line":168,"column":40}},{"start":{"line":168,"column":43},"end":{"line":168,"column":null}}],"line":168},"7":{"loc":{"start":{"line":182,"column":34},"end":{"line":182,"column":88}},"type":"default-arg","locations":[{"start":{"line":182,"column":63},"end":{"line":182,"column":88}}],"line":182},"8":{"loc":{"start":{"line":209,"column":11},"end":{"line":209,"column":null}},"type":"cond-expr","locations":[{"start":{"line":209,"column":20},"end":{"line":209,"column":40}},{"start":{"line":209,"column":43},"end":{"line":209,"column":null}}],"line":209},"9":{"loc":{"start":{"line":225,"column":6},"end":{"line":229,"column":null}},"type":"if","locations":[{"start":{"line":225,"column":6},"end":{"line":229,"column":null}},{"start":{},"end":{}}],"line":225},"10":{"loc":{"start":{"line":248,"column":6},"end":{"line":248,"column":null}},"type":"if","locations":[{"start":{"line":248,"column":6},"end":{"line":248,"column":null}},{"start":{},"end":{}}],"line":248},"11":{"loc":{"start":{"line":248,"column":10},"end":{"line":248,"column":42}},"type":"binary-expr","locations":[{"start":{"line":248,"column":10},"end":{"line":248,"column":27}},{"start":{"line":248,"column":27},"end":{"line":248,"column":42}}],"line":248},"12":{"loc":{"start":{"line":273,"column":8},"end":{"line":277,"column":null}},"type":"if","locations":[{"start":{"line":273,"column":8},"end":{"line":277,"column":null}},{"start":{},"end":{}}],"line":273},"13":{"loc":{"start":{"line":292,"column":47},"end":{"line":292,"column":101}},"type":"default-arg","locations":[{"start":{"line":292,"column":76},"end":{"line":292,"column":101}}],"line":292},"14":{"loc":{"start":{"line":369,"column":4},"end":{"line":374,"column":null}},"type":"if","locations":[{"start":{"line":369,"column":4},"end":{"line":374,"column":null}},{"start":{},"end":{}}],"line":369},"15":{"loc":{"start":{"line":390,"column":11},"end":{"line":390,"column":null}},"type":"cond-expr","locations":[{"start":{"line":390,"column":23},"end":{"line":390,"column":58}},{"start":{"line":390,"column":58},"end":{"line":390,"column":null}}],"line":390}},"s":{"0":0,"1":0,"2":0,"3":0,"4":0,"5":0,"6":0,"7":0,"8":0,"9":0,"10":0,"11":0,"12":0,"13":0,"14":0,"15":0,"16":0,"17":0,"18":0,"19":0,"20":0,"21":0,"22":0,"23":0,"24":0,"25":0,"26":0,"27":0,"28":0,"29":0,"30":0,"31":0,"32":0,"33":0,"34":0,"35":0,"36":0,"37":0,"38":0,"39":0,"40":0,"41":0,"42":0,"43":0,"44":0,"45":0,"46":0,"47":0,"48":0,"49":0,"50":0,"51":0,"52":0,"53":0,"54":0,"55":0,"56":0,"57":0,"58":0,"59":0,"60":0,"61":0,"62":0,"63":0,"64":0,"65":0,"66":0,"67":0,"68":0,"69":0,"70":0,"71":0,"72":0,"73":0,"74":0,"75":0,"76":0,"77":0,"78":0,"79":0,"80":0,"81":0,"82":0,"83":0,"84":0,"85":0,"86":0,"87":0,"88":0,"89":0,"90":0,"91":0,"92":0,"93":0,"94":0,"95":0,"96":0,"97":0,"98":0,"99":0,"100":0,"101":0,"102":0,"103":0,"104":0,"105":0,"106":0,"107":0,"108":0,"109":0,"110":0,"111":0,"112":0,"113":0,"114":0,"115":0,"116":0,"117":0,"118":0,"119":0,"120":0,"121":0,"122":0,"123":0,"124":0,"125":0,"126":1},"f":{"0":0,"1":0,"2":0,"3":0,"4":0,"5":0,"6":0,"7":0,"8":0,"9":0,"10":0,"11":0,"12":0,"13":0,"14":0,"15":0,"16":0,"17":0,"18":0,"19":0,"20":0,"21":0,"22":0,"23":0,"24":0,"25":0,"26":0,"27":0,"28":0,"29":0,"30":0,"31":0,"32":0,"33":0,"34":0},"b":{"0":[0,0],"1":[0,0],"2":[0,0],"3":[0,0],"4":[0,0],"5":[0,0],"6":[0,0],"7":[0],"8":[0,0],"9":[0,0],"10":[0,0],"11":[0,0],"12":[0,0],"13":[0],"14":[0,0],"15":[0,0]},"meta":{"lastBranch":16,"lastFunction":35,"lastStatement":127,"seen":{"f:9:9:9:23":0,"s:10:2:21:Infinity":0,"f:24:9:24:23":1,"s:25:2:36:Infinity":1,"f:39:9:39:22":2,"s:40:2:53:Infinity":2,"f:56:9:56:22":3,"s:57:2:70:Infinity":3,"f:74:8:74:18":4,"s:75:4:81:Infinity":4,"f:75:62:75:74":5,"s:77:6:77:Infinity":5,"s:80:6:80:Infinity":6,"f:84:16:84:26":6,"s:86:4:86:Infinity":7,"s:88:4:108:Infinity":8,"b:89:6:108:Infinity:undefined:undefined:undefined:undefined":0,"s:89:6:108:Infinity":9,"s:92:14:92:66":10,"s:93:28:93:Infinity":11,"b:93:28:93:42:93:42:93:Infinity":1,"s:94:25:94:82":12,"b:96:8:100:Infinity:undefined:undefined:undefined:undefined":2,"s:96:8:100:Infinity":13,"s:97:27:97:83":14,"b:97:40:97:52:97:40:97:83":3,"s:98:26:98:83":15,"s:99:10:99:Infinity":16,"s:100:10:100:Infinity":17,"s:102:8:108:Infinity":18,"f:113:8:113:21":7,"s:114:23:114:79":19,"s:115:19:115:48":20,"s:118:21:118:54":21,"s:119:4:122:Infinity":22,"s:120:38:120:Infinity":23,"b:121:6:121:Infinity:undefined:undefined:undefined:undefined":4,"s:121:6:121:Infinity":24,"s:121:35:121:Infinity":25,"s:122:6:122:Infinity":26,"s:126:4:127:Infinity":27,"s:127:6:127:Infinity":28,"f:127:15:127:21":8,"s:127:30:127:44":29,"s:131:28:131:30":30,"s:132:10:136:Infinity":31,"f:132:10:132:17":9,"s:133:23:133:51":32,"b:133:23:133:45:133:49:133:51":5,"s:134:6:136:Infinity":33,"s:135:8:135:Infinity":34,"s:136:8:136:Infinity":35,"s:140:4:140:Infinity":36,"s:141:4:141:Infinity":37,"f:144:8:144:41":10,"s:145:20:145:45":38,"s:146:4:146:Infinity":39,"f:149:8:149:20":11,"s:150:4:153:Infinity":40,"f:150:52:150:64":12,"s:151:6:151:Infinity":41,"s:152:6:152:Infinity":42,"f:157:8:157:27":13,"s:158:4:163:Infinity":43,"f:158:52:158:64":14,"s:160:6:160:Infinity":44,"s:162:6:162:Infinity":45,"f:166:8:166:16":15,"s:167:19:167:70":46,"s:168:4:168:Infinity":47,"b:168:20:168:40:168:43:168:Infinity":6,"f:182:8:182:19":16,"b:182:63:182:88":7,"s:183:16:183:26":48,"s:184:23:197:Infinity":49,"s:198:4:198:Infinity":50,"s:199:4:199:Infinity":51,"f:202:8:202:39":17,"s:203:20:203:61":52,"s:204:4:204:Infinity":53,"f:207:8:207:16":18,"s:208:19:208:41":54,"s:209:4:209:Infinity":55,"b:209:20:209:40:209:43:209:Infinity":8,"f:212:8:212:23":19,"s:213:20:213:77":56,"s:214:4:214:Infinity":57,"f:217:8:217:21":20,"s:218:4:218:Infinity":58,"f:222:8:222:19":21,"s:223:4:231:Infinity":59,"f:223:43:223:55":22,"s:224:21:224:47":60,"b:225:6:229:Infinity:undefined:undefined:undefined:undefined":9,"s:225:6:229:Infinity":61,"s:226:21:226:41":62,"s:227:8:227:Infinity":63,"s:228:8:228:Infinity":64,"s:229:8:229:Infinity":65,"f:235:8:235:19":23,"s:236:4:236:Infinity":66,"f:243:8:243:18":24,"s:244:4:286:Infinity":67,"f:244:64:244:76":25,"s:246:27:246:55":68,"s:247:27:247:55":69,"b:248:6:248:Infinity:undefined:undefined:undefined:undefined":10,"s:248:6:248:Infinity":70,"b:248:10:248:27:248:27:248:42":11,"s:248:42:248:Infinity":71,"s:249:25:249:51":72,"s:250:25:250:51":73,"s:251:26:251:Infinity":74,"s:252:26:252:Infinity":75,"s:255:27:255:85":76,"s:256:27:256:58":77,"s:259:6:265:Infinity":78,"s:260:8:260:Infinity":79,"s:261:8:261:Infinity":80,"s:262:8:262:Infinity":81,"s:263:8:263:Infinity":82,"s:265:8:265:Infinity":83,"s:269:27:269:85":84,"s:270:6:277:Infinity":85,"s:271:22:271:43":86,"s:272:27:272:83":87,"b:273:8:277:Infinity:undefined:undefined:undefined:undefined":12,"s:273:8:277:Infinity":88,"s:274:10:274:Infinity":89,"s:275:10:275:Infinity":90,"s:276:10:276:Infinity":91,"s:277:10:277:Infinity":92,"s:282:6:282:Infinity":93,"s:285:6:285:Infinity":94,"f:292:8:292:32":26,"b:292:76:292:101":13,"s:293:16:293:26":95,"s:296:29:307:Infinity":96,"s:310:23:323:Infinity":97,"s:326:4:326:Infinity":98,"s:329:4:332:Infinity":99,"f:329:54:329:66":27,"s:330:6:330:Infinity":100,"s:331:6:331:Infinity":101,"s:334:4:334:Infinity":102,"f:340:8:340:19":28,"s:341:4:357:Infinity":103,"f:341:64:341:76":29,"s:343:21:343:77":104,"s:344:23:344:44":105,"f:344:30:344:34":30,"s:344:39:344:44":106,"s:348:6:348:Infinity":107,"s:350:6:350:Infinity":108,"s:353:6:353:Infinity":109,"s:356:6:356:Infinity":110,"f:363:8:363:22":31,"s:364:19:364:50":111,"s:365:18:365:Infinity":112,"s:366:18:366:83":113,"f:366:25:366:33":32,"s:366:44:366:81":114,"s:368:19:368:45":115,"b:369:4:374:Infinity:undefined:undefined:undefined:undefined":14,"s:369:4:374:Infinity":116,"s:370:19:370:39":117,"s:371:6:371:Infinity":118,"s:372:6:372:Infinity":119,"s:373:6:373:Infinity":120,"s:374:6:374:Infinity":121,"f:384:9:384:25":33,"s:386:18:386:68":122,"s:388:16:388:71":123,"s:389:2:391:Infinity":124,"f:389:25:389:33":34,"s:390:4:390:Infinity":125,"b:390:23:390:58:390:58:390:Infinity":15,"s:394:23:394:45":126}}}
,"D:\\comind\\comind\\src\\stores\\blocks.ts": {"path":"D:\\comind\\comind\\src\\stores\\blocks.ts","statementMap":{"0":{"start":{"line":43,"column":2},"end":{"line":87,"column":null}},"1":{"start":{"line":44,"column":4},"end":{"line":44,"column":null}},"2":{"start":{"line":46,"column":4},"end":{"line":84,"column":null}},"3":{"start":{"line":47,"column":6},"end":{"line":47,"column":null}},"4":{"start":{"line":50,"column":6},"end":{"line":50,"column":null}},"5":{"start":{"line":53,"column":6},"end":{"line":54,"column":null}},"6":{"start":{"line":54,"column":8},"end":{"line":54,"column":null}},"7":{"start":{"line":57,"column":6},"end":{"line":57,"column":null}},"8":{"start":{"line":60,"column":6},"end":{"line":71,"column":null}},"9":{"start":{"line":61,"column":61},"end":{"line":61,"column":72}},"10":{"start":{"line":62,"column":8},"end":{"line":62,"column":null}},"11":{"start":{"line":64,"column":8},"end":{"line":71,"column":null}},"12":{"start":{"line":65,"column":10},"end":{"line":65,"column":null}},"13":{"start":{"line":67,"column":10},"end":{"line":67,"column":null}},"14":{"start":{"line":68,"column":10},"end":{"line":71,"column":null}},"15":{"start":{"line":76,"column":6},"end":{"line":76,"column":null}},"16":{"start":{"line":77,"column":6},"end":{"line":84,"column":null}},"17":{"start":{"line":78,"column":8},"end":{"line":78,"column":null}},"18":{"start":{"line":80,"column":8},"end":{"line":80,"column":null}},"19":{"start":{"line":81,"column":8},"end":{"line":84,"column":null}},"20":{"start":{"line":87,"column":4},"end":{"line":87,"column":null}},"21":{"start":{"line":91,"column":13},"end":{"line":780,"column":null}},"22":{"start":{"line":92,"column":8},"end":{"line":92,"column":33}},"23":{"start":{"line":93,"column":8},"end":{"line":93,"column":28}},"24":{"start":{"line":96,"column":8},"end":{"line":96,"column":33}},"25":{"start":{"line":99,"column":8},"end":{"line":99,"column":67}},"26":{"start":{"line":99,"column":23},"end":{"line":99,"column":66}},"27":{"start":{"line":102,"column":8},"end":{"line":114,"column":null}},"28":{"start":{"line":103,"column":16},"end":{"line":103,"column":49}},"29":{"start":{"line":104,"column":4},"end":{"line":107,"column":null}},"30":{"start":{"line":105,"column":19},"end":{"line":105,"column":48}},"31":{"start":{"line":106,"column":6},"end":{"line":106,"column":null}},"32":{"start":{"line":107,"column":6},"end":{"line":107,"column":null}},"33":{"start":{"line":110,"column":4},"end":{"line":111,"column":null}},"34":{"start":{"line":111,"column":6},"end":{"line":111,"column":null}},"35":{"start":{"line":113,"column":4},"end":{"line":113,"column":null}},"36":{"start":{"line":118,"column":4},"end":{"line":118,"column":null}},"37":{"start":{"line":123,"column":4},"end":{"line":123,"column":null}},"38":{"start":{"line":123,"column":36},"end":{"line":123,"column":56}},"39":{"start":{"line":128,"column":4},"end":{"line":128,"column":null}},"40":{"start":{"line":129,"column":4},"end":{"line":129,"column":null}},"41":{"start":{"line":134,"column":4},"end":{"line":134,"column":null}},"42":{"start":{"line":135,"column":4},"end":{"line":156,"column":null}},"43":{"start":{"line":136,"column":22},"end":{"line":137,"column":null}},"44":{"start":{"line":137,"column":26},"end":{"line":137,"column":50}},"45":{"start":{"line":140,"column":26},"end":{"line":140,"column":62}},"46":{"start":{"line":140,"column":56},"end":{"line":140,"column":61}},"47":{"start":{"line":141,"column":6},"end":{"line":150,"column":null}},"48":{"start":{"line":142,"column":8},"end":{"line":150,"column":null}},"49":{"start":{"line":143,"column":10},"end":{"line":146,"column":null}},"50":{"start":{"line":144,"column":12},"end":{"line":146,"column":null}},"51":{"start":{"line":145,"column":14},"end":{"line":145,"column":null}},"52":{"start":{"line":146,"column":14},"end":{"line":146,"column":null}},"53":{"start":{"line":150,"column":10},"end":{"line":150,"column":null}},"54":{"start":{"line":154,"column":6},"end":{"line":154,"column":null}},"55":{"start":{"line":156,"column":6},"end":{"line":156,"column":null}},"56":{"start":{"line":161,"column":23},"end":{"line":161,"column":85}},"57":{"start":{"line":164,"column":25},"end":{"line":164,"column":66}},"58":{"start":{"line":164,"column":48},"end":{"line":164,"column":66}},"59":{"start":{"line":165,"column":4},"end":{"line":167,"column":null}},"60":{"start":{"line":166,"column":6},"end":{"line":166,"column":null}},"61":{"start":{"line":167,"column":6},"end":{"line":167,"column":null}},"62":{"start":{"line":169,"column":4},"end":{"line":169,"column":null}},"63":{"start":{"line":170,"column":4},"end":{"line":170,"column":null}},"64":{"start":{"line":174,"column":4},"end":{"line":174,"column":null}},"65":{"start":{"line":175,"column":10},"end":{"line":175,"column":49}},"66":{"start":{"line":176,"column":4},"end":{"line":176,"column":null}},"67":{"start":{"line":177,"column":4},"end":{"line":177,"column":null}},"68":{"start":{"line":182,"column":4},"end":{"line":182,"column":null}},"69":{"start":{"line":182,"column":19},"end":{"line":182,"column":null}},"70":{"start":{"line":183,"column":4},"end":{"line":183,"column":null}},"71":{"start":{"line":183,"column":30},"end":{"line":183,"column":null}},"72":{"start":{"line":184,"column":20},"end":{"line":184,"column":37}},"73":{"start":{"line":185,"column":33},"end":{"line":185,"column":null}},"74":{"start":{"line":186,"column":4},"end":{"line":190,"column":null}},"75":{"start":{"line":187,"column":6},"end":{"line":187,"column":null}},"76":{"start":{"line":188,"column":6},"end":{"line":188,"column":null}},"77":{"start":{"line":188,"column":31},"end":{"line":188,"column":null}},"78":{"start":{"line":189,"column":23},"end":{"line":189,"column":63}},"79":{"start":{"line":189,"column":46},"end":{"line":189,"column":63}},"80":{"start":{"line":190,"column":6},"end":{"line":190,"column":null}},"81":{"start":{"line":192,"column":4},"end":{"line":192,"column":null}},"82":{"start":{"line":203,"column":21},"end":{"line":203,"column":null}},"83":{"start":{"line":207,"column":4},"end":{"line":216,"column":null}},"84":{"start":{"line":208,"column":6},"end":{"line":208,"column":null}},"85":{"start":{"line":210,"column":12},"end":{"line":213,"column":null}},"86":{"start":{"line":211,"column":14},"end":{"line":211,"column":79}},"87":{"start":{"line":212,"column":24},"end":{"line":212,"column":null}},"88":{"start":{"line":213,"column":8},"end":{"line":213,"column":null}},"89":{"start":{"line":215,"column":35},"end":{"line":215,"column":50}},"90":{"start":{"line":216,"column":6},"end":{"line":216,"column":null}},"91":{"start":{"line":219,"column":25},"end":{"line":230,"column":null}},"92":{"start":{"line":232,"column":4},"end":{"line":232,"column":null}},"93":{"start":{"line":233,"column":4},"end":{"line":233,"column":null}},"94":{"start":{"line":234,"column":4},"end":{"line":234,"column":null}},"95":{"start":{"line":235,"column":4},"end":{"line":235,"column":null}},"96":{"start":{"line":236,"column":4},"end":{"line":236,"column":null}},"97":{"start":{"line":259,"column":18},"end":{"line":259,"column":58}},"98":{"start":{"line":259,"column":41},"end":{"line":259,"column":58}},"99":{"start":{"line":260,"column":4},"end":{"line":260,"column":null}},"100":{"start":{"line":260,"column":16},"end":{"line":260,"column":null}},"101":{"start":{"line":262,"column":10},"end":{"line":262,"column":51}},"102":{"start":{"line":263,"column":23},"end":{"line":263,"column":null}},"103":{"start":{"line":267,"column":24},"end":{"line":267,"column":null}},"104":{"start":{"line":268,"column":26},"end":{"line":268,"column":null}},"105":{"start":{"line":269,"column":24},"end":{"line":269,"column":null}},"106":{"start":{"line":270,"column":23},"end":{"line":270,"column":null}},"107":{"start":{"line":277,"column":4},"end":{"line":279,"column":null}},"108":{"start":{"line":279,"column":6},"end":{"line":279,"column":null}},"109":{"start":{"line":284,"column":24},"end":{"line":284,"column":45}},"110":{"start":{"line":285,"column":32},"end":{"line":285,"column":null}},"111":{"start":{"line":290,"column":24},"end":{"line":290,"column":null}},"112":{"start":{"line":292,"column":4},"end":{"line":306,"column":null}},"113":{"start":{"line":294,"column":21},"end":{"line":294,"column":55}},"114":{"start":{"line":295,"column":20},"end":{"line":295,"column":51}},"115":{"start":{"line":298,"column":6},"end":{"line":298,"column":null}},"116":{"start":{"line":299,"column":6},"end":{"line":299,"column":null}},"117":{"start":{"line":300,"column":6},"end":{"line":300,"column":null}},"118":{"start":{"line":303,"column":6},"end":{"line":303,"column":null}},"119":{"start":{"line":306,"column":6},"end":{"line":306,"column":null}},"120":{"start":{"line":319,"column":10},"end":{"line":326,"column":null}},"121":{"start":{"line":320,"column":12},"end":{"line":320,"column":68}},"122":{"start":{"line":321,"column":12},"end":{"line":321,"column":59}},"123":{"start":{"line":322,"column":26},"end":{"line":322,"column":null}},"124":{"start":{"line":323,"column":6},"end":{"line":326,"column":null}},"125":{"start":{"line":329,"column":33},"end":{"line":329,"column":48}},"126":{"start":{"line":330,"column":19},"end":{"line":335,"column":null}},"127":{"start":{"line":338,"column":4},"end":{"line":344,"column":null}},"128":{"start":{"line":369,"column":4},"end":{"line":406,"column":null}},"129":{"start":{"line":371,"column":12},"end":{"line":377,"column":null}},"130":{"start":{"line":373,"column":14},"end":{"line":373,"column":84}},"131":{"start":{"line":374,"column":8},"end":{"line":377,"column":null}},"132":{"start":{"line":380,"column":35},"end":{"line":380,"column":50}},"133":{"start":{"line":381,"column":6},"end":{"line":387,"column":null}},"134":{"start":{"line":390,"column":12},"end":{"line":396,"column":null}},"135":{"start":{"line":392,"column":14},"end":{"line":392,"column":66}},"136":{"start":{"line":393,"column":8},"end":{"line":396,"column":null}},"137":{"start":{"line":399,"column":35},"end":{"line":399,"column":50}},"138":{"start":{"line":400,"column":6},"end":{"line":406,"column":null}},"139":{"start":{"line":409,"column":4},"end":{"line":415,"column":null}},"140":{"start":{"line":420,"column":18},"end":{"line":420,"column":58}},"141":{"start":{"line":420,"column":41},"end":{"line":420,"column":58}},"142":{"start":{"line":421,"column":4},"end":{"line":421,"column":null}},"143":{"start":{"line":421,"column":16},"end":{"line":421,"column":null}},"144":{"start":{"line":423,"column":10},"end":{"line":423,"column":66}},"145":{"start":{"line":424,"column":23},"end":{"line":424,"column":64}},"146":{"start":{"line":424,"column":47},"end":{"line":424,"column":64}},"147":{"start":{"line":425,"column":24},"end":{"line":425,"column":null}},"148":{"start":{"line":427,"column":4},"end":{"line":435,"column":null}},"149":{"start":{"line":429,"column":27},"end":{"line":429,"column":null}},"150":{"start":{"line":430,"column":6},"end":{"line":433,"column":null}},"151":{"start":{"line":431,"column":14},"end":{"line":431,"column":82}},"152":{"start":{"line":432,"column":8},"end":{"line":432,"column":null}},"153":{"start":{"line":432,"column":35},"end":{"line":432,"column":null}},"154":{"start":{"line":433,"column":8},"end":{"line":433,"column":null}},"155":{"start":{"line":435,"column":6},"end":{"line":435,"column":null}},"156":{"start":{"line":438,"column":4},"end":{"line":440,"column":null}},"157":{"start":{"line":439,"column":31},"end":{"line":439,"column":55}},"158":{"start":{"line":445,"column":18},"end":{"line":445,"column":58}},"159":{"start":{"line":445,"column":41},"end":{"line":445,"column":58}},"160":{"start":{"line":446,"column":4},"end":{"line":446,"column":null}},"161":{"start":{"line":446,"column":16},"end":{"line":446,"column":null}},"162":{"start":{"line":448,"column":10},"end":{"line":448,"column":76}},"163":{"start":{"line":449,"column":4},"end":{"line":450,"column":null}},"164":{"start":{"line":450,"column":6},"end":{"line":450,"column":null}},"165":{"start":{"line":453,"column":10},"end":{"line":453,"column":59}},"166":{"start":{"line":454,"column":4},"end":{"line":455,"column":null}},"167":{"start":{"line":455,"column":6},"end":{"line":455,"column":null}},"168":{"start":{"line":458,"column":26},"end":{"line":458,"column":null}},"169":{"start":{"line":459,"column":4},"end":{"line":468,"column":null}},"170":{"start":{"line":460,"column":21},"end":{"line":460,"column":69}},"171":{"start":{"line":460,"column":44},"end":{"line":460,"column":69}},"172":{"start":{"line":461,"column":6},"end":{"line":461,"column":null}},"173":{"start":{"line":461,"column":19},"end":{"line":461,"column":null}},"174":{"start":{"line":463,"column":12},"end":{"line":463,"column":68}},"175":{"start":{"line":464,"column":6},"end":{"line":465,"column":null}},"176":{"start":{"line":465,"column":8},"end":{"line":465,"column":null}},"177":{"start":{"line":468,"column":6},"end":{"line":468,"column":null}},"178":{"start":{"line":471,"column":4},"end":{"line":471,"column":null}},"179":{"start":{"line":484,"column":18},"end":{"line":484,"column":58}},"180":{"start":{"line":484,"column":41},"end":{"line":484,"column":58}},"181":{"start":{"line":485,"column":4},"end":{"line":485,"column":null}},"182":{"start":{"line":485,"column":16},"end":{"line":485,"column":null}},"183":{"start":{"line":488,"column":10},"end":{"line":488,"column":76}},"184":{"start":{"line":489,"column":24},"end":{"line":489,"column":null}},"185":{"start":{"line":492,"column":4},"end":{"line":493,"column":null}},"186":{"start":{"line":493,"column":6},"end":{"line":493,"column":null}},"187":{"start":{"line":497,"column":22},"end":{"line":497,"column":null}},"188":{"start":{"line":498,"column":4},"end":{"line":498,"column":null}},"189":{"start":{"line":510,"column":18},"end":{"line":510,"column":58}},"190":{"start":{"line":510,"column":41},"end":{"line":510,"column":58}},"191":{"start":{"line":511,"column":4},"end":{"line":511,"column":null}},"192":{"start":{"line":511,"column":16},"end":{"line":511,"column":null}},"193":{"start":{"line":513,"column":10},"end":{"line":513,"column":66}},"194":{"start":{"line":514,"column":23},"end":{"line":514,"column":64}},"195":{"start":{"line":514,"column":47},"end":{"line":514,"column":64}},"196":{"start":{"line":515,"column":24},"end":{"line":515,"column":null}},"197":{"start":{"line":517,"column":4},"end":{"line":519,"column":null}},"198":{"start":{"line":519,"column":6},"end":{"line":519,"column":null}},"199":{"start":{"line":523,"column":4},"end":{"line":525,"column":null}},"200":{"start":{"line":524,"column":31},"end":{"line":524,"column":55}},"201":{"start":{"line":540,"column":18},"end":{"line":540,"column":58}},"202":{"start":{"line":540,"column":41},"end":{"line":540,"column":58}},"203":{"start":{"line":541,"column":4},"end":{"line":541,"column":null}},"204":{"start":{"line":541,"column":16},"end":{"line":541,"column":null}},"205":{"start":{"line":543,"column":24},"end":{"line":543,"column":57}},"206":{"start":{"line":544,"column":4},"end":{"line":544,"column":null}},"207":{"start":{"line":544,"column":22},"end":{"line":544,"column":null}},"208":{"start":{"line":546,"column":29},"end":{"line":546,"column":null}},"209":{"start":{"line":547,"column":4},"end":{"line":547,"column":null}},"210":{"start":{"line":549,"column":22},"end":{"line":549,"column":null}},"211":{"start":{"line":550,"column":4},"end":{"line":550,"column":null}},"212":{"start":{"line":551,"column":4},"end":{"line":551,"column":null}},"213":{"start":{"line":553,"column":36},"end":{"line":553,"column":38}},"214":{"start":{"line":554,"column":4},"end":{"line":556,"column":null}},"215":{"start":{"line":555,"column":6},"end":{"line":556,"column":null}},"216":{"start":{"line":556,"column":8},"end":{"line":556,"column":null}},"217":{"start":{"line":560,"column":4},"end":{"line":575,"column":null}},"218":{"start":{"line":561,"column":34},"end":{"line":561,"column":89}},"219":{"start":{"line":561,"column":59},"end":{"line":561,"column":89}},"220":{"start":{"line":562,"column":29},"end":{"line":562,"column":null}},"221":{"start":{"line":563,"column":12},"end":{"line":563,"column":null}},"222":{"start":{"line":565,"column":20},"end":{"line":565,"column":null}},"223":{"start":{"line":566,"column":6},"end":{"line":572,"column":null}},"224":{"start":{"line":567,"column":14},"end":{"line":567,"column":54}},"225":{"start":{"line":568,"column":8},"end":{"line":568,"column":null}},"226":{"start":{"line":569,"column":8},"end":{"line":569,"column":null}},"227":{"start":{"line":570,"column":8},"end":{"line":570,"column":null}},"228":{"start":{"line":571,"column":8},"end":{"line":571,"column":null}},"229":{"start":{"line":572,"column":8},"end":{"line":572,"column":null}},"230":{"start":{"line":575,"column":6},"end":{"line":575,"column":null}},"231":{"start":{"line":578,"column":4},"end":{"line":578,"column":null}},"232":{"start":{"line":580,"column":4},"end":{"line":580,"column":null}},"233":{"start":{"line":585,"column":18},"end":{"line":585,"column":58}},"234":{"start":{"line":585,"column":41},"end":{"line":585,"column":58}},"235":{"start":{"line":586,"column":4},"end":{"line":586,"column":null}},"236":{"start":{"line":586,"column":16},"end":{"line":586,"column":null}},"237":{"start":{"line":588,"column":10},"end":{"line":588,"column":52}},"238":{"start":{"line":589,"column":4},"end":{"line":589,"column":null}},"239":{"start":{"line":589,"column":15},"end":{"line":589,"column":null}},"240":{"start":{"line":592,"column":10},"end":{"line":595,"column":null}},"241":{"start":{"line":593,"column":23},"end":{"line":593,"column":43}},"242":{"start":{"line":594,"column":22},"end":{"line":594,"column":null}},"243":{"start":{"line":595,"column":6},"end":{"line":595,"column":null}},"244":{"start":{"line":597,"column":33},"end":{"line":597,"column":48}},"245":{"start":{"line":598,"column":19},"end":{"line":598,"column":98}},"246":{"start":{"line":601,"column":4},"end":{"line":601,"column":null}},"247":{"start":{"line":602,"column":4},"end":{"line":602,"column":null}},"248":{"start":{"line":604,"column":4},"end":{"line":604,"column":null}},"249":{"start":{"line":605,"column":4},"end":{"line":605,"column":null}},"250":{"start":{"line":607,"column":4},"end":{"line":607,"column":null}},"251":{"start":{"line":612,"column":18},"end":{"line":612,"column":58}},"252":{"start":{"line":612,"column":41},"end":{"line":612,"column":58}},"253":{"start":{"line":613,"column":4},"end":{"line":613,"column":null}},"254":{"start":{"line":613,"column":35},"end":{"line":613,"column":null}},"255":{"start":{"line":615,"column":19},"end":{"line":615,"column":66}},"256":{"start":{"line":615,"column":42},"end":{"line":615,"column":66}},"257":{"start":{"line":616,"column":4},"end":{"line":616,"column":null}},"258":{"start":{"line":616,"column":17},"end":{"line":616,"column":null}},"259":{"start":{"line":618,"column":24},"end":{"line":618,"column":null}},"260":{"start":{"line":621,"column":10},"end":{"line":623,"column":null}},"261":{"start":{"line":622,"column":12},"end":{"line":622,"column":62}},"262":{"start":{"line":623,"column":6},"end":{"line":623,"column":null}},"263":{"start":{"line":625,"column":33},"end":{"line":625,"column":48}},"264":{"start":{"line":626,"column":19},"end":{"line":626,"column":98}},"265":{"start":{"line":629,"column":4},"end":{"line":629,"column":null}},"266":{"start":{"line":630,"column":4},"end":{"line":630,"column":null}},"267":{"start":{"line":632,"column":4},"end":{"line":632,"column":null}},"268":{"start":{"line":633,"column":4},"end":{"line":633,"column":null}},"269":{"start":{"line":635,"column":4},"end":{"line":635,"column":null}},"270":{"start":{"line":644,"column":46},"end":{"line":644,"column":null}},"271":{"start":{"line":645,"column":18},"end":{"line":645,"column":58}},"272":{"start":{"line":645,"column":41},"end":{"line":645,"column":58}},"273":{"start":{"line":646,"column":4},"end":{"line":646,"column":null}},"274":{"start":{"line":646,"column":16},"end":{"line":646,"column":null}},"275":{"start":{"line":648,"column":4},"end":{"line":650,"column":null}},"276":{"start":{"line":649,"column":6},"end":{"line":649,"column":null}},"277":{"start":{"line":650,"column":6},"end":{"line":650,"column":null}},"278":{"start":{"line":653,"column":10},"end":{"line":659,"column":null}},"279":{"start":{"line":654,"column":12},"end":{"line":654,"column":95}},"280":{"start":{"line":655,"column":27},"end":{"line":655,"column":81}},"281":{"start":{"line":656,"column":6},"end":{"line":659,"column":null}},"282":{"start":{"line":662,"column":33},"end":{"line":662,"column":48}},"283":{"start":{"line":663,"column":4},"end":{"line":663,"column":null}},"284":{"start":{"line":664,"column":4},"end":{"line":664,"column":null}},"285":{"start":{"line":665,"column":4},"end":{"line":665,"column":null}},"286":{"start":{"line":667,"column":4},"end":{"line":667,"column":null}},"287":{"start":{"line":669,"column":4},"end":{"line":669,"column":null}},"288":{"start":{"line":674,"column":21},"end":{"line":674,"column":47}},"289":{"start":{"line":675,"column":18},"end":{"line":675,"column":27}},"290":{"start":{"line":677,"column":4},"end":{"line":683,"column":null}},"291":{"start":{"line":678,"column":24},"end":{"line":678,"column":35}},"292":{"start":{"line":679,"column":23},"end":{"line":679,"column":73}},"293":{"start":{"line":679,"column":48},"end":{"line":679,"column":73}},"294":{"start":{"line":680,"column":6},"end":{"line":683,"column":null}},"295":{"start":{"line":681,"column":8},"end":{"line":683,"column":null}},"296":{"start":{"line":682,"column":10},"end":{"line":682,"column":null}},"297":{"start":{"line":683,"column":10},"end":{"line":683,"column":null}},"298":{"start":{"line":688,"column":4},"end":{"line":690,"column":null}},"299":{"start":{"line":689,"column":6},"end":{"line":689,"column":null}},"300":{"start":{"line":690,"column":6},"end":{"line":690,"column":null}},"301":{"start":{"line":693,"column":4},"end":{"line":693,"column":null}},"302":{"start":{"line":693,"column":44},"end":{"line":693,"column":63}},"303":{"start":{"line":695,"column":4},"end":{"line":698,"column":null}},"304":{"start":{"line":696,"column":6},"end":{"line":696,"column":null}},"305":{"start":{"line":698,"column":6},"end":{"line":698,"column":null}},"306":{"start":{"line":701,"column":4},"end":{"line":701,"column":null}},"307":{"start":{"line":702,"column":4},"end":{"line":702,"column":null}},"308":{"start":{"line":707,"column":18},"end":{"line":707,"column":58}},"309":{"start":{"line":707,"column":41},"end":{"line":707,"column":58}},"310":{"start":{"line":708,"column":4},"end":{"line":708,"column":null}},"311":{"start":{"line":708,"column":16},"end":{"line":708,"column":null}},"312":{"start":{"line":710,"column":4},"end":{"line":710,"column":null}},"313":{"start":{"line":711,"column":4},"end":{"line":711,"column":null}},"314":{"start":{"line":712,"column":4},"end":{"line":712,"column":null}},"315":{"start":{"line":713,"column":4},"end":{"line":713,"column":null}},"316":{"start":{"line":715,"column":10},"end":{"line":715,"column":36}},"317":{"start":{"line":716,"column":17},"end":{"line":716,"column":48}},"318":{"start":{"line":717,"column":4},"end":{"line":719,"column":null}},"319":{"start":{"line":718,"column":6},"end":{"line":718,"column":null}},"320":{"start":{"line":719,"column":6},"end":{"line":719,"column":null}},"321":{"start":{"line":725,"column":18},"end":{"line":725,"column":58}},"322":{"start":{"line":725,"column":41},"end":{"line":725,"column":58}},"323":{"start":{"line":726,"column":4},"end":{"line":726,"column":null}},"324":{"start":{"line":726,"column":16},"end":{"line":726,"column":null}},"325":{"start":{"line":728,"column":4},"end":{"line":728,"column":null}},"326":{"start":{"line":729,"column":4},"end":{"line":729,"column":null}},"327":{"start":{"line":730,"column":4},"end":{"line":730,"column":null}},"328":{"start":{"line":735,"column":18},"end":{"line":735,"column":58}},"329":{"start":{"line":735,"column":41},"end":{"line":735,"column":58}},"330":{"start":{"line":736,"column":4},"end":{"line":736,"column":null}},"331":{"start":{"line":736,"column":16},"end":{"line":736,"column":null}},"332":{"start":{"line":738,"column":4},"end":{"line":738,"column":null}},"333":{"start":{"line":739,"column":4},"end":{"line":739,"column":null}},"334":{"start":{"line":740,"column":4},"end":{"line":740,"column":null}},"335":{"start":{"line":742,"column":4},"end":{"line":742,"column":null}},"336":{"start":{"line":747,"column":18},"end":{"line":747,"column":58}},"337":{"start":{"line":747,"column":41},"end":{"line":747,"column":58}},"338":{"start":{"line":748,"column":4},"end":{"line":748,"column":null}},"339":{"start":{"line":748,"column":15},"end":{"line":748,"column":null}},"340":{"start":{"line":751,"column":2},"end":{"line":779,"column":null}}},"fnMap":{"0":{"name":"safeCalcInsertPos","decl":{"start":{"line":36,"column":15},"end":{"line":36,"column":null}},"loc":{"start":{"line":42,"column":19},"end":{"line":87,"column":null}},"line":42},"1":{"name":"(anonymous_1)","decl":{"start":{"line":91,"column":41},"end":{"line":91,"column":57}},"loc":{"start":{"line":91,"column":57},"end":{"line":780,"column":null}},"line":91},"2":{"name":"(anonymous_2)","decl":{"start":{"line":99,"column":23},"end":{"line":99,"column":38}},"loc":{"start":{"line":99,"column":23},"end":{"line":99,"column":66}},"line":99},"3":{"name":"(anonymous_3)","decl":{"start":{"line":102,"column":20},"end":{"line":102,"column":35}},"loc":{"start":{"line":102,"column":35},"end":{"line":114,"column":null}},"line":102},"4":{"name":"getChildren","decl":{"start":{"line":117,"column":11},"end":{"line":117,"column":23}},"loc":{"start":{"line":117,"column":50},"end":{"line":118,"column":null}},"line":117},"5":{"name":"getBlocksByPage","decl":{"start":{"line":122,"column":11},"end":{"line":122,"column":27}},"loc":{"start":{"line":122,"column":52},"end":{"line":123,"column":null}},"line":122},"6":{"name":"(anonymous_6)","decl":{"start":{"line":123,"column":24},"end":{"line":123,"column":31}},"loc":{"start":{"line":123,"column":36},"end":{"line":123,"column":56}},"line":123},"7":{"name":"loadPageBlocks","decl":{"start":{"line":127,"column":17},"end":{"line":127,"column":32}},"loc":{"start":{"line":127,"column":48},"end":{"line":129,"column":null}},"line":127},"8":{"name":"loadMultiPageBlocks","decl":{"start":{"line":133,"column":17},"end":{"line":133,"column":37}},"loc":{"start":{"line":133,"column":56},"end":{"line":156,"column":null}},"line":133},"9":{"name":"(anonymous_9)","decl":{"start":{"line":137,"column":16},"end":{"line":137,"column":20}},"loc":{"start":{"line":137,"column":26},"end":{"line":137,"column":50}},"line":137},"10":{"name":"(anonymous_10)","decl":{"start":{"line":140,"column":47},"end":{"line":140,"column":51}},"loc":{"start":{"line":140,"column":56},"end":{"line":140,"column":61}},"line":140},"11":{"name":"_doSave","decl":{"start":{"line":163,"column":17},"end":{"line":163,"column":25}},"loc":{"start":{"line":163,"column":54},"end":{"line":170,"column":null}},"line":163},"12":{"name":"(anonymous_12)","decl":{"start":{"line":164,"column":38},"end":{"line":164,"column":43}},"loc":{"start":{"line":164,"column":48},"end":{"line":164,"column":66}},"line":164},"13":{"name":"_scheduleSave","decl":{"start":{"line":173,"column":11},"end":{"line":173,"column":25}},"loc":{"start":{"line":173,"column":45},"end":{"line":177,"column":null}},"line":173},"14":{"name":"isDescendantOf","decl":{"start":{"line":181,"column":11},"end":{"line":181,"column":26}},"loc":{"start":{"line":181,"column":77},"end":{"line":192,"column":null}},"line":181},"15":{"name":"(anonymous_15)","decl":{"start":{"line":189,"column":36},"end":{"line":189,"column":41}},"loc":{"start":{"line":189,"column":46},"end":{"line":189,"column":63}},"line":189},"16":{"name":"createBlock","decl":{"start":{"line":200,"column":17},"end":{"line":200,"column":null}},"loc":{"start":{"line":202,"column":20},"end":{"line":236,"column":null}},"line":202},"17":{"name":"(anonymous_17)","decl":{"start":{"line":210,"column":12},"end":{"line":210,"column":34}},"loc":{"start":{"line":210,"column":34},"end":{"line":213,"column":null}},"line":210},"18":{"name":"insertBlockAtCursor","decl":{"start":{"line":253,"column":17},"end":{"line":253,"column":null}},"loc":{"start":{"line":258,"column":27},"end":{"line":306,"column":null}},"line":258},"19":{"name":"(anonymous_19)","decl":{"start":{"line":259,"column":31},"end":{"line":259,"column":36}},"loc":{"start":{"line":259,"column":41},"end":{"line":259,"column":58}},"line":259},"20":{"name":"insertSiblingAbove","decl":{"start":{"line":314,"column":17},"end":{"line":314,"column":null}},"loc":{"start":{"line":317,"column":20},"end":{"line":344,"column":null}},"line":317},"21":{"name":"(anonymous_21)","decl":{"start":{"line":319,"column":10},"end":{"line":319,"column":32}},"loc":{"start":{"line":319,"column":32},"end":{"line":326,"column":null}},"line":319},"22":{"name":"insertAtPosition","decl":{"start":{"line":358,"column":17},"end":{"line":358,"column":null}},"loc":{"start":{"line":366,"column":20},"end":{"line":415,"column":null}},"line":366},"23":{"name":"(anonymous_23)","decl":{"start":{"line":371,"column":12},"end":{"line":371,"column":34}},"loc":{"start":{"line":371,"column":34},"end":{"line":377,"column":null}},"line":371},"24":{"name":"(anonymous_24)","decl":{"start":{"line":390,"column":12},"end":{"line":390,"column":34}},"loc":{"start":{"line":390,"column":34},"end":{"line":396,"column":null}},"line":390},"25":{"name":"findPreviousBlockInTreeOrder","decl":{"start":{"line":419,"column":11},"end":{"line":419,"column":40}},"loc":{"start":{"line":419,"column":76},"end":{"line":440,"column":null}},"line":419},"26":{"name":"(anonymous_26)","decl":{"start":{"line":420,"column":31},"end":{"line":420,"column":36}},"loc":{"start":{"line":420,"column":41},"end":{"line":420,"column":58}},"line":420},"27":{"name":"(anonymous_27)","decl":{"start":{"line":424,"column":32},"end":{"line":424,"column":42}},"loc":{"start":{"line":424,"column":47},"end":{"line":424,"column":64}},"line":424},"28":{"name":"(anonymous_28)","decl":{"start":{"line":439,"column":21},"end":{"line":439,"column":26}},"loc":{"start":{"line":439,"column":31},"end":{"line":439,"column":55}},"line":439},"29":{"name":"findNextBlockInTreeOrder","decl":{"start":{"line":444,"column":11},"end":{"line":444,"column":36}},"loc":{"start":{"line":444,"column":72},"end":{"line":471,"column":null}},"line":444},"30":{"name":"(anonymous_30)","decl":{"start":{"line":445,"column":31},"end":{"line":445,"column":36}},"loc":{"start":{"line":445,"column":41},"end":{"line":445,"column":58}},"line":445},"31":{"name":"(anonymous_31)","decl":{"start":{"line":460,"column":34},"end":{"line":460,"column":39}},"loc":{"start":{"line":460,"column":44},"end":{"line":460,"column":69}},"line":460},"32":{"name":"findLastVisibleDescendant","decl":{"start":{"line":483,"column":11},"end":{"line":483,"column":37}},"loc":{"start":{"line":483,"column":73},"end":{"line":498,"column":null}},"line":483},"33":{"name":"(anonymous_33)","decl":{"start":{"line":484,"column":31},"end":{"line":484,"column":36}},"loc":{"start":{"line":484,"column":41},"end":{"line":484,"column":58}},"line":484},"34":{"name":"findPreviousVisibleBlock","decl":{"start":{"line":509,"column":11},"end":{"line":509,"column":36}},"loc":{"start":{"line":509,"column":72},"end":{"line":525,"column":null}},"line":509},"35":{"name":"(anonymous_35)","decl":{"start":{"line":510,"column":31},"end":{"line":510,"column":36}},"loc":{"start":{"line":510,"column":41},"end":{"line":510,"column":58}},"line":510},"36":{"name":"(anonymous_36)","decl":{"start":{"line":514,"column":32},"end":{"line":514,"column":42}},"loc":{"start":{"line":514,"column":47},"end":{"line":514,"column":64}},"line":514},"37":{"name":"(anonymous_37)","decl":{"start":{"line":524,"column":21},"end":{"line":524,"column":26}},"loc":{"start":{"line":524,"column":31},"end":{"line":524,"column":55}},"line":524},"38":{"name":"mergeWithPrevious","decl":{"start":{"line":539,"column":17},"end":{"line":539,"column":35}},"loc":{"start":{"line":539,"column":52},"end":{"line":580,"column":null}},"line":539},"39":{"name":"(anonymous_39)","decl":{"start":{"line":540,"column":31},"end":{"line":540,"column":36}},"loc":{"start":{"line":540,"column":41},"end":{"line":540,"column":58}},"line":540},"40":{"name":"(anonymous_40)","decl":{"start":{"line":561,"column":47},"end":{"line":561,"column":54}},"loc":{"start":{"line":561,"column":59},"end":{"line":561,"column":89}},"line":561},"41":{"name":"indent","decl":{"start":{"line":584,"column":17},"end":{"line":584,"column":24}},"loc":{"start":{"line":584,"column":41},"end":{"line":607,"column":null}},"line":584},"42":{"name":"(anonymous_42)","decl":{"start":{"line":585,"column":31},"end":{"line":585,"column":36}},"loc":{"start":{"line":585,"column":41},"end":{"line":585,"column":58}},"line":585},"43":{"name":"(anonymous_43)","decl":{"start":{"line":592,"column":10},"end":{"line":592,"column":32}},"loc":{"start":{"line":592,"column":32},"end":{"line":595,"column":null}},"line":592},"44":{"name":"outdent","decl":{"start":{"line":611,"column":17},"end":{"line":611,"column":25}},"loc":{"start":{"line":611,"column":42},"end":{"line":635,"column":null}},"line":611},"45":{"name":"(anonymous_45)","decl":{"start":{"line":612,"column":31},"end":{"line":612,"column":36}},"loc":{"start":{"line":612,"column":41},"end":{"line":612,"column":58}},"line":612},"46":{"name":"(anonymous_46)","decl":{"start":{"line":615,"column":32},"end":{"line":615,"column":37}},"loc":{"start":{"line":615,"column":42},"end":{"line":615,"column":66}},"line":615},"47":{"name":"(anonymous_47)","decl":{"start":{"line":621,"column":10},"end":{"line":621,"column":32}},"loc":{"start":{"line":621,"column":32},"end":{"line":623,"column":null}},"line":621},"48":{"name":"moveBlock","decl":{"start":{"line":639,"column":17},"end":{"line":639,"column":27}},"loc":{"start":{"line":643,"column":5},"end":{"line":669,"column":null}},"line":643},"49":{"name":"(anonymous_49)","decl":{"start":{"line":645,"column":31},"end":{"line":645,"column":36}},"loc":{"start":{"line":645,"column":41},"end":{"line":645,"column":58}},"line":645},"50":{"name":"(anonymous_50)","decl":{"start":{"line":653,"column":10},"end":{"line":653,"column":32}},"loc":{"start":{"line":653,"column":32},"end":{"line":659,"column":null}},"line":653},"51":{"name":"deleteBlock","decl":{"start":{"line":673,"column":17},"end":{"line":673,"column":29}},"loc":{"start":{"line":673,"column":46},"end":{"line":702,"column":null}},"line":673},"52":{"name":"(anonymous_52)","decl":{"start":{"line":679,"column":36},"end":{"line":679,"column":43}},"loc":{"start":{"line":679,"column":48},"end":{"line":679,"column":73}},"line":679},"53":{"name":"(anonymous_53)","decl":{"start":{"line":693,"column":32},"end":{"line":693,"column":39}},"loc":{"start":{"line":693,"column":44},"end":{"line":693,"column":63}},"line":693},"54":{"name":"updateBlockContent","decl":{"start":{"line":706,"column":17},"end":{"line":706,"column":36}},"loc":{"start":{"line":706,"column":70},"end":{"line":719,"column":null}},"line":706},"55":{"name":"(anonymous_55)","decl":{"start":{"line":707,"column":31},"end":{"line":707,"column":36}},"loc":{"start":{"line":707,"column":41},"end":{"line":707,"column":58}},"line":707},"56":{"name":"updateBlockFormat","decl":{"start":{"line":724,"column":17},"end":{"line":724,"column":35}},"loc":{"start":{"line":724,"column":81},"end":{"line":730,"column":null}},"line":724},"57":{"name":"(anonymous_57)","decl":{"start":{"line":725,"column":31},"end":{"line":725,"column":36}},"loc":{"start":{"line":725,"column":41},"end":{"line":725,"column":58}},"line":725},"58":{"name":"updateBlockProperties","decl":{"start":{"line":734,"column":17},"end":{"line":734,"column":39}},"loc":{"start":{"line":734,"column":89},"end":{"line":742,"column":null}},"line":734},"59":{"name":"(anonymous_59)","decl":{"start":{"line":735,"column":31},"end":{"line":735,"column":36}},"loc":{"start":{"line":735,"column":41},"end":{"line":735,"column":58}},"line":735},"60":{"name":"scheduleSave","decl":{"start":{"line":746,"column":11},"end":{"line":746,"column":24}},"loc":{"start":{"line":746,"column":41},"end":{"line":748,"column":null}},"line":746},"61":{"name":"(anonymous_61)","decl":{"start":{"line":747,"column":31},"end":{"line":747,"column":36}},"loc":{"start":{"line":747,"column":41},"end":{"line":747,"column":58}},"line":747}},"branchMap":{"0":{"loc":{"start":{"line":46,"column":4},"end":{"line":84,"column":null}},"type":"if","locations":[{"start":{"line":46,"column":4},"end":{"line":84,"column":null}},{"start":{},"end":{}}],"line":46},"1":{"loc":{"start":{"line":60,"column":6},"end":{"line":71,"column":null}},"type":"if","locations":[{"start":{"line":60,"column":6},"end":{"line":71,"column":null}},{"start":{},"end":{}}],"line":60},"2":{"loc":{"start":{"line":105,"column":19},"end":{"line":105,"column":48}},"type":"binary-expr","locations":[{"start":{"line":105,"column":19},"end":{"line":105,"column":42}},{"start":{"line":105,"column":46},"end":{"line":105,"column":48}}],"line":105},"3":{"loc":{"start":{"line":118,"column":11},"end":{"line":118,"column":46}},"type":"binary-expr","locations":[{"start":{"line":118,"column":11},"end":{"line":118,"column":40}},{"start":{"line":118,"column":44},"end":{"line":118,"column":46}}],"line":118},"4":{"loc":{"start":{"line":142,"column":8},"end":{"line":150,"column":null}},"type":"if","locations":[{"start":{"line":142,"column":8},"end":{"line":150,"column":null}},{"start":{"line":149,"column":15},"end":{"line":150,"column":null}}],"line":142},"5":{"loc":{"start":{"line":144,"column":12},"end":{"line":146,"column":null}},"type":"if","locations":[{"start":{"line":144,"column":12},"end":{"line":146,"column":null}},{"start":{},"end":{}}],"line":144},"6
[...]
:3},"end":{"line":11,"column":null}},"8":{"start":{"line":11,"column":4},"end":{"line":11,"column":null}},"9":{"start":{"line":11,"column":17},"end":{"line":11,"column":38}},"10":{"start":{"line":11,"column":38},"end":{"line":11,"column":null}},"11":{"start":{"line":13,"column":2},"end":{"line":13,"column":null}}},"fnMap":{"0":{"name":"debounce","decl":{"start":{"line":4,"column":16},"end":{"line":4,"column":60}},"loc":{"start":{"line":4,"column":110},"end":{"line":13,"column":null}},"line":4},"1":{"name":"(anonymous_1)","decl":{"start":{"line":6,"column":8},"end":{"line":6,"column":21}},"loc":{"start":{"line":6,"column":48},"end":{"line":8,"column":null}},"line":6},"2":{"name":"(anonymous_2)","decl":{"start":{"line":8,"column":12},"end":{"line":8,"column":29}},"loc":{"start":{"line":8,"column":29},"end":{"line":8,"column":66}},"line":8},"3":{"name":"(anonymous_3)","decl":{"start":{"line":10,"column":51},"end":{"line":10,"column":66}},"loc":{"start":{"line":10,"column":66},"end":{"line":11,"column":null}},"line":10}},"branchMap":{"0":{"loc":{"start":{"line":7,"column":4},"end":{"line":7,"column":null}},"type":"if","locations":[{"start":{"line":7,"column":4},"end":{"line":7,"column":null}},{"start":{},"end":{}}],"line":7},"1":{"loc":{"start":{"line":11,"column":4},"end":{"line":11,"column":null}},"type":"if","locations":[{"start":{"line":11,"column":4},"end":{"line":11,"column":null}},{"start":{},"end":{}}],"line":11}},"s":{"0":11,"1":11,"2":11,"3":0,"4":11,"5":0,"6":0,"7":11,"8":0,"9":0,"10":0,"11":11},"f":{"0":11,"1":11,"2":0,"3":0},"b":{"0":[0,11],"1":[0,0]},"meta":{"lastBranch":2,"lastFunction":4,"lastStatement":12,"seen":{"f:4:16:4:60":0,"s:5:52:5:Infinity":0,"s:6:8:8:Infinity":1,"f:6:8:6:21":1,"b:7:4:7:Infinity:undefined:undefined:undefined:undefined":0,"s:7:4:7:Infinity":2,"s:7:15:7:Infinity":3,"s:8:4:8:Infinity":4,"f:8:12:8:29":2,"s:8:31:8:44":5,"s:8:44:8:60":6,"s:10:3:11:Infinity":7,"f:10:51:10:66":3,"b:11:4:11:Infinity:undefined:undefined:undefined:undefined":1,"s:11:4:11:Infinity":8,"s:11:17:11:38":9,"s:11:38:11:Infinity":10,"s:13:2:13:Infinity":11}}}
,"D:\\comind\\comind\\src\\utils\\id.ts": {"path":"D:\\comind\\comind\\src\\utils\\id.ts","statementMap":{"0":{"start":{"line":5,"column":2},"end":{"line":9,"column":null}},"1":{"start":{"line":6,"column":15},"end":{"line":6,"column":null}},"2":{"start":{"line":7,"column":14},"end":{"line":7,"column":null}},"3":{"start":{"line":8,"column":4},"end":{"line":8,"column":null}}},"fnMap":{"0":{"name":"generateUUID","decl":{"start":{"line":4,"column":16},"end":{"line":4,"column":39}},"loc":{"start":{"line":4,"column":39},"end":{"line":9,"column":null}},"line":4},"1":{"name":"(anonymous_1)","decl":{"start":{"line":5,"column":56},"end":{"line":5,"column":66}},"loc":{"start":{"line":5,"column":72},"end":{"line":9,"column":null}},"line":5}},"branchMap":{"0":{"loc":{"start":{"line":7,"column":14},"end":{"line":7,"column":null}},"type":"cond-expr","locations":[{"start":{"line":7,"column":26},"end":{"line":7,"column":31}},{"start":{"line":7,"column":31},"end":{"line":7,"column":null}}],"line":7}},"s":{"0":66,"1":2046,"2":2046,"3":2046},"f":{"0":66,"1":2046},"b":{"0":[1980,66]},"meta":{"lastBranch":1,"lastFunction":2,"lastStatement":4,"seen":{"f:4:16:4:39":0,"s:5:2:9:Infinity":0,"f:5:56:5:66":1,"s:6:15:6:Infinity":1,"s:7:14:7:Infinity":2,"b:7:26:7:31:7:31:7:Infinity":0,"s:8:4:8:Infinity":3}}}
,"D:\\comind\\comind\\src\\utils\\journal-detect.ts": {"path":"D:\\comind\\comind\\src\\utils\\journal-detect.ts","statementMap":{"0":{"start":{"line":9,"column":31},"end":{"line":18,"column":null}},"1":{"start":{"line":21,"column":40},"end":{"line":21,"column":null}},"2":{"start":{"line":28,"column":18},"end":{"line":28,"column":30}},"3":{"start":{"line":29,"column":2},"end":{"line":29,"column":null}},"4":{"start":{"line":29,"column":16},"end":{"line":29,"column":null}},"5":{"start":{"line":30,"column":2},"end":{"line":32,"column":null}},"6":{"start":{"line":31,"column":10},"end":{"line":31,"column":50}},"7":{"start":{"line":32,"column":4},"end":{"line":32,"column":null}},"8":{"start":{"line":32,"column":25},"end":{"line":32,"column":null}},"9":{"start":{"line":34,"column":2},"end":{"line":34,"column":null}},"10":{"start":{"line":42,"column":2},"end":{"line":42,"column":null}},"11":{"start":{"line":53,"column":17},"end":{"line":53,"column":35}},"12":{"start":{"line":54,"column":2},"end":{"line":54,"column":null}},"13":{"start":{"line":54,"column":15},"end":{"line":54,"column":null}},"14":{"start":{"line":55,"column":2},"end":{"line":55,"column":null}},"15":{"start":{"line":63,"column":2},"end":{"line":63,"column":null}}},"fnMap":{"0":{"name":"parseToDate","decl":{"start":{"line":27,"column":16},"end":{"line":27,"column":28}},"loc":{"start":{"line":27,"column":56},"end":{"line":34,"column":null}},"line":27},"1":{"name":"isJournalTitle","decl":{"start":{"line":41,"column":16},"end":{"line":41,"column":31}},"loc":{"start":{"line":41,"column":55},"end":{"line":42,"column":null}},"line":41},"2":{"name":"normalizeJournalTitle","decl":{"start":{"line":52,"column":16},"end":{"line":52,"column":38}},"loc":{"start":{"line":52,"column":68},"end":{"line":55,"column":null}},"line":52},"3":{"name":"inferPageType","decl":{"start":{"line":62,"column":16},"end":{"line":62,"column":30}},"loc":{"start":{"line":62,"column":67},"end":{"line":63,"column":null}},"line":62}},"branchMap":{"0":{"loc":{"start":{"line":29,"column":2},"end":{"line":29,"column":null}},"type":"if","locations":[{"start":{"line":29,"column":2},"end":{"line":29,"column":null}},{"start":{},"end":{}}],"line":29},"1":{"loc":{"start":{"line":32,"column":4},"end":{"line":32,"column":null}},"type":"if","locations":[{"start":{"line":32,"column":4},"end":{"line":32,"column":null}},{"start":{},"end":{}}],"line":32},"2":{"loc":{"start":{"line":54,"column":2},"end":{"line":54,"column":null}},"type":"if","locations":[{"start":{"line":54,"column":2},"end":{"line":54,"column":null}},{"start":{},"end":{}}],"line":54},"3":{"loc":{"start":{"line":63,"column":9},"end":{"line":63,"column":null}},"type":"cond-expr","locations":[{"start":{"line":63,"column":33},"end":{"line":63,"column":45}},{"start":{"line":63,"column":45},"end":{"line":63,"column":null}}],"line":63}},"s":{"0":1,"1":1,"2":0,"3":0,"4":0,"5":0,"6":0,"7":0,"8":0,"9":0,"10":0,"11":0,"12":0,"13":0,"14":0,"15":0},"f":{"0":0,"1":0,"2":0,"3":0},"b":{"0":[0,0],"1":[0,0],"2":[0,0],"3":[0,0]},"meta":{"lastBranch":4,"lastFunction":4,"lastStatement":16,"seen":{"s:9:31:18:Infinity":0,"s:21:40:21:Infinity":1,"f:27:16:27:28":0,"s:28:18:28:30":2,"b:29:2:29:Infinity:undefined:undefined:undefined:undefined":0,"s:29:2:29:Infinity":3,"s:29:16:29:Infinity":4,"s:30:2:32:Infinity":5,"s:31:10:31:50":6,"b:32:4:32:Infinity:undefined:undefined:undefined:undefined":1,"s:32:4:32:Infinity":7,"s:32:25:32:Infinity":8,"s:34:2:34:Infinity":9,"f:41:16:41:31":1,"s:42:2:42:Infinity":10,"f:52:16:52:38":2,"s:53:17:53:35":11,"b:54:2:54:Infinity:undefined:undefined:undefined:undefined":2,"s:54:2:54:Infinity":12,"s:54:15:54:Infinity":13,"s:55:2:55:Infinity":14,"f:62:16:62:30":3,"s:63:2:63:Infinity":15,"b:63:33:63:45:63:45:63:Infinity":3}}}
,"D:\\comind\\comind\\src\\utils\\parser.ts": {"path":"D:\\comind\\comind\\src\\utils\\parser.ts","statementMap":{"0":{"start":{"line":21,"column":74},"end":{"line":21,"column":76}},"1":{"start":{"line":24,"column":24},"end":{"line":24,"column":null}},"2":{"start":{"line":26,"column":2},"end":{"line":27,"column":null}},"3":{"start":{"line":27,"column":4},"end":{"line":27,"column":null}},"4":{"start":{"line":31,"column":24},"end":{"line":31,"column":null}},"5":{"start":{"line":32,"column":2},"end":{"line":36,"column":null}},"6":{"start":{"line":34,"column":19},"end":{"line":34,"column":null}},"7":{"start":{"line":35,"column":4},"end":{"line":35,"column":null}},"8":{"start":{"line":35,"column":57},"end":{"line":35,"column":null}},"9":{"start":{"line":36,"column":4},"end":{"line":36,"column":null}},"10":{"start":{"line":39,"column":2},"end":{"line":39,"column":null}},"11":{"start":{"line":47,"column":22},"end":{"line":47,"column":49}},"12":{"start":{"line":50,"column":17},"end":{"line":62,"column":44}},"13":{"start":{"line":52,"column":21},"end":{"line":52,"column":36}},"14":{"start":{"line":53,"column":12},"end":{"line":53,"column":49}},"15":{"start":{"line":54,"column":6},"end":{"line":59,"column":null}},"16":{"start":{"line":61,"column":34},"end":{"line":61,"column":93}},"17":{"start":{"line":61,"column":53},"end":{"line":61,"column":82}},"18":{"start":{"line":62,"column":20},"end":{"line":62,"column":44}},"19":{"start":{"line":64,"column":2},"end":{"line":64,"column":null}},"20":{"start":{"line":68,"column":20},"end":{"line":68,"column":null}},"21":{"start":{"line":80,"column":25},"end":{"line":80,"column":74}},"22":{"start":{"line":91,"column":19},"end":{"line":91,"column":72}},"23":{"start":{"line":92,"column":2},"end":{"line":92,"column":null}},"24":{"start":{"line":92,"column":38},"end":{"line":92,"column":null}},"25":{"start":{"line":93,"column":2},"end":{"line":93,"column":null}},"26":{"start":{"line":93,"column":34},"end":{"line":93,"column":null}},"27":{"start":{"line":94,"column":2},"end":{"line":94,"column":null}},"28":{"start":{"line":94,"column":55},"end":{"line":94,"column":null}},"29":{"start":{"line":95,"column":2},"end":{"line":95,"column":null}},"30":{"start":{"line":99,"column":23},"end":{"line":99,"column":null}},"31":{"start":{"line":102,"column":29},"end":{"line":102,"column":53}},"32":{"start":{"line":104,"column":25},"end":{"line":104,"column":27}},"33":{"start":{"line":106,"column":19},"end":{"line":106,"column":53}},"34":{"start":{"line":108,"column":2},"end":{"line":113,"column":null}},"35":{"start":{"line":109,"column":16},"end":{"line":109,"column":null}},"36":{"start":{"line":111,"column":4},"end":{"line":111,"column":null}},"37":{"start":{"line":111,"column":27},"end":{"line":111,"column":null}},"38":{"start":{"line":112,"column":4},"end":{"line":112,"column":null}},"39":{"start":{"line":112,"column":49},"end":{"line":112,"column":null}},"40":{"start":{"line":113,"column":4},"end":{"line":113,"column":null}},"41":{"start":{"line":117,"column":42},"end":{"line":117,"column":44}},"42":{"start":{"line":118,"column":20},"end":{"line":118,"column":60}},"43":{"start":{"line":119,"column":2},"end":{"line":120,"column":null}},"44":{"start":{"line":120,"column":4},"end":{"line":120,"column":null}},"45":{"start":{"line":123,"column":2},"end":{"line":123,"column":null}},"46":{"start":{"line":138,"column":18},"end":{"line":138,"column":30}},"47":{"start":{"line":140,"column":2},"end":{"line":140,"column":null}},"48":{"start":{"line":140,"column":26},"end":{"line":140,"column":null}},"49":{"start":{"line":141,"column":2},"end":{"line":141,"column":null}},"50":{"start":{"line":141,"column":27},"end":{"line":141,"column":null}},"51":{"start":{"line":143,"column":2},"end":{"line":143,"column":null}},"52":{"start":{"line":143,"column":43},"end":{"line":143,"column":null}},"53":{"start":{"line":146,"column":20},"end":{"line":146,"column":55}},"54":{"start":{"line":147,"column":2},"end":{"line":147,"column":null}},"55":{"start":{"line":147,"column":17},"end":{"line":147,"column":null}},"56":{"start":{"line":149,"column":2},"end":{"line":149,"column":null}},"57":{"start":{"line":149,"column":35},"end":{"line":149,"column":null}},"58":{"start":{"line":151,"column":2},"end":{"line":152,"column":null}},"59":{"start":{"line":152,"column":4},"end":{"line":152,"column":null}},"60":{"start":{"line":152,"column":52},"end":{"line":152,"column":60}},"61":{"start":{"line":155,"column":2},"end":{"line":155,"column":null}}},"fnMap":{"0":{"name":"extractLinkMatches","decl":{"start":{"line":20,"column":9},"end":{"line":20,"column":28}},"loc":{"start":{"line":20,"column":101},"end":{"line":39,"column":null}},"line":20},"1":{"name":"parseBlockLinks","decl":{"start":{"line":46,"column":16},"end":{"line":46,"column":32}},"loc":{"start":{"line":46,"column":62},"end":{"line":64,"column":null}},"line":46},"2":{"name":"(anonymous_2)","decl":{"start":{"line":51,"column":5},"end":{"line":51,"column":10}},"loc":{"start":{"line":51,"column":36},"end":{"line":60,"column":null}},"line":51},"3":{"name":"(anonymous_3)","decl":{"start":{"line":61,"column":5},"end":{"line":61,"column":13}},"loc":{"start":{"line":61,"column":34},"end":{"line":61,"column":93}},"line":61},"4":{"name":"(anonymous_4)","decl":{"start":{"line":61,"column":38},"end":{"line":61,"column":48}},"loc":{"start":{"line":61,"column":53},"end":{"line":61,"column":82}},"line":61},"5":{"name":"(anonymous_5)","decl":{"start":{"line":62,"column":5},"end":{"line":62,"column":11}},"loc":{"start":{"line":62,"column":20},"end":{"line":62,"column":44}},"line":62},"6":{"name":"isTagInUrlContext","decl":{"start":{"line":90,"column":9},"end":{"line":90,"column":27}},"loc":{"start":{"line":90,"column":72},"end":{"line":95,"column":null}},"line":90},"7":{"name":"parseContent","decl":{"start":{"line":101,"column":16},"end":{"line":101,"column":29}},"loc":{"start":{"line":101,"column":59},"end":{"line":123,"column":null}},"line":101},"8":{"name":"parsePropertyValue","decl":{"start":{"line":137,"column":16},"end":{"line":137,"column":35}},"loc":{"start":{"line":137,"column":55},"end":{"line":155,"column":null}},"line":137},"9":{"name":"(anonymous_9)","decl":{"start":{"line":152,"column":43},"end":{"line":152,"column":47}},"loc":{"start":{"line":152,"column":52},"end":{"line":152,"column":60}},"line":152}},"branchMap":{"0":{"loc":{"start":{"line":35,"column":4},"end":{"line":35,"column":null}},"type":"if","locations":[{"start":{"line":35,"column":4},"end":{"line":35,"column":null}},{"start":{},"end":{}}],"line":35},"1":{"loc":{"start":{"line":53,"column":23},"end":{"line":53,"column":43}},"type":"binary-expr","locations":[{"start":{"line":53,"column":23},"end":{"line":53,"column":35}},{"start":{"line":53,"column":35},"end":{"line":53,"column":43}}],"line":53},"2":{"loc":{"start":{"line":92,"column":2},"end":{"line":92,"column":null}},"type":"if","locations":[{"start":{"line":92,"column":2},"end":{"line":92,"column":null}},{"start":{},"end":{}}],"line":92},"3":{"loc":{"start":{"line":93,"column":2},"end":{"line":93,"column":null}},"type":"if","locations":[{"start":{"line":93,"column":2},"end":{"line":93,"column":null}},{"start":{},"end":{}}],"line":93},"4":{"loc":{"start":{"line":94,"column":2},"end":{"line":94,"column":null}},"type":"if","locations":[{"start":{"line":94,"column":2},"end":{"line":94,"column":null}},{"start":{},"end":{}}],"line":94},"5":{"loc":{"start":{"line":94,"column":6},"end":{"line":94,"column":55}},"type":"binary-expr","locations":[{"start":{"line":94,"column":6},"end":{"line":94,"column":23}},{"start":{"line":94,"column":23},"end":{"line":94,"column":55}}],"line":94},"6":{"loc":{"start":{"line":111,"column":4},"end":{"line":111,"column":null}},"type":"if","locations":[{"start":{"line":111,"column":4},"end":{"line":111,"column":null}},{"start":{},"end":{}}],"line":111},"7":{"loc":{"start":{"line":112,"column":4},"end":{"line":112,"column":null}},"type":"if","locations":[{"start":{"line":112,"column":4},"end":{"line":112,"column":null}},{"start":{},"end":{}}],"line":112},"8":{"loc":{"start":{"line":140,"column":2},"end":{"line":140,"column":null}},"type":"if","locations":[{"start":{"line":140,"column":2},"end":{"line":140,"column":null}},{"start":{},"end":{}}],"line":140},"9":{"loc":{"start":{"line":141,"column":2},"end":{"line":141,"column":null}},"type":"if","locations":[{"start":{"line":141,"column":2},"end":{"line":141,"column":null}},{"start":{},"end":{}}],"line":141},"10":{"loc":{"start":{"line":143,"column":2},"end":{"line":143,"column":null}},"type":"if","locations":[{"start":{"line":143,"column":2},"end":{"line":143,"column":null}},{"start":{},"end":{}}],"line":143},"11":{"loc":{"start":{"line":147,"column":2},"end":{"line":147,"column":null}},"type":"if","locations":[{"start":{"line":147,"column":2},"end":{"line":147,"column":null}},{"start":{},"end":{}}],"line":147},"12":{"loc":{"start":{"line":149,"column":2},"end":{"line":149,"column":null}},"type":"if","locations":[{"start":{"line":149,"column":2},"end":{"line":149,"column":null}},{"start":{},"end":{}}],"line":149},"13":{"loc":{"start":{"line":151,"column":2},"end":{"line":152,"column":null}},"type":"if","locations":[{"start":{"line":151,"column":2},"end":{"line":152,"column":null}},{"start":{},"end":{}}],"line":151},"14":{"loc":{"start":{"line":151,"column":6},"end":{"line":151,"column":54}},"type":"binary-expr","locations":[{"start":{"line":151,"column":6},"end":{"line":151,"column":29}},{"start":{"line":151,"column":33},"end":{"line":151,"column":54}}],"line":151}},"s":{"0":10,"1":10,"2":10,"3":0,"4":10,"5":10,"6":0,"7":0,"8":0,"9":0,"10":10,"11":10,"12":10,"13":0,"14":0,"15":0,"16":0,"17":0,"18":0,"19":10,"20":1,"21":1,"22":8,"23":8,"24":2,"25":6,"26":1,"27":5,"28":1,"29":4,"30":1,"31":10,"32":10,"33":10,"34":10,"35":8,"36":8,"37":0,"38":8,"39":4,"40":4,"41":10,"42":10,"43":10,"44":6,"45":10,"46":14,"47":14,"48":2,"49":12,"50":1,"51":11,"52":2,"53":9,"54":9,"55":1,"56":8,"57":2,"58":6,"59":1,"60":2,"61":5},"f":{"0":10,"1":10,"2":0,"3":0,"4":0,"5":0,"6":8,"7":10,"8":14,"9":2},"b":{"0":[0,0],"1":[0,0],"2":[2,6],"3":[1,5],"4":[1,4],"5":[5,5],"6":[0,8],"7":[4,4],"8":[2,12],"9":[1,11],"10":[2,9],"11":[1,8],"12":[2,6],"13":[1,5],"14":[6,1]},"meta":{"lastBranch":15,"lastFunction":10,"lastStatement":62,"seen":{"f:20:9:20:28":0,"s:21:74:21:76":0,"s:24:24:24:Infinity":1,"s:26:2:27:Infinity":2,"s:27:4:27:Infinity":3,"s:31:24:31:Infinity":4,"s:32:2:36:Infinity":5,"s:34:19:34:Infinity":6,"b:35:4:35:Infinity:undefined:undefined:undefined:undefined":0,"s:35:4:35:Infinity":7,"s:35:57:35:Infinity":8,"s:36:4:36:Infinity":9,"s:39:2:39:Infinity":10,"f:46:16:46:32":1,"s:47:22:47:49":11,"s:50:17:62:44":12,"f:51:5:51:10":2,"s:52:21:52:36":13,"s:53:12:53:49":14,"b:53:23:53:35:53:35:53:43":1,"s:54:6:59:Infinity":15,"f:61:5:61:13":3,"s:61:34:61:93":16,"f:61:38:61:48":4,"s:61:53:61:82":17,"f:62:5:62:11":5,"s:62:20:62:44":18,"s:64:2:64:Infinity":19,"s:68:20:68:Infinity":20,"s:80:25:80:74":21,"f:90:9:90:27":6,"s:91:19:91:72":22,"b:92:2:92:Infinity:undefined:undefined:undefined:undefined":2,"s:92:2:92:Infinity":23,"s:92:38:92:Infinity":24,"b:93:2:93:Infinity:undefined:undefined:undefined:undefined":3,"s:93:2:93:Infinity":25,"s:93:34:93:Infinity":26,"b:94:2:94:Infinity:undefined:undefined:undefined:undefined":4,"s:94:2:94:Infinity":27,"b:94:6:94:23:94:23:94:55":5,"s:94:55:94:Infinity":28,"s:95:2:95:Infinity":29,"s:99:23:99:Infinity":30,"f:101:16:101:29":7,"s:102:29:102:53":31,"s:104:25:104:27":32,"s:106:19:106:53":33,"s:108:2:113:Infinity":34,"s:109:16:109:Infinity":35,"b:111:4:111:Infinity:undefined:undefined:undefined:undefined":6,"s:111:4:111:Infinity":36,"s:111:27:111:Infinity":37,"b:112:4:112:Infinity:undefined:undefined:undefined:undefined":7,"s:112:4:112:Infinity":38,"s:112:49:112:Infinity":39,"s:113:4:113:Infinity":40,"s:117:42:117:44":41,"s:118:20:118:60":42,"s:119:2:120:Infinity":43,"s:120:4:120:Infinity":44,"s:123:2:123:Infinity":45,"f:137:16:137:35":8,"s:138:18:138:30":46,"b:140:2:140:Infinity:undefined:undefined:undefined:undefined":8,"s:140:2:140:Infinity":47,"s:140:26:140:Infinity":48,"b:141:2:141:Infinity:undefined:undefined:undefined:undefined":9,"s:141:2:141:Infinity":49,"s:141:27:141:Infinity":50,"b:143:2:143:Infinity:undefined:undefined:undefined:undefined":10,"s:143:2:143:Infinity":51,"s:143:43:143:Infinity":52,"s:146:20:146:55":53,"b:147:2:147:Infinity:undefined:undefined:undefined:undefined":11,"s:147:2:147:Infinity":54,"s:147:17:147:Infinity":55,"b:149:2:149:Infinity:undefined:undefined:undefined:undefined":12,"s:149:2:149:Infinity":56,"s:149:35:149:Infinity":57,"b:151:2:152:Infinity:undefined:undefined:undefined:undefined":13,"s:151:2:152:Infinity":58,"b:151:6:151:29:151:33:151:54":14,"s:152:4:152:Infinity":59,"f:152:43:152:47":9,"s:152:52:152:60":60,"s:155:2:155:Infinity":61}}}
}
